[2024-12-21 14:17:44] Starting auto-fix process...
[2024-12-21 14:17:44] No recognized errors found
[2024-12-21 14:17:44] No errors to fix.
[2024-12-21 14:17:44] Detecting error patterns...
[2024-12-21 14:17:45] No errors found in logs
[2024-12-21 14:18:53] Starting auto-fix process...
[2024-12-21 14:18:53] No recognized errors found
[2024-12-21 14:18:53] No errors to fix.
[2024-12-21 14:18:53] Detecting error patterns...
[2024-12-21 14:18:56] No errors found in logs
[2024-12-21 14:19:25] Starting auto-fix process...
[2024-12-21 14:19:25] No recognized errors found
[2024-12-21 14:19:25] No errors to fix.
[2024-12-21 14:19:25] Detecting error patterns...
[2024-12-21 14:19:27] No errors found in logs
[2024-12-21 14:19:59] Starting auto-fix process...
[2024-12-21 14:19:59] No recognized errors found
[2024-12-21 14:19:59] No errors to fix.
[2024-12-21 14:19:59] Detecting error patterns...
[2024-12-21 14:20:01] No errors found in logs
[2024-12-21 14:21:03] Starting auto-fix process...
[2024-12-21 14:21:03] No recognized errors found
[2024-12-21 14:21:03] No errors to fix.
[2024-12-21 14:21:03] Detecting error patterns...
[2024-12-21 14:21:05] No errors found in logs
[2024-12-21 14:21:41] Starting auto-fix process...
[2024-12-21 14:21:41] No recognized errors found
[2024-12-21 14:21:41] No errors to fix.
[2024-12-21 14:21:41] Detecting error patterns...
[2024-12-21 14:21:43] No errors found in logs
[2024-12-21 14:22:11] Starting auto-fix process...
[2024-12-21 14:22:11] No recognized errors found
[2024-12-21 14:22:11] No errors to fix.
[2024-12-21 14:22:11] Detecting error patterns...
[2024-12-21 14:22:13] No errors found in logs
[2024-12-21 14:23:37] Starting auto-fix process...
[2024-12-21 14:23:37] No recognized errors found
[2024-12-21 14:23:37] No errors to fix.
[2024-12-21 14:23:37] Detecting error patterns...
[2024-12-21 14:23:39] No errors found in logs
[2024-12-21 14:24:23] Starting auto-fix process...
[2024-12-21 14:24:23] No recognized errors found
[2024-12-21 14:24:23] No errors to fix.
[2024-12-21 14:24:23] Detecting error patterns...
[2024-12-21 14:24:25] No errors found in logs
[2024-12-21 14:25:35] Starting auto-fix process...
[2024-12-21 14:25:35] No recognized errors found
[2024-12-21 14:25:35] No errors to fix.
[2024-12-21 14:25:35] Detecting error patterns...
[2024-12-21 14:25:37] No errors found in logs
[2024-12-21 14:27:27] Starting auto-fix process...
[2024-12-21 14:27:27] Starting fix iteration 1 of 3
[2024-12-21 14:27:27] Running linting checks...
[2024-12-21 14:27:54] Found       14 error patterns
[2024-12-21 14:27:54] Processing error in ./docs/test_errors.md: MD022/blanks-around-headings - Headings should be surrounded by blank lines [Expected: 1; Actual: 0; Below] [Context: "# Test Document"]
[2024-12-21 14:27:54] No specific fix implemented for error code MD022/blanks-around-headings
[2024-12-21 14:27:54] Processing error in ./docs/test_errors.md: MD022/blanks-around-headings - Headings should be surrounded by blank lines [Expected: 1; Actual: 0; Above] [Context: "## Missing space after heading"]
[2024-12-21 14:27:54] No specific fix implemented for error code MD022/blanks-around-headings
[2024-12-21 14:27:54] Processing error in ./docs/test_errors.md: MD022/blanks-around-headings - Headings should be surrounded by blank lines [Expected: 1; Actual: 0; Below] [Context: "## Missing space after heading"]
[2024-12-21 14:27:54] No specific fix implemented for error code MD022/blanks-around-headings
[2024-12-21 14:27:54] Processing error in ./docs/test_errors.md: MD018/no-missing-space-atx - No space after hash on atx style heading [Context: "###Invalid heading"]
[2024-12-21 14:27:54] No specific fix implemented for error code MD018/no-missing-space-atx
[2024-12-21 14:27:54] Processing error in ./docs/test_errors.md: MD032/blanks-around-lists - Lists should be surrounded by blank lines [Context: "* Unordered list item"]
[2024-12-21 14:27:54] No specific fix implemented for error code MD032/blanks-around-lists
[2024-12-21 14:27:54] Processing error in ./docs/test_errors.md: MD032/blanks-around-lists - Lists should be surrounded by blank lines [Context: "1. Ordered list item"]
[2024-12-21 14:27:54] No specific fix implemented for error code MD032/blanks-around-lists
[2024-12-21 14:27:55] Processing error in ./docs/test_errors.md: MD029/ol-prefix - Ordered list item prefix [Expected: 1; Actual: 2; Style: 1/1/1]
[2024-12-21 14:27:55] No specific fix implemented for error code MD029/ol-prefix
[2024-12-21 14:27:55] Processing error in ./docs/test_errors.md: MD032/blanks-around-lists - Lists should be surrounded by blank lines [Context: "2) Invalid list marker"]
[2024-12-21 14:27:55] No specific fix implemented for error code MD032/blanks-around-lists
[2024-12-21 14:27:55] Processing error in ./docs/test_errors.md: MD032/blanks-around-lists - Lists should be surrounded by blank lines [Context: "2) Invalid list marker"]
[2024-12-21 14:27:55] No specific fix implemented for error code MD032/blanks-around-lists
[2024-12-21 14:27:55] Processing error in ./docs/test_errors.md: MD029/ol-prefix - Ordered list item prefix [Expected: 1; Actual: 3; Style: 1/1/1]
[2024-12-21 14:27:55] No specific fix implemented for error code MD029/ol-prefix
[2024-12-21 14:27:55] Processing error in ./docs/test_errors.md: MD032/blanks-around-lists - Lists should be surrounded by blank lines [Context: "3. Another item"]
[2024-12-21 14:27:55] No specific fix implemented for error code MD032/blanks-around-lists
[2024-12-21 14:27:55] Processing error in ./docs/test_errors.md: MD031/blanks-around-fences - Fenced code blocks should be surrounded by blank lines [Context: "```"]
[2024-12-21 14:27:55] No specific fix implemented for error code MD031/blanks-around-fences
[2024-12-21 14:27:55] Processing error in ./docs/test_errors.md: MD009/no-trailing-spaces - Trailing spaces [Expected: 0 or 2; Actual: 1]
[2024-12-21 14:27:55] No specific fix implemented for error code MD009/no-trailing-spaces
[2024-12-21 14:27:55] Processing error in ./docs/test_errors.md: MD047/single-trailing-newline - Files should end with a single newline character
[2024-12-21 14:27:55] No specific fix implemented for error code MD047/single-trailing-newline
[2024-12-21 14:27:55] Starting fix iteration 2 of 3
[2024-12-21 14:27:55] Running linting checks...
[2024-12-21 14:28:21] Found       40 error patterns
[2024-12-21 14:28:21] Not enough errors fixed in last iteration, stopping
[2024-12-21 14:28:21] Running linting checks...
[2024-12-21 14:28:46] Found       34 error patterns
[2024-12-21 14:28:46] Some errors remain after 3 iterations
[2024-12-21 14:29:45] Starting auto-fix process...
[2024-12-21 14:29:45] Starting fix iteration 1 of 3
[2024-12-21 14:29:45] Running linting checks...
[2024-12-21 14:30:13] Found       32 error patterns
[2024-12-21 14:30:13] Processing error in agent_directives.md: 1 - 1 MD029/ol-prefix Ordered list item prefix [Expected: 1; Actual: 4; Style: 1/1/1]
[2024-12-21 14:30:13] No specific fix implemented for error code 1
[2024-12-21 14:30:13] Processing error in agent_directives.md:87: MD024 - ./agent_directives.md:87 MD024/no-duplicate-heading Multiple headings with the same content [Context: "Rules for AI"]
[2024-12-21 14:30:13] Warning: File agent_directives.md:87 not found
[2024-12-21 14:30:13] Processing error in agent_directives.md:87: MD025 - ./agent_directives.md:87 MD025/single-title/single-h1 Multiple top-level headings in the same document [Context: "Rules for AI"]
[2024-12-21 14:30:13] Warning: File agent_directives.md:87 not found
[2024-12-21 14:30:13] Processing error in agent_directives.md:89: MD024 - ./agent_directives.md:89 MD024/no-duplicate-heading Multiple headings with the same content [Context: "Core Responsibilities"]
[2024-12-21 14:30:13] Warning: File agent_directives.md:89 not found
[2024-12-21 14:30:13] Processing error in agent_directives.md:95: MD024 - ./agent_directives.md:95 MD024/no-duplicate-heading Multiple headings with the same content [Context: "Script Management"]
[2024-12-21 14:30:13] Warning: File agent_directives.md:95 not found
[2024-12-21 14:30:13] Processing error in agent_directives.md:97: MD024 - ./agent_directives.md:97 MD024/no-duplicate-heading Multiple headings with the same content [Context: "Maintain and execute"]
[2024-12-21 14:30:13] Warning: File agent_directives.md:97 not found
[2024-12-21 14:30:13] Processing error in agent_directives.md:105: MD024 - ./agent_directives.md:105 MD024/no-duplicate-heading Multiple headings with the same content [Context: "Resource Management"]
[2024-12-21 14:30:13] Warning: File agent_directives.md:105 not found
[2024-12-21 14:30:13] Processing error in agent_directives.md:110: MD024 - ./agent_directives.md:110 MD024/no-duplicate-heading Multiple headings with the same content [Context: "Automation & Error Handling"]
[2024-12-21 14:30:13] Warning: File agent_directives.md:110 not found
[2024-12-21 14:30:13] Processing error in agent_directives.md:117: MD024 - ./agent_directives.md:117 MD024/no-duplicate-heading Multiple headings with the same content [Context: "Version Control & Testing"]
[2024-12-21 14:30:13] Warning: File agent_directives.md:117 not found
[2024-12-21 14:30:13] Processing error in agent_directives.md:123: MD024 - ./agent_directives.md:123 MD024/no-duplicate-heading Multiple headings with the same content [Context: "Documentation"]
[2024-12-21 14:30:13] Warning: File agent_directives.md:123 not found
[2024-12-21 14:30:13] Processing error in agent_directives.md:132: MD024 - ./agent_directives.md:132 MD024/no-duplicate-heading Multiple headings with the same content [Context: "Streamlit Deployment"]
[2024-12-21 14:30:13] Warning: File agent_directives.md:132 not found
[2024-12-21 14:30:13] Processing error in agent_directives.md:137: MD024 - ./agent_directives.md:137 MD024/no-duplicate-heading Multiple headings with the same content [Context: "Reliability and Optimisation"]
[2024-12-21 14:30:13] Warning: File agent_directives.md:137 not found
[2024-12-21 14:30:13] Processing error in agent_directives.md:142: MD024 - ./agent_directives.md:142 MD024/no-duplicate-heading Multiple headings with the same content [Context: "Optimal Workflow"]
[2024-12-21 14:30:13] Warning: File agent_directives.md:142 not found
[2024-12-21 14:30:13] Processing error in agent_directives.md:144: MD024 - ./agent_directives.md:144 MD024/no-duplicate-heading Multiple headings with the same content [Context: "For a New Project"]
[2024-12-21 14:30:13] Warning: File agent_directives.md:144 not found
[2024-12-21 14:30:13] Processing error in agent_directives.md: 2 - 2 MD029/ol-prefix Ordered list item prefix [Expected: 1; Actual: 2; Style: 1/1/1]
[2024-12-21 14:30:13] No specific fix implemented for error code 2
[2024-12-21 14:30:13] Processing error in agent_directives.md: 2 - 2 MD029/ol-prefix Ordered list item prefix [Expected: 1; Actual: 3; Style: 1/1/1]
[2024-12-21 14:30:13] No specific fix implemented for error code 2
[2024-12-21 14:30:13] Processing error in agent_directives.md: 1 - 1 MD029/ol-prefix Ordered list item prefix [Expected: 1; Actual: 4; Style: 1/1/1]
[2024-12-21 14:30:13] No specific fix implemented for error code 1
[2024-12-21 14:30:13] Processing error in agent_directives.md:168: MD024 - ./agent_directives.md:168 MD024/no-duplicate-heading Multiple headings with the same content [Context: "For Ongoing Maintenance"]
[2024-12-21 14:30:13] Warning: File agent_directives.md:168 not found
[2024-12-21 14:30:13] Processing error in docs/test_errors.md:1: MD022 - ./docs/test_errors.md:1 MD022/blanks-around-headings Headings should be surrounded by blank lines [Expected: 1; Actual: 0; Below] [Context: "# Test Document"]
[2024-12-21 14:30:13] Warning: File docs/test_errors.md:1 not found
[2024-12-21 14:30:13] Processing error in docs/test_errors.md:2: MD022 - ./docs/test_errors.md:2 MD022/blanks-around-headings Headings should be surrounded by blank lines [Expected: 1; Actual: 0; Above] [Context: "## Missing space after heading"]
[2024-12-21 14:30:13] Warning: File docs/test_errors.md:2 not found
[2024-12-21 14:30:13] Processing error in docs/test_errors.md:2: MD022 - ./docs/test_errors.md:2 MD022/blanks-around-headings Headings should be surrounded by blank lines [Expected: 1; Actual: 0; Below] [Context: "## Missing space after heading"]
[2024-12-21 14:30:13] Warning: File docs/test_errors.md:2 not found
[2024-12-21 14:30:13] Processing error in docs/test_errors.md: 1 - 1 MD018/no-missing-space-atx No space after hash on atx style heading [Context: "###Invalid heading"]
[2024-12-21 14:30:13] No specific fix implemented for error code 1
[2024-12-21 14:30:13] Processing error in docs/test_errors.md:4: MD032 - ./docs/test_errors.md:4 MD032/blanks-around-lists Lists should be surrounded by blank lines [Context: "* Unordered list item"]
[2024-12-21 14:30:13] Warning: File docs/test_errors.md:4 not found
[2024-12-21 14:30:13] Processing error in docs/test_errors.md:8: MD032 - ./docs/test_errors.md:8 MD032/blanks-around-lists Lists should be surrounded by blank lines [Context: "1. Ordered list item"]
[2024-12-21 14:30:13] Warning: File docs/test_errors.md:8 not found
[2024-12-21 14:30:13] Processing error in docs/test_errors.md: 1 - 1 MD029/ol-prefix Ordered list item prefix [Expected: 1; Actual: 2; Style: 1/1/1]
[2024-12-21 14:30:13] No specific fix implemented for error code 1
[2024-12-21 14:30:13] Processing error in docs/test_errors.md:9: MD032 - ./docs/test_errors.md:9 MD032/blanks-around-lists Lists should be surrounded by blank lines [Context: "2) Invalid list marker"]
[2024-12-21 14:30:13] Warning: File docs/test_errors.md:9 not found
[2024-12-21 14:30:13] Processing error in docs/test_errors.md:9: MD032 - ./docs/test_errors.md:9 MD032/blanks-around-lists Lists should be surrounded by blank lines [Context: "2) Invalid list marker"]
[2024-12-21 14:30:13] Warning: File docs/test_errors.md:9 not found
[2024-12-21 14:30:13] Processing error in docs/test_errors.md: 1 - 1 MD029/ol-prefix Ordered list item prefix [Expected: 1; Actual: 3; Style: 1/1/1]
[2024-12-21 14:30:13] No specific fix implemented for error code 1
[2024-12-21 14:30:13] Processing error in docs/test_errors.md:10: MD032 - ./docs/test_errors.md:10 MD032/blanks-around-lists Lists should be surrounded by blank lines [Context: "3. Another item"]
[2024-12-21 14:30:13] Warning: File docs/test_errors.md:10 not found
[2024-12-21 14:30:13] Processing error in docs/test_errors.md:18: MD031 - ./docs/test_errors.md:18 MD031/blanks-around-fences Fenced code blocks should be surrounded by blank lines [Context: "```"]
[2024-12-21 14:30:13] Warning: File docs/test_errors.md:18 not found
[2024-12-21 14:30:13] Processing error in docs/test_errors.md: 26 - 26 MD009/no-trailing-spaces Trailing spaces [Expected: 0 or 2; Actual: 1]
[2024-12-21 14:30:13] No specific fix implemented for error code 26
[2024-12-21 14:30:13] Processing error in docs/test_errors.md: 26 - 26 MD047/single-trailing-newline Files should end with a single newline character
[2024-12-21 14:30:13] No specific fix implemented for error code 26
[2024-12-21 14:30:13] Starting fix iteration 2 of 3
[2024-12-21 14:30:13] Running linting checks...
[2024-12-21 14:30:40] Found       14 error patterns
[2024-12-21 14:30:40] Processing error in docs/test_errors.md:1: MD022 - ./docs/test_errors.md:1 MD022/blanks-around-headings Headings should be surrounded by blank lines [Expected: 1; Actual: 0; Below] [Context: "# Test Document"]
[2024-12-21 14:30:40] Warning: File docs/test_errors.md:1 not found
[2024-12-21 14:30:40] Processing error in docs/test_errors.md:2: MD022 - ./docs/test_errors.md:2 MD022/blanks-around-headings Headings should be surrounded by blank lines [Expected: 1; Actual: 0; Above] [Context: "## Missing space after heading"]
[2024-12-21 14:30:40] Warning: File docs/test_errors.md:2 not found
[2024-12-21 14:30:40] Processing error in docs/test_errors.md:2: MD022 - ./docs/test_errors.md:2 MD022/blanks-around-headings Headings should be surrounded by blank lines [Expected: 1; Actual: 0; Below] [Context: "## Missing space after heading"]
[2024-12-21 14:30:40] Warning: File docs/test_errors.md:2 not found
[2024-12-21 14:30:40] Processing error in docs/test_errors.md: 1 - 1 MD018/no-missing-space-atx No space after hash on atx style heading [Context: "###Invalid heading"]
[2024-12-21 14:30:40] No specific fix implemented for error code 1
[2024-12-21 14:30:40] Processing error in docs/test_errors.md:4: MD032 - ./docs/test_errors.md:4 MD032/blanks-around-lists Lists should be surrounded by blank lines [Context: "* Unordered list item"]
[2024-12-21 14:30:40] Warning: File docs/test_errors.md:4 not found
[2024-12-21 14:30:40] Processing error in docs/test_errors.md:8: MD032 - ./docs/test_errors.md:8 MD032/blanks-around-lists Lists should be surrounded by blank lines [Context: "1. Ordered list item"]
[2024-12-21 14:30:40] Warning: File docs/test_errors.md:8 not found
[2024-12-21 14:30:40] Processing error in docs/test_errors.md: 1 - 1 MD029/ol-prefix Ordered list item prefix [Expected: 1; Actual: 2; Style: 1/1/1]
[2024-12-21 14:30:40] No specific fix implemented for error code 1
[2024-12-21 14:30:40] Processing error in docs/test_errors.md:9: MD032 - ./docs/test_errors.md:9 MD032/blanks-around-lists Lists should be surrounded by blank lines [Context: "2) Invalid list marker"]
[2024-12-21 14:30:40] Warning: File docs/test_errors.md:9 not found
[2024-12-21 14:30:40] Processing error in docs/test_errors.md:9: MD032 - ./docs/test_errors.md:9 MD032/blanks-around-lists Lists should be surrounded by blank lines [Context: "2) Invalid list marker"]
[2024-12-21 14:30:40] Warning: File docs/test_errors.md:9 not found
[2024-12-21 14:30:40] Processing error in docs/test_errors.md: 1 - 1 MD029/ol-prefix Ordered list item prefix [Expected: 1; Actual: 3; Style: 1/1/1]
[2024-12-21 14:30:40] No specific fix implemented for error code 1
[2024-12-21 14:30:40] Processing error in docs/test_errors.md:10: MD032 - ./docs/test_errors.md:10 MD032/blanks-around-lists Lists should be surrounded by blank lines [Context: "3. Another item"]
[2024-12-21 14:30:40] Warning: File docs/test_errors.md:10 not found
[2024-12-21 14:30:40] Processing error in docs/test_errors.md:18: MD031 - ./docs/test_errors.md:18 MD031/blanks-around-fences Fenced code blocks should be surrounded by blank lines [Context: "```"]
[2024-12-21 14:30:40] Warning: File docs/test_errors.md:18 not found
[2024-12-21 14:30:40] Processing error in docs/test_errors.md: 26 - 26 MD009/no-trailing-spaces Trailing spaces [Expected: 0 or 2; Actual: 1]
[2024-12-21 14:30:40] No specific fix implemented for error code 26
[2024-12-21 14:30:40] Processing error in docs/test_errors.md: 26 - 26 MD047/single-trailing-newline Files should end with a single newline character
[2024-12-21 14:30:40] No specific fix implemented for error code 26
[2024-12-21 14:30:40] Starting fix iteration 3 of 3
[2024-12-21 14:30:40] Running linting checks...
[2024-12-21 14:31:06] Found       14 error patterns
[2024-12-21 14:31:06] Not enough errors fixed in last iteration, stopping
[2024-12-21 14:31:06] Running linting checks...
[2024-12-21 14:31:31] Found       14 error patterns
[2024-12-21 14:31:31] Some errors remain after 3 iterations
[2024-12-21 14:32:52] Starting auto-fix process...
[2024-12-21 14:32:52] Starting fix iteration 1 of 3
[2024-12-21 14:32:52] Running linting checks...
[2024-12-21 14:33:20] Found       14 error patterns
[2024-12-21 14:33:20] Processing error in docs/test_errors.md: MD022 - ./docs/test_errors.md:1 MD022/blanks-around-headings Headings should be surrounded by blank lines [Expected: 1; Actual: 0; Below] [Context: "# Test Document"]
[2024-12-21 14:33:20] Fixing blank lines around heading in docs/test_errors.md at line 1
[2024-12-21 14:33:20] Processing error in docs/test_errors.md: MD022 - ./docs/test_errors.md:2 MD022/blanks-around-headings Headings should be surrounded by blank lines [Expected: 1; Actual: 0; Above] [Context: "## Missing space after heading"]
[2024-12-21 14:33:20] Fixing blank lines around heading in docs/test_errors.md at line 2
[2024-12-21 14:33:20] Processing error in docs/test_errors.md: MD022 - ./docs/test_errors.md:2 MD022/blanks-around-headings Headings should be surrounded by blank lines [Expected: 1; Actual: 0; Below] [Context: "## Missing space after heading"]
[2024-12-21 14:33:20] Fixing blank lines around heading in docs/test_errors.md at line 2
[2024-12-21 14:33:20] Processing error in docs/test_errors.md: 1 - 1 MD018/no-missing-space-atx No space after hash on atx style heading [Context: "###Invalid heading"]
[2024-12-21 14:33:20] Fixing space after hash in heading in docs/test_errors.md at line 3
[2024-12-21 14:33:20] Processing error in docs/test_errors.md: MD032 - ./docs/test_errors.md:4 MD032/blanks-around-lists Lists should be surrounded by blank lines [Context: "* Unordered list item"]
[2024-12-21 14:33:20] Fixing blank lines around list in docs/test_errors.md at line 4
[2024-12-21 14:33:20] Processing error in docs/test_errors.md: MD032 - ./docs/test_errors.md:8 MD032/blanks-around-lists Lists should be surrounded by blank lines [Context: "1. Ordered list item"]
[2024-12-21 14:33:20] Fixing blank lines around list in docs/test_errors.md at line 8
[2024-12-21 14:33:20] Processing error in docs/test_errors.md: 1 - 1 MD029/ol-prefix Ordered list item prefix [Expected: 1; Actual: 2; Style: 1/1/1]
[2024-12-21 14:33:20] Fixing ordered list prefix in docs/test_errors.md at line 9
[2024-12-21 14:33:20] Processing error in docs/test_errors.md: MD032 - ./docs/test_errors.md:9 MD032/blanks-around-lists Lists should be surrounded by blank lines [Context: "2) Invalid list marker"]
[2024-12-21 14:33:20] Fixing blank lines around list in docs/test_errors.md at line 9
[2024-12-21 14:33:20] Processing error in docs/test_errors.md: MD032 - ./docs/test_errors.md:9 MD032/blanks-around-lists Lists should be surrounded by blank lines [Context: "2) Invalid list marker"]
[2024-12-21 14:33:20] Fixing blank lines around list in docs/test_errors.md at line 9
[2024-12-21 14:33:20] Processing error in docs/test_errors.md: 1 - 1 MD029/ol-prefix Ordered list item prefix [Expected: 1; Actual: 3; Style: 1/1/1]
[2024-12-21 14:33:20] Fixing ordered list prefix in docs/test_errors.md at line 10
[2024-12-21 14:33:20] Processing error in docs/test_errors.md: MD032 - ./docs/test_errors.md:10 MD032/blanks-around-lists Lists should be surrounded by blank lines [Context: "3. Another item"]
[2024-12-21 14:33:20] Fixing blank lines around list in docs/test_errors.md at line 10
[2024-12-21 14:33:20] Processing error in docs/test_errors.md: MD031 - ./docs/test_errors.md:18 MD031/blanks-around-fences Fenced code blocks should be surrounded by blank lines [Context: "```"]
[2024-12-21 14:33:20] Fixing blank lines around code block in docs/test_errors.md at line 18
[2024-12-21 14:33:20] Processing error in docs/test_errors.md: 26 - 26 MD009/no-trailing-spaces Trailing spaces [Expected: 0 or 2; Actual: 1]
[2024-12-21 14:33:20] Fixing trailing spaces in docs/test_errors.md at line 19
[2024-12-21 14:33:20] Processing error in docs/test_errors.md: 26 - 26 MD047/single-trailing-newline Files should end with a single newline character
[2024-12-21 14:33:20] Adding newline at end of docs/test_errors.md
[2024-12-21 14:33:20] Starting fix iteration 2 of 3
[2024-12-21 14:33:20] Running linting checks...
[2024-12-21 14:33:46] Found       12 error patterns
[2024-12-21 14:33:46] Processing error in docs/test_errors.md: MD022 - ./docs/test_errors.md:1 MD022/blanks-around-headings Headings should be surrounded by blank lines [Expected: 1; Actual: 0; Below] [Context: "# Test Document"]
[2024-12-21 14:33:46] Fixing blank lines around heading in docs/test_errors.md at line 1
[2024-12-21 14:33:46] Processing error in docs/test_errors.md: MD022 - ./docs/test_errors.md:2 MD022/blanks-around-headings Headings should be surrounded by blank lines [Expected: 1; Actual: 0; Above] [Context: "## Missing space after heading"]
[2024-12-21 14:33:46] Fixing blank lines around heading in docs/test_errors.md at line 2
[2024-12-21 14:33:46] Processing error in docs/test_errors.md: MD022 - ./docs/test_errors.md:2 MD022/blanks-around-headings Headings should be surrounded by blank lines [Expected: 1; Actual: 0; Below] [Context: "## Missing space after heading"]
[2024-12-21 14:33:46] Fixing blank lines around heading in docs/test_errors.md at line 2
[2024-12-21 14:33:46] Processing error in docs/test_errors.md: 1 - 1 MD018/no-missing-space-atx No space after hash on atx style heading [Context: "###Invalid heading"]
[2024-12-21 14:33:46] Fixing space after hash in heading in docs/test_errors.md at line 3
[2024-12-21 14:33:46] Processing error in docs/test_errors.md: MD032 - ./docs/test_errors.md:4 MD032/blanks-around-lists Lists should be surrounded by blank lines [Context: "* Unordered list item"]
[2024-12-21 14:33:46] Fixing blank lines around list in docs/test_errors.md at line 4
[2024-12-21 14:33:46] Processing error in docs/test_errors.md: MD032 - ./docs/test_errors.md:8 MD032/blanks-around-lists Lists should be surrounded by blank lines [Context: "1. Ordered list item"]
[2024-12-21 14:33:46] Fixing blank lines around list in docs/test_errors.md at line 8
[2024-12-21 14:33:46] Processing error in docs/test_errors.md: 1 - 1 MD029/ol-prefix Ordered list item prefix [Expected: 1; Actual: 2; Style: 1/1/1]
[2024-12-21 14:33:46] Fixing ordered list prefix in docs/test_errors.md at line 9
[2024-12-21 14:33:46] Processing error in docs/test_errors.md: MD032 - ./docs/test_errors.md:9 MD032/blanks-around-lists Lists should be surrounded by blank lines [Context: "2) Invalid list marker"]
[2024-12-21 14:33:46] Fixing blank lines around list in docs/test_errors.md at line 9
[2024-12-21 14:33:46] Processing error in docs/test_errors.md: MD032 - ./docs/test_errors.md:9 MD032/blanks-around-lists Lists should be surrounded by blank lines [Context: "2) Invalid list marker"]
[2024-12-21 14:33:46] Fixing blank lines around list in docs/test_errors.md at line 9
[2024-12-21 14:33:46] Processing error in docs/test_errors.md: 1 - 1 MD029/ol-prefix Ordered list item prefix [Expected: 1; Actual: 3; Style: 1/1/1]
[2024-12-21 14:33:46] Fixing ordered list prefix in docs/test_errors.md at line 10
[2024-12-21 14:33:46] Processing error in docs/test_errors.md: MD032 - ./docs/test_errors.md:10 MD032/blanks-around-lists Lists should be surrounded by blank lines [Context: "3. Another item"]
[2024-12-21 14:33:46] Fixing blank lines around list in docs/test_errors.md at line 10
[2024-12-21 14:33:46] Processing error in docs/test_errors.md: MD031 - ./docs/test_errors.md:18 MD031/blanks-around-fences Fenced code blocks should be surrounded by blank lines [Context: "```"]
[2024-12-21 14:33:46] Fixing blank lines around code block in docs/test_errors.md at line 18
[2024-12-21 14:33:46] Starting fix iteration 3 of 3
[2024-12-21 14:33:46] Running linting checks...
[2024-12-21 14:34:12] Found       12 error patterns
[2024-12-21 14:34:12] Not enough errors fixed in last iteration, stopping
[2024-12-21 14:34:12] Running linting checks...
[2024-12-21 14:34:38] Found       12 error patterns
[2024-12-21 14:34:38] Some errors remain after 3 iterations
[2024-12-21 14:36:06] Starting auto-fix process...
[2024-12-21 14:36:06] Starting fix iteration 1 of 3
[2024-12-21 14:36:06] Running linting checks...
[2024-12-21 14:36:32] Found       12 error patterns
[2024-12-21 14:36:32] Processing error in docs/test_errors.md: MD022 - ./docs/test_errors.md:1 MD022/blanks-around-headings Headings should be surrounded by blank lines [Expected: 1; Actual: 0; Below] [Context: "# Test Document"]
[2024-12-21 14:36:32] Fixing blank lines around heading in docs/test_errors.md at line 1
[2024-12-21 14:36:32] Processing error in docs/test_errors.md: MD022 - ./docs/test_errors.md:2 MD022/blanks-around-headings Headings should be surrounded by blank lines [Expected: 1; Actual: 0; Above] [Context: "## Missing space after heading"]
[2024-12-21 14:36:32] Fixing blank lines around heading in docs/test_errors.md at line 2
[2024-12-21 14:36:32] Processing error in docs/test_errors.md: MD022 - ./docs/test_errors.md:2 MD022/blanks-around-headings Headings should be surrounded by blank lines [Expected: 1; Actual: 0; Below] [Context: "## Missing space after heading"]
[2024-12-21 14:36:32] Fixing blank lines around heading in docs/test_errors.md at line 2
[2024-12-21 14:36:32] Processing error in docs/test_errors.md: 1 - 1 MD018/no-missing-space-atx No space after hash on atx style heading [Context: "###Invalid heading"]
[2024-12-21 14:36:32] Fixing space after hash in heading in docs/test_errors.md at line 3
[2024-12-21 14:36:32] Processing error in docs/test_errors.md: MD032 - ./docs/test_errors.md:4 MD032/blanks-around-lists Lists should be surrounded by blank lines [Context: "* Unordered list item"]
[2024-12-21 14:36:32] Fixing blank lines around list in docs/test_errors.md at line 4
[2024-12-21 14:36:32] Processing error in docs/test_errors.md: MD032 - ./docs/test_errors.md:8 MD032/blanks-around-lists Lists should be surrounded by blank lines [Context: "1. Ordered list item"]
[2024-12-21 14:36:32] Fixing blank lines around list in docs/test_errors.md at line 8
[2024-12-21 14:36:32] Processing error in docs/test_errors.md: 1 - 1 MD029/ol-prefix Ordered list item prefix [Expected: 1; Actual: 2; Style: 1/1/1]
[2024-12-21 14:36:32] Fixing ordered list prefix in docs/test_errors.md at line 9
[2024-12-21 14:36:32] Processing error in docs/test_errors.md: MD032 - ./docs/test_errors.md:9 MD032/blanks-around-lists Lists should be surrounded by blank lines [Context: "2) Invalid list marker"]
[2024-12-21 14:36:32] Fixing blank lines around list in docs/test_errors.md at line 9
[2024-12-21 14:36:32] Processing error in docs/test_errors.md: MD032 - ./docs/test_errors.md:9 MD032/blanks-around-lists Lists should be surrounded by blank lines [Context: "2) Invalid list marker"]
[2024-12-21 14:36:32] Fixing blank lines around list in docs/test_errors.md at line 9
[2024-12-21 14:36:32] Processing error in docs/test_errors.md: 1 - 1 MD029/ol-prefix Ordered list item prefix [Expected: 1; Actual: 3; Style: 1/1/1]
[2024-12-21 14:36:32] Fixing ordered list prefix in docs/test_errors.md at line 10
[2024-12-21 14:36:32] Processing error in docs/test_errors.md: MD032 - ./docs/test_errors.md:10 MD032/blanks-around-lists Lists should be surrounded by blank lines [Context: "3. Another item"]
[2024-12-21 14:36:32] Fixing blank lines around list in docs/test_errors.md at line 10
[2024-12-21 14:36:32] Processing error in docs/test_errors.md: MD031 - ./docs/test_errors.md:18 MD031/blanks-around-fences Fenced code blocks should be surrounded by blank lines [Context: "```"]
[2024-12-21 14:36:32] Fixing blank lines around code block in docs/test_errors.md at line 18
[2024-12-21 14:36:32] Starting fix iteration 2 of 3
[2024-12-21 14:36:32] Running linting checks...
[2024-12-21 14:36:44] Starting auto-fix process...
[2024-12-21 14:36:44] Starting fix iteration 1 of 3
[2024-12-21 14:36:44] Running linting checks...
[2024-12-21 14:36:59] Found       12 error patterns
[2024-12-21 14:36:59] Not enough errors fixed in last iteration, stopping
[2024-12-21 14:36:59] Running linting checks...
[2024-12-21 14:37:13] Found       34 error patterns
[2024-12-21 14:37:13] Processing error in src/test_errors.py: 0 - 0 trailing-whitespace/Trailing whitespace
[2024-12-21 14:37:13] No specific fix implemented for error code 
[2024-12-21 14:37:13] Processing error in src/test_errors.py: 0 - 0 trailing-whitespace/Trailing whitespace
[2024-12-21 14:37:13] No specific fix implemented for error code 
[2024-12-21 14:37:13] Processing error in src/test_errors.py: 0 - 0 trailing-whitespace/Trailing whitespace
[2024-12-21 14:37:13] No specific fix implemented for error code 
[2024-12-21 14:37:13] Processing error in src/test_errors.py: 0 - 0 missing-final-newline/Final newline missing
[2024-12-21 14:37:13] No specific fix implemented for error code 
[2024-12-21 14:37:13] Processing error in src/test_errors.py: 17 - 17 unused-argument/Unused argument 'data'
[2024-12-21 14:37:13] No specific fix implemented for error code 
[2024-12-21 14:37:13] Processing error in src/test_errors.py: 4 - 4 unused-variable/Unused variable 'x'
[2024-12-21 14:37:13] No specific fix implemented for error code 
[2024-12-21 14:37:13] Processing error in src/test_errors.py: 4 - 4 unused-variable/Unused variable 'editor'
[2024-12-21 14:37:13] No specific fix implemented for error code 
[2024-12-21 14:37:13] Processing error in src/test_errors.py: 0 - 0 unused-import/Unused import os
[2024-12-21 14:37:13] No specific fix implemented for error code 
[2024-12-21 14:37:13] Processing error in src/test_errors.py: 0 - 0 unused-import/Unused import sys
[2024-12-21 14:37:13] No specific fix implemented for error code 
[2024-12-21 14:37:13] Processing error in src/write_a_book/test_errors.py: 0 - 0 trailing-whitespace/Trailing whitespace
[2024-12-21 14:37:13] No specific fix implemented for error code 
[2024-12-21 14:37:13] Processing error in src/write_a_book/test_errors.py: 0 - 0 trailing-whitespace/Trailing whitespace
[2024-12-21 14:37:13] No specific fix implemented for error code 
[2024-12-21 14:37:13] Processing error in src/write_a_book/test_errors.py: 0 - 0 trailing-whitespace/Trailing whitespace
[2024-12-21 14:37:13] No specific fix implemented for error code 
[2024-12-21 14:37:13] Processing error in src/write_a_book/test_errors.py: 0 - 0 missing-final-newline/Final newline missing
[2024-12-21 14:37:13] No specific fix implemented for error code 
[2024-12-21 14:37:13] Processing error in src/write_a_book/test_errors.py: 0 - 0 multiple-imports/Multiple imports on one line (sys, os)
[2024-12-21 14:37:13] No specific fix implemented for error code 
[2024-12-21 14:37:13] Processing error in src/write_a_book/test_errors.py: 17 - 17 unused-argument/Unused argument 'data'
[2024-12-21 14:37:13] No specific fix implemented for error code 
[2024-12-21 14:37:13] Processing error in src/write_a_book/test_errors.py: 4 - 4 unused-variable/Unused variable 'x'
[2024-12-21 14:37:13] No specific fix implemented for error code 
[2024-12-21 14:37:13] Processing error in src/write_a_book/test_errors.py: 4 - 4 unused-variable/Unused variable 'editor'
[2024-12-21 14:37:13] No specific fix implemented for error code 
[2024-12-21 14:37:13] Processing error in src/write_a_book/test_errors.py: 0 - 0 unused-import/Unused import sys
[2024-12-21 14:37:13] No specific fix implemented for error code 
[2024-12-21 14:37:13] Processing error in src/write_a_book/test_errors.py: 0 - 0 unused-import/Unused import os
[2024-12-21 14:37:13] No specific fix implemented for error code 
[2024-12-21 14:37:13] Processing error in src/write_a_book/test_errors.py: 0 - 0 unused-import/Unused datetime imported from datetime
[2024-12-21 14:37:13] No specific fix implemented for error code 
[2024-12-21 14:37:13] Processing error in src/write_a_book/test_errors.py: 0 - 0 unused-import/Unused date imported from datetime
[2024-12-21 14:37:13] No specific fix implemented for error code 
[2024-12-21 14:37:13] Processing error in src/write_a_book/__init__.py: 0 - 0 missing-final-newline/Final newline missing
[2024-12-21 14:37:13] No specific fix implemented for error code 
[2024-12-21 14:37:13] Processing error in docs/test_errors.md: 1 - 1 MD022/./docs/test_errors.md:1 MD022/blanks-around-headings Headings should be surrounded by blank lines [Expected: 1; Actual: 0; Below] [Context: "# Test Document"]
[2024-12-21 14:37:13] Fixing blank lines around heading in docs/test_errors.md at line 1
[2024-12-21 14:37:13] Processing error in docs/test_errors.md: 1 - 1 MD022/./docs/test_errors.md:2 MD022/blanks-around-headings Headings should be surrounded by blank lines [Expected: 1; Actual: 0; Above] [Context: "## Missing space after heading"]
[2024-12-21 14:37:13] Fixing blank lines around heading in docs/test_errors.md at line 2
[2024-12-21 14:37:13] Processing error in docs/test_errors.md: 1 - 1 MD022/./docs/test_errors.md:2 MD022/blanks-around-headings Headings should be surrounded by blank lines [Expected: 1; Actual: 0; Below] [Context: "## Missing space after heading"]
[2024-12-21 14:37:13] Fixing blank lines around heading in docs/test_errors.md at line 2
[2024-12-21 14:37:13] Processing error in docs/test_errors.md: 1 - 1 MD018/./docs/test_errors.md:3:1 MD018/no-missing-space-atx No space after hash on atx style heading [Context: "###Invalid heading"]
[2024-12-21 14:37:13] Fixing space after hash in heading in docs/test_errors.md at line 3
[2024-12-21 14:37:13] Processing error in docs/test_errors.md: 1 - 1 MD032/./docs/test_errors.md:4 MD032/blanks-around-lists Lists should be surrounded by blank lines [Context: "* Unordered list item"]
[2024-12-21 14:37:13] Fixing blank lines around list in docs/test_errors.md at line 4
[2024-12-21 14:37:13] Processing error in docs/test_errors.md: 1 - 1 MD032/./docs/test_errors.md:8 MD032/blanks-around-lists Lists should be surrounded by blank lines [Context: "1. Ordered list item"]
[2024-12-21 14:37:13] Fixing blank lines around list in docs/test_errors.md at line 8
[2024-12-21 14:37:13] Processing error in docs/test_errors.md: 1 - 1 MD029/./docs/test_errors.md:9:1 MD029/ol-prefix Ordered list item prefix [Expected: 1; Actual: 2; Style: 1/1/1]
[2024-12-21 14:37:13] Fixing ordered list prefix in docs/test_errors.md at line 9
[2024-12-21 14:37:13] Processing error in docs/test_errors.md: 1 - 1 MD032/./docs/test_errors.md:9 MD032/blanks-around-lists Lists should be surrounded by blank lines [Context: "2) Invalid list marker"]
[2024-12-21 14:37:13] Fixing blank lines around list in docs/test_errors.md at line 9
[2024-12-21 14:37:13] Processing error in docs/test_errors.md: 1 - 1 MD032/./docs/test_errors.md:9 MD032/blanks-around-lists Lists should be surrounded by blank lines [Context: "2) Invalid list marker"]
[2024-12-21 14:37:13] Fixing blank lines around list in docs/test_errors.md at line 9
[2024-12-21 14:37:13] Processing error in docs/test_errors.md: 1 - 1 MD029/./docs/test_errors.md:10:1 MD029/ol-prefix Ordered list item prefix [Expected: 1; Actual: 3; Style: 1/1/1]
[2024-12-21 14:37:13] Fixing ordered list prefix in docs/test_errors.md at line 10
[2024-12-21 14:37:13] Processing error in docs/test_errors.md: 1 - 1 MD032/./docs/test_errors.md:10 MD032/blanks-around-lists Lists should be surrounded by blank lines [Context: "3. Another item"]
[2024-12-21 14:37:13] Fixing blank lines around list in docs/test_errors.md at line 10
[2024-12-21 14:37:13] Processing error in docs/test_errors.md: 1 - 1 MD031/./docs/test_errors.md:18 MD031/blanks-around-fences Fenced code blocks should be surrounded by blank lines [Context: "```"]
[2024-12-21 14:37:13] Fixing blank lines around code block in docs/test_errors.md at line 18
[2024-12-21 14:37:13] Starting fix iteration 2 of 3
[2024-12-21 14:37:13] Running linting checks...
[2024-12-21 14:37:27] Found       12 error patterns
[2024-12-21 14:37:27] Some errors remain after 3 iterations
[2024-12-21 14:37:39] Found       34 error patterns
[2024-12-21 14:37:39] Not enough errors fixed in last iteration, stopping
[2024-12-21 14:37:39] Running linting checks...
[2024-12-21 14:38:04] Found       34 error patterns
[2024-12-21 14:38:04] Some errors remain after 3 iterations
[2024-12-21 14:40:00] Starting auto-fix process...
[2024-12-21 14:40:00] Starting fix iteration 1 of 3
[2024-12-21 14:40:00] Running linting checks...
[2024-12-21 14:40:26] Found       34 error patterns
[2024-12-21 14:40:26] Processing error in src/test_errors.py: 0 - 0 trailing-whitespace/Trailing whitespace
[] No specific fix implemented for error code 
[2024-12-21 14:42:17] Processing error in src/test_errors.py: 0 - 0 trailing-whitespace/Trailing whitespace
[] No specific fix implemented for error code 
[2024-12-21 14:44:07] Processing error in src/test_errors.py: 0 - 0 trailing-whitespace/Trailing whitespace
[2024-12-21 14:44:33] Starting auto-fix process...
[2024-12-21 14:44:33] Starting fix iteration 1 of 3
[2024-12-21 14:44:33] Running linting checks...
[2024-12-21 14:45:06] Found       34 error patterns
[2024-12-21 14:45:06] Processing error in src/test_errors.py: 0 - 0 trailing-whitespace/Trailing whitespace
[2024-12-21 14:47:17] Starting auto-fix process...
[2024-12-21 14:47:17] Starting fix iteration 1 of 3
[2024-12-21 14:47:17] Running linting checks...
[2024-12-21 14:47:44] Found       17 error patterns
[2024-12-21 14:47:44] Processing error in src/test_errors.py: 0 - 0 trailing-whitespace/Trailing whitespace
[2024-12-21 14:47:46] Starting auto-fix process...
[2024-12-21 14:47:46] Starting fix iteration 1 of 3
[2024-12-21 14:47:46] Running linting checks...
[2024-12-21 14:48:13] Starting auto-fix process...
[2024-12-21 14:48:13] Starting fix iteration 1 of 3
[2024-12-21 14:48:13] Running linting checks...
[2024-12-21 14:48:19] Starting auto-fix process...
[2024-12-21 14:48:19] Starting fix iteration 1 of 3
[2024-12-21 14:48:19] Running linting checks...
[2024-12-21 14:48:42] Found       17 error patterns
[2024-12-21 14:48:42] Processing error in src/test_errors.py: 0 - 0 trailing-whitespace/Trailing whitespace
[2024-12-21 14:48:47] No errors found
[2024-12-21 14:48:47] No errors found, stopping
[2024-12-21 14:48:47] Running linting checks...
[2024-12-21 14:49:11] No errors found
[2024-12-21 14:49:11] All fixes completed successfully!
[2024-12-21 14:50:10] Starting auto-fix process...
[2024-12-21 14:50:10] Starting fix iteration 1 of 3
[2024-12-21 14:50:10] Running linting checks...
[2024-12-21 14:50:34] No errors found
[2024-12-21 14:50:34] No errors found, stopping
[2024-12-21 14:50:34] Running linting checks...
[2024-12-21 14:50:59] No errors found
[2024-12-21 14:50:59] All fixes completed successfully!
[2024-12-21 14:51:28] Starting auto-fix process...
[2024-12-21 14:51:28] Starting fix iteration 1 of 3
[2024-12-21 14:51:28] Running linting checks...
[2024-12-21 14:51:59] No errors found
[2024-12-21 14:51:59] No errors found, stopping
[2024-12-21 14:51:59] Running linting checks...
[2024-12-21 14:52:24] No errors found
[2024-12-21 14:52:24] All fixes completed successfully!
[2024-12-21 14:52:34] Starting auto-fix process...
[2024-12-21 14:52:34] Starting fix iteration 1 of 3
[2024-12-21 14:52:34] Running linting checks...
[2024-12-21 14:52:56] Starting auto-fix process...
[2024-12-21 14:52:56] Starting fix iteration 1 of 3
[2024-12-21 14:52:56] Running linting checks...
[2024-12-21 14:53:02] No errors found
[2024-12-21 14:53:02] No errors found, stopping
[2024-12-21 14:53:02] Running linting checks...
[2024-12-21 14:53:27] No errors found
[2024-12-21 14:53:27] All fixes completed successfully!
[2024-12-21 14:53:58] Starting auto-fix process...
[2024-12-21 14:53:58] Starting fix iteration 1 of 3
[2024-12-21 14:53:58] Running linting checks...
[2024-12-21 14:56:14] Starting auto-fix process...
[2024-12-21 14:56:14] Starting fix iteration 1 of 3
[2024-12-21 14:56:14] Running linting checks...
[2024-12-21 14:56:39] Found       49 error patterns
[2024-12-21 14:56:39] Processing error in tests/test_core_editor_extended.py: 14 - 14 too-many-function-args/Too many positional arguments for constructor call
[2024-12-21 14:56:39] No specific fix implemented for error code 
[2024-12-21 14:56:39] Processing error in tests/test_core_editor_extended.py: 17 - 17 too-many-function-args/Too many positional arguments for constructor call
[2024-12-21 14:56:39] No specific fix implemented for error code 
[2024-12-21 14:56:39] Processing error in tests/test_core_editor_extended.py: 15 - 15 no-member/Instance of 'Editor' has no 'autosave_enabled' member
[2024-12-21 14:56:39] No specific fix implemented for error code 
[2024-12-21 14:56:39] Processing error in tests/test_core_editor.py: 11 - 11 too-many-function-args/Too many positional arguments for constructor call
[2024-12-21 14:56:39] No specific fix implemented for error code 
[2024-12-21 14:56:39] Processing error in tests/test_core_editor.py: 11 - 11 unexpected-keyword-arg/Unexpected keyword argument 'content' in constructor call
[2024-12-21 14:56:39] No specific fix implemented for error code 
[2024-12-21 14:56:39] Processing error in tests/test_core_editor.py: 10 - 10 unexpected-keyword-arg/Unexpected keyword argument 'content' in constructor call
[2024-12-21 14:56:39] No specific fix implemented for error code 
[2024-12-21 14:56:39] Processing error in tests/test_core_editor.py: 11 - 11 no-member/Instance of 'Document' has no 'title' member
[2024-12-21 14:56:39] No specific fix implemented for error code 
[2024-12-21 14:56:39] Processing error in tests/test_core_editor.py: 11 - 11 no-member/Instance of 'Document' has no 'word_count' member
[2024-12-21 14:56:39] No specific fix implemented for error code 
[2024-12-21 14:56:39] Processing error in tests/test_core_editor.py: 11 - 11 no-member/Instance of 'Document' has no 'format' member
[2024-12-21 14:56:39] No specific fix implemented for error code 
[2024-12-21 14:56:39] Processing error in tests/test_core_editor.py: 22 - 22 no-member/Instance of 'Document' has no 'created_at' member
[2024-12-21 14:56:39] No specific fix implemented for error code 
[2024-12-21 14:56:39] Processing error in tests/test_core_editor.py: 22 - 22 no-member/Instance of 'Document' has no 'updated_at' member
[2024-12-21 14:56:39] No specific fix implemented for error code 
[2024-12-21 14:56:39] Processing error in tests/test_core_editor.py: 10 - 10 unexpected-keyword-arg/Unexpected keyword argument 'content' in constructor call
[2024-12-21 14:56:39] No specific fix implemented for error code 
[2024-12-21 14:56:39] Processing error in tests/test_core_editor.py: 20 - 20 no-member/Instance of 'Document' has no 'updated_at' member
[2024-12-21 14:56:39] No specific fix implemented for error code 
[2024-12-21 14:56:39] Processing error in tests/test_core_editor.py: 4 - 4 no-member/Instance of 'Document' has no 'update_content' member
[2024-12-21 14:56:39] No specific fix implemented for error code 
[2024-12-21 14:56:39] Processing error in tests/test_core_editor.py: 11 - 11 no-member/Instance of 'Document' has no 'word_count' member
[2024-12-21 14:56:39] No specific fix implemented for error code 
[2024-12-21 14:56:39] Processing error in tests/test_core_editor.py: 11 - 11 no-member/Instance of 'Document' has no 'updated_at' member
[2024-12-21 14:56:39] No specific fix implemented for error code 
[2024-12-21 14:56:39] Processing error in tests/test_core_editor.py: 14 - 14 no-member/Instance of 'Document' has no 'get_revision_history' member
[2024-12-21 14:56:39] No specific fix implemented for error code 
[2024-12-21 14:56:39] Processing error in tests/test_core_editor.py: 10 - 10 unexpected-keyword-arg/Unexpected keyword argument 'content' in constructor call
[2024-12-21 14:56:39] No specific fix implemented for error code 
[2024-12-21 14:56:39] Processing error in tests/test_core_editor.py: 11 - 11 no-member/Instance of 'Document' has no 'get_html' member
[2024-12-21 14:56:39] No specific fix implemented for error code 
[2024-12-21 14:56:39] Processing error in tests/test_core_editor.py: 15 - 15 unexpected-keyword-arg/Unexpected keyword argument 'content' in constructor call
[2024-12-21 14:56:39] No specific fix implemented for error code 
[2024-12-21 14:56:39] Processing error in tests/test_core_editor.py: 11 - 11 no-member/Instance of 'Document' has no 'to_dict' member
[2024-12-21 14:56:39] No specific fix implemented for error code 
[2024-12-21 14:56:39] Processing error in tests/test_core_editor.py: 15 - 15 no-member/Class 'Document' has no 'from_dict' member
[2024-12-21 14:56:39] No specific fix implemented for error code 
[2024-12-21 14:56:39] Processing error in tests/test_core_editor.py: 29 - 29 no-member/Instance of 'Document' has no 'title' member
[2024-12-21 14:56:39] No specific fix implemented for error code 
[2024-12-21 14:56:39] Processing error in tests/test_core_editor.py: 34 - 34 no-member/Instance of 'Document' has no 'word_count' member
[2024-12-21 14:56:39] No specific fix implemented for error code 
[2024-12-21 14:56:39] Processing error in tests/test_core_editor.py: 30 - 30 no-member/Instance of 'Document' has no 'format' member
[2024-12-21 14:56:39] No specific fix implemented for error code 
[2024-12-21 14:56:39] Processing error in tests/test_core_editor.py: 10 - 10 unexpected-keyword-arg/Unexpected keyword argument 'content' in constructor call
[2024-12-21 14:56:39] No specific fix implemented for error code 
[2024-12-21 14:56:39] Processing error in tests/test_core_editor.py: 4 - 4 no-member/Instance of 'Document' has no 'set_format' member
[2024-12-21 14:56:39] No specific fix implemented for error code 
[2024-12-21 14:56:39] Processing error in tests/test_core_editor.py: 11 - 11 no-member/Instance of 'Document' has no 'get_html' member
[2024-12-21 14:56:39] No specific fix implemented for error code 
[2024-12-21 14:56:39] Processing error in tests/test_core_editor.py: 18 - 18 no-member/Instance of 'Document' has no 'get_cached_html' member
[2024-12-21 14:56:39] No specific fix implemented for error code 
[2024-12-21 14:56:39] Processing error in tests/test_core_editor.py: 4 - 4 no-member/Instance of 'Document' has no 'update_content' member
[2024-12-21 14:56:39] No specific fix implemented for error code 
[2024-12-21 14:56:39] Processing error in tests/test_core_editor.py: 11 - 11 no-member/Instance of 'Document' has no 'get_cached_html' member
[2024-12-21 14:56:39] No specific fix implemented for error code 
[2024-12-21 14:56:39] Processing error in tests/test_core_editor.py: 11 - 11 no-member/Instance of 'Document' has no 'title' member
[2024-12-21 14:56:39] No specific fix implemented for error code 
[2024-12-21 14:56:39] Processing error in tests/test_core_editor.py: 11 - 11 no-member/Instance of 'Document' has no 'word_count' member
[2024-12-21 14:56:39] No specific fix implemented for error code 
[2024-12-21 14:56:39] Processing error in tests/test_core_editor.py: 12 - 12 no-member/Instance of 'Editor' has no 'analyze_text' member
[2024-12-21 14:56:39] No specific fix implemented for error code 
[2024-12-21 14:56:39] Processing error in tests/test_core_editor.py: 12 - 12 too-many-function-args/Too many positional arguments for constructor call
[2024-12-21 14:56:40] No specific fix implemented for error code 
[2024-12-21 14:56:40] Processing error in tests/test_core_editor.py: 10 - 10 no-member/Class 'Document' has no 'from_dict' member
[2024-12-21 14:56:40] No specific fix implemented for error code 
[2024-12-21 14:56:40] Processing error in tests/test_core_editor.py: 10 - 10 no-member/Class 'Document' has no 'from_dict' member
[2024-12-21 14:56:40] No specific fix implemented for error code 
[2024-12-21 14:56:40] Processing error in tests/test_core_editor.py: 10 - 10 unexpected-keyword-arg/Unexpected keyword argument 'content' in constructor call
[2024-12-21 14:56:40] No specific fix implemented for error code 
[2024-12-21 14:56:40] Processing error in tests/test_core_editor.py: 4 - 4 no-member/Instance of 'Document' has no 'set_created_at' member
[2024-12-21 14:56:40] No specific fix implemented for error code 
[2024-12-21 14:56:40] Processing error in tests/test_core_editor.py: 4 - 4 no-member/Instance of 'Document' has no 'set_updated_at' member
[2024-12-21 14:56:40] No specific fix implemented for error code 
[2024-12-21 14:56:40] Processing error in tests/test_core_editor.py: 11 - 11 no-member/Instance of 'Document' has no 'to_dict' member
[2024-12-21 14:56:40] No specific fix implemented for error code 
[2024-12-21 14:56:40] Processing error in src/book_editor/core/template.py: 0 - 0 trailing-whitespace/Trailing whitespace
[2024-12-21 14:58:50] Starting auto-fix process...
[2024-12-21 14:58:50] Starting fix iteration 1 of 3
[2024-12-21 14:58:50] Running linting checks...
[2024-12-21 14:59:18] Found       22 error patterns
[2024-12-21 14:59:18] Processing error in tests/test_core_editor_extended.py: 0 - 0 trailing-whitespace/Trailing whitespace
[] No specific fix implemented for error code 
[2024-12-21 15:01:13] Processing error in tests/test_core_editor_extended.py: 0 - 0 trailing-whitespace/Trailing whitespace
[] No specific fix implemented for error code 
[2024-12-21 15:03:10] Processing error in tests/test_core_editor_extended.py: 0 - 0 trailing-whitespace/Trailing whitespace
[] No specific fix implemented for error code 
[2024-12-21 15:05:16] Processing error in tests/test_core_editor_extended.py: 0 - 0 trailing-whitespace/Trailing whitespace
[] No specific fix implemented for error code 
[2024-12-21 15:07:19] Processing error in tests/test_core_editor_extended.py: 0 - 0 trailing-whitespace/Trailing whitespace
[] No specific fix implemented for error code 
[2024-12-21 15:09:22] Processing error in tests/test_core_editor_extended.py: 0 - 0 trailing-whitespace/Trailing whitespace
[] No specific fix implemented for error code 
[2024-12-21 15:11:24] Processing error in tests/test_core_editor_extended.py: 0 - 0 trailing-whitespace/Trailing whitespace
[] No specific fix implemented for error code 
[2024-12-21 15:13:27] Processing error in tests/test_core_editor_extended.py: 0 - 0 trailing-whitespace/Trailing whitespace
[] No specific fix implemented for error code 
[2024-12-21 15:15:28] Processing error in tests/test_core_editor_extended.py: 0 - 0 trailing-whitespace/Trailing whitespace
[] No specific fix implemented for error code 
[2024-12-21 15:17:31] Processing error in tests/test_core_editor_extended.py: 0 - 0 trailing-whitespace/Trailing whitespace
[] No specific fix implemented for error code 
[2024-12-21 15:19:38] Processing error in tests/test_core_editor_extended.py: 0 - 0 trailing-whitespace/Trailing whitespace
[] No specific fix implemented for error code 
[2024-12-21 15:21:50] Processing error in tests/test_core_editor_extended.py: 0 - 0 trailing-whitespace/Trailing whitespace
[] No specific fix implemented for error code 
[2024-12-21 15:23:49] Processing error in tests/test_core_editor_extended.py: 4 - 4 import-outside-toplevel/Import outside toplevel (time)
[2024-12-21 15:23:49] No specific fix implemented for error code 
[2024-12-21 15:23:49] Processing error in tests/test_core_editor.py: 0 - 0 trailing-whitespace/Trailing whitespace
[] No specific fix implemented for error code 
[2024-12-21 15:25:59] Processing error in src/book_editor/core/template.py: 0 - 0 trailing-whitespace/Trailing whitespace
[] No specific fix implemented for error code 
[2024-12-21 15:28:00] Processing error in src/book_editor/core/template.py: 0 - 0 trailing-whitespace/Trailing whitespace
[] No specific fix implemented for error code 
[2024-12-21 15:30:05] Processing error in src/book_editor/core/template.py: 0 - 0 trailing-whitespace/Trailing whitespace
[] No specific fix implemented for error code 
[2024-12-21 15:32:11] Processing error in src/book_editor/core/template.py: 0 - 0 trailing-whitespace/Trailing whitespace
[] No specific fix implemented for error code 
[2024-12-21 15:34:31] Processing error in src/book_editor/core/template.py: 0 - 0 unused-import/Unused Union imported from typing
[2024-12-21 15:34:31] Fixing unused import in src/book_editor/core/template.py at line 10
[2024-12-21 15:34:31] Processing error in src/book_editor/core/editor.py: 4 - 4 arguments-renamed/Parameter 'o' has been renamed to 'obj' in overriding 'DateTimeEncoder.default' method
[2024-12-21 15:34:31] No specific fix implemented for error code 
[2024-12-21 15:34:31] Processing error in src/book_editor/app/core/editor.py: 19 - 19 unexpected-keyword-arg/Unexpected keyword argument 'content' in constructor call
[2024-12-21 15:34:31] No specific fix implemented for error code 
[2024-12-21 15:34:31] Processing error in src/book_editor/app/core/editor.py: 12 - 12 no-member/Instance of 'Document' has no 'update_content' member
[2024-12-21 15:34:31] No specific fix implemented for error code 
[2024-12-21 15:34:31] Starting fix iteration 2 of 3
[2024-12-21 15:34:31] Running linting checks...
[2024-12-21 15:34:54] Found       22 error patterns
[2024-12-21 15:34:54] Not enough errors fixed in last iteration, stopping
[2024-12-21 15:34:54] Running linting checks...
[2024-12-21 15:35:17] Found       22 error patterns
[2024-12-21 15:35:17] Some errors remain after 3 iterations
[2024-12-21 15:43:08] Starting auto-fix process...
[2024-12-21 15:43:08] Starting fix iteration 1 of 3
[2024-12-21 15:43:08] Running linting checks...
[2024-12-21 15:43:33] Found       21 error patterns
[2024-12-21 15:43:33] Processing error in tests/test_core_editor_extended.py: 0 - 0 trailing-whitespace/Trailing whitespace
[] No specific fix implemented for error code 
[2024-12-21 15:45:28] Processing error in tests/test_core_editor_extended.py: 0 - 0 trailing-whitespace/Trailing whitespace
[] No specific fix implemented for error code 
[2024-12-21 15:47:25] Processing error in tests/test_core_editor_extended.py: 0 - 0 trailing-whitespace/Trailing whitespace
[] No specific fix implemented for error code 
[2024-12-21 15:49:22] Processing error in tests/test_core_editor_extended.py: 0 - 0 trailing-whitespace/Trailing whitespace
[] No specific fix implemented for error code 
[2024-12-21 15:51:34] Processing error in tests/test_core_editor_extended.py: 0 - 0 trailing-whitespace/Trailing whitespace
[] No specific fix implemented for error code 
[2024-12-21 15:53:32] Processing error in tests/test_core_editor_extended.py: 0 - 0 trailing-whitespace/Trailing whitespace
[] No specific fix implemented for error code 
[2024-12-21 15:55:35] Processing error in tests/test_core_editor_extended.py: 0 - 0 trailing-whitespace/Trailing whitespace
[] No specific fix implemented for error code 
[2024-12-21 15:57:51] Processing error in tests/test_core_editor_extended.py: 0 - 0 trailing-whitespace/Trailing whitespace
[] No specific fix implemented for error code 
[2024-12-21 15:59:58] Processing error in tests/test_core_editor_extended.py: 0 - 0 trailing-whitespace/Trailing whitespace
[] No specific fix implemented for error code 
[2024-12-21 16:02:06] Processing error in tests/test_core_editor_extended.py: 0 - 0 trailing-whitespace/Trailing whitespace
[] No specific fix implemented for error code 
[2024-12-21 16:04:17] Processing error in tests/test_core_editor_extended.py: 0 - 0 trailing-whitespace/Trailing whitespace
[] No specific fix implemented for error code 
[2024-12-21 16:06:27] Processing error in tests/test_core_editor_extended.py: 0 - 0 trailing-whitespace/Trailing whitespace
[] No specific fix implemented for error code 
[2024-12-21 16:08:35] Processing error in tests/test_core_editor.py: 0 - 0 trailing-whitespace/Trailing whitespace
[] No specific fix implemented for error code 
[2024-12-21 16:10:50] Processing error in src/book_editor/core/template.py: 0 - 0 trailing-whitespace/Trailing whitespace
[] No specific fix implemented for error code 
[2024-12-21 16:21:46] Processing error in src/book_editor/core/template.py: 0 - 0 trailing-whitespace/Trailing whitespace
[] No specific fix implemented for error code 
[2024-12-21 16:24:52] Processing error in src/book_editor/core/template.py: 0 - 0 trailing-whitespace/Trailing whitespace
[] No specific fix implemented for error code 
[2024-12-21 16:27:54] Processing error in src/book_editor/core/template.py: 0 - 0 trailing-whitespace/Trailing whitespace
[] No specific fix implemented for error code 
[2024-12-21 16:30:55] Processing error in src/book_editor/core/template.py: 0 - 0 unused-import/Unused Union imported from typing
[2024-12-21 16:30:55] Fixing unused import in src/book_editor/core/template.py at line 10
[2024-12-21 16:30:55] Processing error in src/book_editor/core/editor.py: 0 - 0 trailing-whitespace/Trailing whitespace
[] No specific fix implemented for error code 
[2024-12-21 16:34:00] Processing error in src/book_editor/core/editor.py: 0 - 0 trailing-whitespace/Trailing whitespace
[] No specific fix implemented for error code 
[2024-12-21 16:37:10] Processing error in src/book_editor/core/editor.py: 4 - 4 arguments-renamed/Parameter 'o' has been renamed to 'obj' in overriding 'DateTimeEncoder.default' method
[2024-12-21 16:37:10] No specific fix implemented for error code 
[2024-12-21 16:37:10] Starting fix iteration 2 of 3
[2024-12-21 16:37:10] Running linting checks...
[2024-12-21 16:37:48] Found       21 error patterns
[2024-12-21 16:37:48] Not enough errors fixed in last iteration, stopping
[2024-12-21 16:37:48] Running linting checks...
[2024-12-21 16:38:25] Found       21 error patterns
[2024-12-21 16:38:25] Some errors remain after 3 iterations
[2024-12-22 13:14:10] Starting auto-fix process...
[2024-12-22 13:14:10] Starting fix iteration 1 of 3
[2024-12-22 13:14:10] Running linting checks...
[2024-12-22 13:14:48] Found       19 error patterns
[2024-12-22 13:14:48] Processing error in tests/test_core_editor_extended.py: 0 - 0 trailing-whitespace/Trailing whitespace
[] No specific fix implemented for error code 
[2024-12-22 13:17:42] Processing error in tests/test_core_editor_extended.py: 0 - 0 trailing-whitespace/Trailing whitespace
[2024-12-22 13:21:07] Starting auto-fix process...
[2024-12-22 13:21:07] Starting fix iteration 1 of 3
[2024-12-22 13:21:07] Running linting checks...
[2024-12-22 13:21:44] Found       19 error patterns
[2024-12-22 13:21:45] Processing error in tests/test_core_editor_extended.py: 0 - 0 trailing-whitespace/Trailing whitespace
[] No specific fix implemented for error code 
[2024-12-22 13:24:35] Processing error in tests/test_core_editor_extended.py: 0 - 0 trailing-whitespace/Trailing whitespace
[2024-12-22 13:27:19] Starting auto-fix process...
[2024-12-22 13:27:19] Starting fix iteration 1 of 3
[2024-12-22 13:27:19] Running linting checks...
[2024-12-22 13:27:56] Found       16 error patterns
[2024-12-22 13:27:56] Processing error in tests/test_core_editor_extended.py: 0 - 0 trailing-whitespace/Trailing whitespace
[2024-12-22 13:28:24] Starting auto-fix process...
[2024-12-22 13:28:24] Starting fix iteration 1 of 3
[2024-12-22 13:28:24] Running linting checks...
[2024-12-22 13:29:02] Found        4 error patterns
[2024-12-22 13:29:02] Processing error in tests/test_core_editor.py: 0 - 0 trailing-whitespace/Trailing whitespace
[2024-12-22 13:29:59] Starting auto-fix process...
[2024-12-22 13:29:59] Starting fix iteration 1 of 3
[2024-12-22 13:29:59] Running linting checks...
[2024-12-22 13:30:37] Found        3 error patterns
[2024-12-22 13:30:37] Processing error in src/book_editor/core/editor.py: 0 - 0 trailing-whitespace/Trailing whitespace
[2024-12-22 13:33:23] Starting auto-fix process...
[2024-12-22 13:33:23] Starting fix iteration 1 of 3
[2024-12-22 13:33:23] Running linting checks...
[2024-12-22 13:34:00] Found        1 error patterns
[2024-12-22 13:34:01] Processing error in src/book_editor/core/editor.py: 4 - 4 arguments-renamed/Parameter 'o' has been renamed to 'obj' in overriding 'DateTimeEncoder.default' method
[2024-12-22 13:34:01] No specific fix implemented for error code 
[2024-12-22 13:34:01] Starting fix iteration 2 of 3
[2024-12-22 13:34:01] Running linting checks...
[2024-12-22 13:34:40] Found        1 error patterns
[2024-12-22 13:34:40] Not enough errors fixed in last iteration, stopping
[2024-12-22 13:34:40] Running linting checks...
[2024-12-22 13:35:17] Found        1 error patterns
[2024-12-22 13:35:17] Some errors remain after 3 iterations
[2024-12-22 13:39:38] Starting auto-fix process...
[2024-12-22 13:39:38] Starting fix iteration 1 of 3
[2024-12-22 13:39:38] Running linting checks...
[2024-12-22 13:40:16] No errors found
[2024-12-22 13:40:16] No errors found, stopping
[2024-12-22 13:40:16] Running linting checks...
[2024-12-22 13:40:53] No errors found
[2024-12-22 13:40:53] All fixes completed successfully!
[2024-12-22 13:41:46] Starting auto-fix process...
[2024-12-22 13:41:46] Starting fix iteration 1 of 3
[2024-12-22 13:41:46] Running linting checks...
[2024-12-22 13:45:52] Starting auto-fix process...
[2024-12-22 13:45:52] Starting fix iteration 1 of 3
[2024-12-22 13:45:52] Running linting checks...
[2024-12-22 13:46:33] No errors found
[2024-12-22 13:46:33] No errors found, stopping
[2024-12-22 13:46:33] Running linting checks...
[2024-12-22 13:47:11] No errors found
[2024-12-22 13:47:11] All fixes completed successfully!
[2024-12-22 13:48:01] Starting auto-fix process...
[2024-12-22 13:48:01] Starting fix iteration 1 of 3
[2024-12-22 13:48:01] Running linting checks...
[2024-12-22 13:50:59] Starting auto-fix process...
[2024-12-22 13:50:59] Starting fix iteration 1 of 3
[2024-12-22 13:50:59] Running linting checks...
[2024-12-22 13:51:39] Found        1 error patterns
[2024-12-22 13:51:39] Processing error in src/book_editor/app/core/editor.py: 8 - 8 attribute-defined-outside-init/Attribute 'current_template' defined outside __init__
[2024-12-22 13:51:39] No specific fix implemented for error code 
[2024-12-22 13:51:39] Starting fix iteration 2 of 3
[2024-12-22 13:51:39] Running linting checks...
[2024-12-22 13:52:19] Found        1 error patterns
[2024-12-22 13:52:19] Not enough errors fixed in last iteration, stopping
[2024-12-22 13:52:19] Running linting checks...
[2024-12-22 13:52:57] Found        1 error patterns
[2024-12-22 13:52:57] Some errors remain after 3 iterations
[2024-12-22 13:53:29] Starting auto-fix process...
[2024-12-22 13:53:29] Starting fix iteration 1 of 3
[2024-12-22 13:53:29] Running linting checks...
[2024-12-22 13:54:09] No errors found
[2024-12-22 13:54:09] No errors found, stopping
[2024-12-22 13:54:09] Running linting checks...
[2024-12-22 13:54:48] No errors found
[2024-12-22 13:54:48] All fixes completed successfully!
[2024-12-22 13:55:43] Starting auto-fix process...
[2024-12-22 13:55:43] Starting fix iteration 1 of 3
[2024-12-22 13:55:43] Running linting checks...
[2024-12-22 13:58:54] Starting auto-fix process...
[2024-12-22 13:58:54] Starting fix iteration 1 of 3
[2024-12-22 13:58:54] Running linting checks...
[2024-12-22 13:59:34] No errors found
[2024-12-22 13:59:34] No errors found, stopping
[2024-12-22 13:59:34] Running linting checks...
[2024-12-22 14:00:14] No errors found
[2024-12-22 14:00:14] All fixes completed successfully!
[2024-12-22 14:01:06] Starting auto-fix process...
[2024-12-22 14:01:06] Starting fix iteration 1 of 3
[2024-12-22 14:01:06] Running linting checks...
[2024-12-22 14:04:14] Starting auto-fix process...
[2024-12-22 14:04:14] Starting fix iteration 1 of 3
[2024-12-22 14:04:14] Running linting checks...
[2024-12-22 14:04:56] No errors found
[2024-12-22 14:04:56] No errors found, stopping
[2024-12-22 14:04:56] Running linting checks...
[2024-12-22 14:05:39] No errors found
[2024-12-22 14:05:39] All fixes completed successfully!
[2024-12-22 14:06:38] Starting auto-fix process...
[2024-12-22 14:06:38] Starting fix iteration 1 of 3
[2024-12-22 14:06:38] Running linting checks...
[2024-12-22 14:07:21] No errors found
[2024-12-22 14:07:21] No errors found, stopping
[2024-12-22 14:07:21] Running linting checks...
[2024-12-22 14:08:03] No errors found
[2024-12-22 14:08:03] All fixes completed successfully!
[2024-12-22 14:08:48] Starting auto-fix process...
[2024-12-22 14:08:48] Starting fix iteration 1 of 3
[2024-12-22 14:08:48] Running linting checks...
[2024-12-22 14:09:28] No errors found
[2024-12-22 14:09:28] No errors found, stopping
[2024-12-22 14:09:28] Running linting checks...
[2024-12-22 14:10:07] No errors found
[2024-12-22 14:10:07] All fixes completed successfully!
[2024-12-22 14:10:55] Starting auto-fix process...
[2024-12-22 14:10:55] Starting fix iteration 1 of 3
[2024-12-22 14:10:55] Running linting checks...
[2024-12-22 14:11:35] No errors found
[2024-12-22 14:11:35] No errors found, stopping
[2024-12-22 14:11:35] Running linting checks...
[2024-12-22 14:12:16] No errors found
[2024-12-22 14:12:16] All fixes completed successfully!
[2024-12-22 14:13:01] Starting auto-fix process...
[2024-12-22 14:13:01] Starting fix iteration 1 of 3
[2024-12-22 14:13:01] Running linting checks...
[2024-12-22 14:13:40] No errors found
[2024-12-22 14:13:40] No errors found, stopping
[2024-12-22 14:13:40] Running linting checks...
[2024-12-22 14:14:22] No errors found
[2024-12-22 14:14:22] All fixes completed successfully!
[2024-12-22 14:15:08] Starting auto-fix process...
[2024-12-22 14:15:08] Starting fix iteration 1 of 3
[2024-12-22 14:15:08] Running linting checks...
[2024-12-22 14:15:49] No errors found
[2024-12-22 14:15:49] No errors found, stopping
[2024-12-22 14:15:49] Running linting checks...
[2024-12-22 14:16:29] No errors found
[2024-12-22 14:16:29] All fixes completed successfully!
[2024-12-22 14:17:15] Starting auto-fix process...
[2024-12-22 14:17:15] Starting fix iteration 1 of 3
[2024-12-22 14:17:15] Running linting checks...
[2024-12-22 14:17:55] No errors found
[2024-12-22 14:17:55] No errors found, stopping
[2024-12-22 14:17:55] Running linting checks...
[2024-12-22 14:18:35] No errors found
[2024-12-22 14:18:35] All fixes completed successfully!
[2024-12-22 14:19:21] Starting auto-fix process...
[2024-12-22 14:19:21] Starting fix iteration 1 of 3
[2024-12-22 14:19:21] Running linting checks...
[2024-12-22 14:20:00] No errors found
[2024-12-22 14:20:00] No errors found, stopping
[2024-12-22 14:20:00] Running linting checks...
[2024-12-22 14:20:38] No errors found
[2024-12-22 14:20:38] All fixes completed successfully!
[2024-12-22 14:21:22] Starting auto-fix process...
[2024-12-22 14:21:22] Starting fix iteration 1 of 3
[2024-12-22 14:21:22] Running linting checks...
[2024-12-22 14:22:01] No errors found
[2024-12-22 14:22:01] No errors found, stopping
[2024-12-22 14:22:01] Running linting checks...
[2024-12-22 14:22:42] No errors found
[2024-12-22 14:22:42] All fixes completed successfully!
[2024-12-22 14:23:27] Starting auto-fix process...
[2024-12-22 14:23:27] Starting fix iteration 1 of 3
[2024-12-22 14:23:27] Running linting checks...
[2024-12-22 14:24:10] No errors found
[2024-12-22 14:24:10] No errors found, stopping
[2024-12-22 14:24:10] Running linting checks...
[2024-12-22 14:24:49] No errors found
[2024-12-22 14:24:49] All fixes completed successfully!
[2024-12-22 14:25:36] Starting auto-fix process...
[2024-12-22 14:25:36] Starting fix iteration 1 of 3
[2024-12-22 14:25:36] Running linting checks...
[2024-12-22 14:37:25] [INFO] Starting auto-fix process...
[2024-12-22 14:37:25] [INFO] Starting auto-fix process...
[2024-12-22 14:37:25] [INFO] Starting fix iteration 1 of 3
[2024-12-22 14:37:25] [Running linting checks...] 
[2024-12-22 14:37:56] [INFO] Starting auto-fix process...
[2024-12-22 14:37:56] [INFO] Starting auto-fix process...
[2024-12-22 14:37:56] [INFO] Starting fix iteration 1 of 3
[2024-12-22 14:37:56] [Running linting checks...] 
[2024-12-22 14:38:11] [No errors found] 
[2024-12-22 14:38:11] [INFO] No errors found, stopping
[2024-12-22 14:38:11] [INFO] Processing completed in 0 seconds
[2024-12-22 14:38:11] [Running linting checks...] 
[2024-12-22 14:38:42] [No errors found] 
[2024-12-22 14:38:42] [INFO] No errors found, stopping
[2024-12-22 14:38:42] [INFO] Processing completed in 0 seconds
[2024-12-22 14:38:43] [Running linting checks...] 
[2024-12-22 14:39:16] [INFO] Starting auto-fix process...
[2024-12-22 14:39:16] [INFO] Starting auto-fix process...
[2024-12-22 14:39:16] [INFO] Starting fix iteration 1 of 3
[2024-12-22 14:39:16] [Running linting checks...] 
[2024-12-22 14:39:21] [INFO] Starting auto-fix process...
[2024-12-22 14:39:21] [INFO] Starting auto-fix process...
[2024-12-22 14:39:21] [INFO] Starting fix iteration 1 of 3
[2024-12-22 14:39:21] [Running linting checks...] 
[2024-12-22 14:40:21] [INFO] Starting auto-fix process...
[2024-12-22 14:40:21] [INFO] Starting auto-fix process...
[2024-12-22 14:40:21] [INFO] Starting fix iteration 1 of 3
[2024-12-22 14:40:21] [Running linting checks...] 
[2024-12-22 14:40:26] [INFO] Starting auto-fix process...
[2024-12-22 14:40:26] [INFO] Starting auto-fix process...
[2024-12-22 14:40:26] [INFO] Starting fix iteration 1 of 3
[2024-12-22 14:40:26] [Running linting checks...] 
[2024-12-22 14:41:04] [No errors found] 
[2024-12-22 14:41:04] [INFO] No errors found, stopping
[2024-12-22 14:41:08] [INFO] Processing completed in 4 seconds
[2024-12-22 14:41:08] [Running linting checks...] 
[2024-12-22 14:41:10] [No errors found] 
[2024-12-22 14:41:10] [INFO] No errors found, stopping
[2024-12-22 14:41:13] [INFO] Processing completed in 3 seconds
[2024-12-22 14:41:13] [Running linting checks...] 
[2024-12-22 14:41:56] [No errors found] 
[2024-12-22 14:41:56] [INFO] Auto-fix process completed in 90 seconds
[2024-12-22 14:41:56] [INFO] All fixes completed successfully!
[2024-12-22 14:42:14] [INFO] Starting auto-fix process...
[2024-12-22 14:42:14] [INFO] Starting auto-fix process...
[2024-12-22 14:42:14] [INFO] Starting fix iteration 1 of 3
[2024-12-22 14:42:14] [Running linting checks...] 
[2024-12-22 14:43:04] [No errors found] 
[2024-12-22 14:43:04] [INFO] No errors found, stopping
[2024-12-22 14:43:07] [INFO] Processing completed in 3 seconds
[2024-12-22 14:43:07] [Running linting checks...] 
[2024-12-22 14:43:47] [No errors found] 
[2024-12-22 14:43:47] [INFO] Auto-fix process completed in 93 seconds
[2024-12-22 14:43:47] [INFO] All fixes completed successfully!
[2024-12-22 14:55:22] [INFO] Starting auto-fix process...
[2024-12-22 14:55:22] [INFO] Starting auto-fix process...
[2024-12-22 14:55:22] [INFO] Starting fix iteration 1 of 3
[2024-12-22 14:55:22] [Running linting checks...] 
[2024-12-22 14:56:03] [Found       29 error patterns] 
[2024-12-22 14:56:03] [ERROR] Invalid file path: tests/test_app_core.py:24:15 redefined-outer-name/Redefining name 'temp_dir' from outer scope (line 18)
[2024-12-22 14:56:03] [ERROR] Invalid file path: tests/test_app_core.py:34:21 redefined-outer-name/Redefining name 'temp_dir' from outer scope (line 18)
[2024-12-22 14:56:03] [ERROR] Invalid file path: tests/test_app_core.py:41:22 redefined-outer-name/Redefining name 'temp_dir' from outer scope (line 18)
[2024-12-22 14:56:03] [ERROR] Invalid file path: tests/test_app_core.py:47:20 redefined-outer-name/Redefining name 'template_renderer' from outer scope (line 41)
[2024-12-22 14:56:03] [ERROR] Invalid file path: tests/test_app_core.py:52:35 redefined-outer-name/Redefining name 'editor_app' from outer scope (line 24)
[2024-12-22 14:56:03] [ERROR] Invalid file path: tests/test_app_core.py:60:37 redefined-outer-name/Redefining name 'document_manager' from outer scope (line 34)
[2024-12-22 14:56:03] [ERROR] Invalid file path: tests/test_app_core.py:80:38 redefined-outer-name/Redefining name 'template_renderer' from outer scope (line 41)
[2024-12-22 14:56:03] [ERROR] Invalid file path: tests/test_app_core.py:94:36 redefined-outer-name/Redefining name 'preview_manager' from outer scope (line 47)
[2024-12-22 14:56:03] [ERROR] Invalid file path: tests/test_app_core.py:94:69 redefined-outer-name/Redefining name 'document_manager' from outer scope (line 34)
[2024-12-22 14:56:03] [ERROR] Invalid file path: tests/test_app_core.py:111:38 redefined-outer-name/Redefining name 'editor_app' from outer scope (line 24)
[2024-12-22 14:56:03] [ERROR] Invalid file path: tests/test_app_core.py:130:38 redefined-outer-name/Redefining name 'editor_app' from outer scope (line 24)
[2024-12-22 14:56:03] [ERROR] Invalid file path: tests/test_app_core.py:146:35 redefined-outer-name/Redefining name 'editor_app' from outer scope (line 24)
[2024-12-22 14:56:03] [ERROR] Invalid file path: tests/test_app_core.py:162:37 redefined-outer-name/Redefining name 'document_manager' from outer scope (line 34)
[2024-12-22 14:56:03] [ERROR] Invalid file path: tests/test_app_core.py:185:38 redefined-outer-name/Redefining name 'template_renderer' from outer scope (line 41)
[2024-12-22 14:56:03] [ERROR] Invalid file path: tests/test_main.py:17:36 redefined-outer-name/Redefining name 'editor_instance' from outer scope (line 12)
[2024-12-22 14:56:03] [ERROR] Invalid file path: tests/test_main.py:24:33 redefined-outer-name/Redefining name 'editor_instance' from outer scope (line 12)
[2024-12-22 14:56:03] [ERROR] Invalid file path: tests/test_main.py:47:19 redefined-outer-name/Redefining name 'editor_instance' from outer scope (line 12)
[2024-12-22 14:56:03] [ERROR] Invalid file path: tests/test_main.py:58:29 redefined-outer-name/Redefining name 'editor_instance' from outer scope (line 12)
[2024-12-22 14:56:03] [ERROR] Invalid file path: tests/test_main.py:69:25 redefined-outer-name/Redefining name 'editor_instance' from outer scope (line 12)
[2024-12-22 14:56:03] [ERROR] Invalid file path: tests/test_main.py:80:26 redefined-outer-name/Redefining name 'editor_instance' from outer scope (line 12)
[2024-12-22 14:56:03] [ERROR] Invalid file path: tests/test_main.py:90:33 redefined-outer-name/Redefining name 'editor_instance' from outer scope (line 12)
[2024-12-22 14:56:03] [ERROR] Invalid file path: tests/test_main.py:102:27 redefined-outer-name/Redefining name 'editor_instance' from outer scope (line 12)
[2024-12-22 14:56:03] [ERROR] Invalid file path: tests/test_main.py:115:26 redefined-outer-name/Redefining name 'editor_instance' from outer scope (line 12)
[2024-12-22 14:56:03] [ERROR] Invalid file path: tests/test_main.py:3:0 unused-import/Unused Path imported from pathlib
[2024-12-22 14:56:03] [ERROR] Invalid file path: tests/test_core_editor.py:64:4 unused-variable/Unused variable 'doc'
[2024-12-22 14:56:03] [ERROR] Invalid file path: src/book_editor/core/document.py:92:0 missing-final-newline/Final newline missing
[2024-12-22 14:56:03] [ERROR] Invalid file path: src/book_editor/core/editor.py:14:4 arguments-renamed/Parameter 'o' has been renamed to 'obj' in overriding 'DateTimeEncoder.default' method
[2024-12-22 14:56:03] [ERROR] Invalid file path: src/book_editor/core/editor.py:5:0 unused-import/Unused Path imported from pathlib
[2024-12-22 14:56:03] [ERROR] Invalid file path: src/book_editor/main.py:10:0 unused-import/Unused TemplateManager imported from core.template
[2024-12-22 14:56:03] [INFO] Starting fix iteration 2 of 3
[2024-12-22 14:56:03] [Running linting checks...] 
[2024-12-22 14:56:29] [INFO] Starting auto-fix process...
[2024-12-22 14:56:29] [INFO] Starting auto-fix process...
[2024-12-22 14:56:29] [INFO] Starting fix iteration 1 of 3
[2024-12-22 14:56:29] [Running linting checks...] 
[2024-12-22 14:56:48] [Found       25 error patterns] 
[2024-12-22 14:56:48] [ERROR] Invalid file path: tests/test_app_core.py:24:15 redefined-outer-name/Redefining name 'temp_dir' from outer scope (line 18)
[2024-12-22 14:56:48] [ERROR] Invalid file path: tests/test_app_core.py:34:21 redefined-outer-name/Redefining name 'temp_dir' from outer scope (line 18)
[2024-12-22 14:56:48] [ERROR] Invalid file path: tests/test_app_core.py:41:22 redefined-outer-name/Redefining name 'temp_dir' from outer scope (line 18)
[2024-12-22 14:56:48] [ERROR] Invalid file path: tests/test_app_core.py:47:20 redefined-outer-name/Redefining name 'template_renderer' from outer scope (line 41)
[2024-12-22 14:56:48] [ERROR] Invalid file path: tests/test_app_core.py:52:35 redefined-outer-name/Redefining name 'editor_app' from outer scope (line 24)
[2024-12-22 14:56:48] [ERROR] Invalid file path: tests/test_app_core.py:60:37 redefined-outer-name/Redefining name 'document_manager' from outer scope (line 34)
[2024-12-22 14:56:48] [ERROR] Invalid file path: tests/test_app_core.py:80:38 redefined-outer-name/Redefining name 'template_renderer' from outer scope (line 41)
[2024-12-22 14:56:48] [ERROR] Invalid file path: tests/test_app_core.py:94:36 redefined-outer-name/Redefining name 'preview_manager' from outer scope (line 47)
[2024-12-22 14:56:48] [ERROR] Invalid file path: tests/test_app_core.py:94:69 redefined-outer-name/Redefining name 'document_manager' from outer scope (line 34)
[2024-12-22 14:56:48] [ERROR] Invalid file path: tests/test_app_core.py:111:38 redefined-outer-name/Redefining name 'editor_app' from outer scope (line 24)
[2024-12-22 14:56:48] [ERROR] Invalid file path: tests/test_app_core.py:130:38 redefined-outer-name/Redefining name 'editor_app' from outer scope (line 24)
[2024-12-22 14:56:48] [ERROR] Invalid file path: tests/test_app_core.py:146:35 redefined-outer-name/Redefining name 'editor_app' from outer scope (line 24)
[2024-12-22 14:56:48] [ERROR] Invalid file path: tests/test_app_core.py:162:37 redefined-outer-name/Redefining name 'document_manager' from outer scope (line 34)
[2024-12-22 14:56:48] [ERROR] Invalid file path: tests/test_app_core.py:185:38 redefined-outer-name/Redefining name 'template_renderer' from outer scope (line 41)
[2024-12-22 14:56:48] [ERROR] Invalid file path: tests/test_main.py:17:36 redefined-outer-name/Redefining name 'editor_instance' from outer scope (line 12)
[2024-12-22 14:56:48] [ERROR] Invalid file path: tests/test_main.py:24:33 redefined-outer-name/Redefining name 'editor_instance' from outer scope (line 12)
[2024-12-22 14:56:48] [ERROR] Invalid file path: tests/test_main.py:47:19 redefined-outer-name/Redefining name 'editor_instance' from outer scope (line 12)
[2024-12-22 14:56:48] [ERROR] Invalid file path: tests/test_main.py:58:29 redefined-outer-name/Redefining name 'editor_instance' from outer scope (line 12)
[2024-12-22 14:56:48] [ERROR] Invalid file path: tests/test_main.py:69:25 redefined-outer-name/Redefining name 'editor_instance' from outer scope (line 12)
[2024-12-22 14:56:48] [ERROR] Invalid file path: tests/test_main.py:80:26 redefined-outer-name/Redefining name 'editor_instance' from outer scope (line 12)
[2024-12-22 14:56:48] [ERROR] Invalid file path: tests/test_main.py:90:33 redefined-outer-name/Redefining name 'editor_instance' from outer scope (line 12)
[2024-12-22 14:56:48] [ERROR] Invalid file path: tests/test_main.py:102:27 redefined-outer-name/Redefining name 'editor_instance' from outer scope (line 12)
[2024-12-22 14:56:48] [ERROR] Invalid file path: tests/test_main.py:115:26 redefined-outer-name/Redefining name 'editor_instance' from outer scope (line 12)
[2024-12-22 14:56:48] [ERROR] Invalid file path: tests/test_main.py:3:0 unused-import/Unused Path imported from pathlib
[2024-12-22 14:56:48] [ERROR] Invalid file path: tests/test_core_editor.py:64:4 unused-variable/Unused variable 'doc'
[2024-12-22 14:56:48] [INFO] Starting fix iteration 3 of 3
[2024-12-22 14:56:48] [Running linting checks...] 
[2024-12-22 14:57:12] [Found       29 error patterns] 
[2024-12-22 14:57:12] [ERROR] Invalid file path: tests/test_app_core.py:24:15 redefined-outer-name/Redefining name 'temp_dir' from outer scope (line 18)
[2024-12-22 14:57:12] [ERROR] Invalid file path: tests/test_app_core.py:34:21 redefined-outer-name/Redefining name 'temp_dir' from outer scope (line 18)
[2024-12-22 14:57:12] [ERROR] Invalid file path: tests/test_app_core.py:41:22 redefined-outer-name/Redefining name 'temp_dir' from outer scope (line 18)
[2024-12-22 14:57:12] [ERROR] Invalid file path: tests/test_app_core.py:47:20 redefined-outer-name/Redefining name 'template_renderer' from outer scope (line 41)
[2024-12-22 14:57:12] [ERROR] Invalid file path: tests/test_app_core.py:52:35 redefined-outer-name/Redefining name 'editor_app' from outer scope (line 24)
[2024-12-22 14:57:12] [ERROR] Invalid file path: tests/test_app_core.py:60:37 redefined-outer-name/Redefining name 'document_manager' from outer scope (line 34)
[2024-12-22 14:57:12] [ERROR] Invalid file path: tests/test_app_core.py:80:38 redefined-outer-name/Redefining name 'template_renderer' from outer scope (line 41)
[2024-12-22 14:57:12] [ERROR] Invalid file path: tests/test_app_core.py:94:36 redefined-outer-name/Redefining name 'preview_manager' from outer scope (line 47)
[2024-12-22 14:57:12] [ERROR] Invalid file path: tests/test_app_core.py:94:69 redefined-outer-name/Redefining name 'document_manager' from outer scope (line 34)
[2024-12-22 14:57:12] [ERROR] Invalid file path: tests/test_app_core.py:111:38 redefined-outer-name/Redefining name 'editor_app' from outer scope (line 24)
[2024-12-22 14:57:12] [ERROR] Invalid file path: tests/test_app_core.py:130:38 redefined-outer-name/Redefining name 'editor_app' from outer scope (line 24)
[2024-12-22 14:57:12] [ERROR] Invalid file path: tests/test_app_core.py:146:35 redefined-outer-name/Redefining name 'editor_app' from outer scope (line 24)
[2024-12-22 14:57:12] [ERROR] Invalid file path: tests/test_app_core.py:162:37 redefined-outer-name/Redefining name 'document_manager' from outer scope (line 34)
[2024-12-22 14:57:12] [ERROR] Invalid file path: tests/test_app_core.py:185:38 redefined-outer-name/Redefining name 'template_renderer' from outer scope (line 41)
[2024-12-22 14:57:12] [ERROR] Invalid file path: tests/test_main.py:17:36 redefined-outer-name/Redefining name 'editor_instance' from outer scope (line 12)
[2024-12-22 14:57:12] [ERROR] Invalid file path: tests/test_main.py:24:33 redefined-outer-name/Redefining name 'editor_instance' from outer scope (line 12)
[2024-12-22 14:57:12] [ERROR] Invalid file path: tests/test_main.py:47:19 redefined-outer-name/Redefining name 'editor_instance' from outer scope (line 12)
[2024-12-22 14:57:12] [ERROR] Invalid file path: tests/test_main.py:58:29 redefined-outer-name/Redefining name 'editor_instance' from outer scope (line 12)
[2024-12-22 14:57:12] [ERROR] Invalid file path: tests/test_main.py:69:25 redefined-outer-name/Redefining name 'editor_instance' from outer scope (line 12)
[2024-12-22 14:57:12] [ERROR] Invalid file path: tests/test_main.py:80:26 redefined-outer-name/Redefining name 'editor_instance' from outer scope (line 12)
[2024-12-22 14:57:12] [ERROR] Invalid file path: tests/test_main.py:90:33 redefined-outer-name/Redefining name 'editor_instance' from outer scope (line 12)
[2024-12-22 14:57:12] [ERROR] Invalid file path: tests/test_main.py:102:27 redefined-outer-name/Redefining name 'editor_instance' from outer scope (line 12)
[2024-12-22 14:57:12] [ERROR] Invalid file path: tests/test_main.py:115:26 redefined-outer-name/Redefining name 'editor_instance' from outer scope (line 12)
[2024-12-22 14:57:12] [ERROR] Invalid file path: tests/test_main.py:3:0 unused-import/Unused Path imported from pathlib
[2024-12-22 14:57:12] [ERROR] Invalid file path: tests/test_core_editor.py:64:4 unused-variable/Unused variable 'doc'
[2024-12-22 14:57:12] [ERROR] Invalid file path: src/book_editor/core/document.py:92:0 missing-final-newline/Final newline missing
[2024-12-22 14:57:12] [ERROR] Invalid file path: src/book_editor/core/editor.py:14:4 arguments-renamed/Parameter 'o' has been renamed to 'obj' in overriding 'DateTimeEncoder.default' method
[2024-12-22 14:57:12] [ERROR] Invalid file path: src/book_editor/core/editor.py:5:0 unused-import/Unused Path imported from pathlib
[2024-12-22 14:57:12] [ERROR] Invalid file path: src/book_editor/main.py:10:0 unused-import/Unused TemplateManager imported from core.template
[2024-12-22 14:57:12] [INFO] Starting fix iteration 2 of 3
[2024-12-22 14:57:12] [Running linting checks...] 
[2024-12-22 14:57:31] [Found       25 error patterns] 
[2024-12-22 14:57:31] [INFO] Not enough errors fixed in last iteration, stopping
[2024-12-22 14:57:35] [INFO] Processing completed in 4 seconds
[2024-12-22 14:57:35] [Running linting checks...] 
[2024-12-22 14:59:04] [INFO] Starting auto-fix process...
[2024-12-22 14:59:04] [INFO] Starting auto-fix process...
[2024-12-22 14:59:04] [INFO] Starting fix iteration 1 of 3
[2024-12-22 14:59:04] [Running linting checks...] 
[2024-12-22 14:59:42] [Found       33 error patterns] 
[2024-12-22 14:59:42] [ERROR] Invalid file path: tests/test_app_core.py:24:15 redefined-outer-name/Redefining name 'temp_dir' from outer scope (line 18)
[2024-12-22 14:59:42] [ERROR] Invalid file path: tests/test_app_core.py:34:21 redefined-outer-name/Redefining name 'temp_dir' from outer scope (line 18)
[2024-12-22 14:59:42] [ERROR] Invalid file path: tests/test_app_core.py:41:22 redefined-outer-name/Redefining name 'temp_dir' from outer scope (line 18)
[2024-12-22 14:59:42] [ERROR] Invalid file path: tests/test_app_core.py:47:20 redefined-outer-name/Redefining name 'template_renderer' from outer scope (line 41)
[2024-12-22 14:59:42] [ERROR] Invalid file path: tests/test_app_core.py:52:35 redefined-outer-name/Redefining name 'editor_app' from outer scope (line 24)
[2024-12-22 14:59:43] [ERROR] Invalid file path: tests/test_app_core.py:61:4 redefined-outer-name/Redefining name 'document_manager' from outer scope (line 34)
[2024-12-22 14:59:43] [ERROR] Invalid file path: tests/test_app_core.py:83:4 redefined-outer-name/Redefining name 'template_renderer' from outer scope (line 41)
[2024-12-22 14:59:43] [ERROR] Invalid file path: tests/test_app_core.py:89:4 protected-access/Access to a protected member _template_manager of a client class
[2024-12-22 14:59:43] [ERROR] Invalid file path: tests/test_app_core.py:101:4 redefined-outer-name/Redefining name 'preview_manager' from outer scope (line 47)
[2024-12-22 14:59:43] [ERROR] Invalid file path: tests/test_app_core.py:101:37 redefined-outer-name/Redefining name 'document_manager' from outer scope (line 34)
[2024-12-22 14:59:43] [ERROR] Invalid file path: tests/test_app_core.py:119:38 redefined-outer-name/Redefining name 'editor_app' from outer scope (line 24)
[2024-12-22 14:59:43] [ERROR] Invalid file path: tests/test_app_core.py:138:38 redefined-outer-name/Redefining name 'editor_app' from outer scope (line 24)
[2024-12-22 14:59:43] [ERROR] Invalid file path: tests/test_app_core.py:142:4 protected-access/Access to a protected member _template_manager of a client class
[2024-12-22 14:59:43] [ERROR] Invalid file path: tests/test_app_core.py:156:35 redefined-outer-name/Redefining name 'editor_app' from outer scope (line 24)
[2024-12-22 14:59:43] [ERROR] Invalid file path: tests/test_app_core.py:173:4 redefined-outer-name/Redefining name 'document_manager' from outer scope (line 34)
[2024-12-22 14:59:43] [ERROR] Invalid file path: tests/test_app_core.py:198:4 redefined-outer-name/Redefining name 'template_renderer' from outer scope (line 41)
[2024-12-22 14:59:43] [ERROR] Invalid file path: tests/test_app_core.py:206:4 protected-access/Access to a protected member _template_manager of a client class
[2024-12-22 14:59:43] [ERROR] Invalid file path: tests/test_app_core_editor.py:58:4 protected-access/Access to a protected member _template_manager of a client class
[2024-12-22 14:59:43] [ERROR] Invalid file path: tests/test_app_core_editor.py:119:4 protected-access/Access to a protected member _template_manager of a client class
[2024-12-22 14:59:43] [ERROR] Invalid file path: tests/test_main.py:17:36 redefined-outer-name/Redefining name 'editor_instance' from outer scope (line 12)
[2024-12-22 14:59:43] [ERROR] Invalid file path: tests/test_main.py:24:33 redefined-outer-name/Redefining name 'editor_instance' from outer scope (line 12)
[2024-12-22 14:59:43] [ERROR] Invalid file path: tests/test_main.py:47:19 redefined-outer-name/Redefining name 'editor_instance' from outer scope (line 12)
[2024-12-22 14:59:43] [ERROR] Invalid file path: tests/test_main.py:58:29 redefined-outer-name/Redefining name 'editor_instance' from outer scope (line 12)
[2024-12-22 14:59:43] [ERROR] Invalid file path: tests/test_main.py:69:25 redefined-outer-name/Redefining name 'editor_instance' from outer scope (line 12)
[2024-12-22 14:59:43] [ERROR] Invalid file path: tests/test_main.py:80:26 redefined-outer-name/Redefining name 'editor_instance' from outer scope (line 12)
[2024-12-22 14:59:43] [ERROR] Invalid file path: tests/test_main.py:90:33 redefined-outer-name/Redefining name 'editor_instance' from outer scope (line 12)
[2024-12-22 14:59:43] [ERROR] Invalid file path: tests/test_main.py:102:27 redefined-outer-name/Redefining name 'editor_instance' from outer scope (line 12)
[2024-12-22 14:59:43] [ERROR] Invalid file path: tests/test_main.py:115:26 redefined-outer-name/Redefining name 'editor_instance' from outer scope (line 12)
[2024-12-22 14:59:43] [ERROR] Invalid file path: tests/test_main.py:3:0 unused-import/Unused Path imported from pathlib
[2024-12-22 14:59:43] [ERROR] Invalid file path: tests/test_core_editor.py:64:4 unused-variable/Unused variable 'doc'
[2024-12-22 14:59:43] [ERROR] Invalid file path: src/book_editor/core/document.py:1:8 syntax-error/Parsing failed: 'unexpected indent (src.book_editor.core.document, line 1)'
[2024-12-22 14:59:43] [ERROR] Invalid file path: src/book_editor/core/editor.py:7:0 syntax-error/Cannot import 'document' due to 'unexpected indent (src.book_editor.core.document, line 1)'
[2024-12-22 14:59:43] [ERROR] Invalid file path: src/book_editor/core/editor.py:13:4 arguments-renamed/Parameter 'o' has been renamed to 'obj' in overriding 'DateTimeEncoder.default' method
[2024-12-22 14:59:43] [INFO] Starting fix iteration 2 of 3
[2024-12-22 14:59:43] [Running linting checks...] 
[2024-12-22 15:01:50] [INFO] Starting auto-fix process...
[2024-12-22 15:01:50] [INFO] Starting auto-fix process...
[2024-12-22 15:01:50] [INFO] Starting fix iteration 1 of 3
[2024-12-22 15:01:50] [Running linting checks...] 
[2024-12-22 15:02:30] [Found        4 error patterns] 
[2024-12-22 15:02:30] [ERROR] Invalid file path: tests/test_core_editor.py:64:4 unused-variable/Unused variable 'doc'
[2024-12-22 15:02:30] [ERROR] Invalid file path: src/book_editor/core/document.py:1:0 missing-final-newline/Final newline missing
[2024-12-22 15:02:30] [ERROR] Invalid file path: src/book_editor/core/editor.py:7:0 no-name-in-module/No name 'Document' in module 'src.book_editor.core.document'
[2024-12-22 15:02:30] [ERROR] Invalid file path: src/book_editor/core/editor.py:13:4 arguments-renamed/Parameter 'o' has been renamed to 'obj' in overriding 'DateTimeEncoder.default' method
[2024-12-22 15:02:30] [INFO] Starting fix iteration 2 of 3
[2024-12-22 15:02:30] [Running linting checks...] 
[2024-12-22 15:02:33] [INFO] Starting auto-fix process...
[2024-12-22 15:02:33] [INFO] Starting auto-fix process...
[2024-12-22 15:02:33] [INFO] Starting fix iteration 1 of 3
[2024-12-22 15:02:33] [Running linting checks...] 
[2024-12-22 15:03:47] [INFO] Starting auto-fix process...
[2024-12-22 15:03:47] [INFO] Starting auto-fix process...
[2024-12-22 15:03:47] [INFO] Starting fix iteration 1 of 3
[2024-12-22 15:03:47] [Running linting checks...] 
[2024-12-22 15:04:12] [INFO] Starting auto-fix process...
[2024-12-22 15:04:12] [INFO] Starting auto-fix process...
[2024-12-22 15:04:12] [INFO] Starting fix iteration 1 of 3
[2024-12-22 15:04:12] [Running linting checks...] 
[2024-12-22 15:04:31] [No errors found] 
[2024-12-22 15:04:31] [INFO] No errors found, stopping
[2024-12-22 15:04:34] [INFO] Processing completed in 3 seconds
[2024-12-22 15:04:34] [Running linting checks...] 
[2024-12-22 15:04:56] [No errors found] 
[2024-12-22 15:04:56] [INFO] No errors found, stopping
[2024-12-22 15:05:00] [INFO] Processing completed in 4 seconds
[2024-12-22 15:05:00] [Running linting checks...] 
[2024-12-22 15:05:17] [Found        8 error patterns] 
[2024-12-22 15:05:18] [INFO] Auto-fix process completed in 91 seconds
[2024-12-22 15:05:18] [ERROR] Some errors remain after 3 iterations
[2024-12-22 15:05:41] [Found       14 error patterns] 
[2024-12-22 15:05:41] [INFO] Auto-fix process completed in 89 seconds
[2024-12-22 15:05:41] [ERROR] Some errors remain after 3 iterations
[2024-12-22 15:12:26] [INFO] Starting auto-fix process...
[2024-12-22 15:12:26] [INFO] Starting auto-fix process...
[2024-12-22 15:12:26] [INFO] Starting fix iteration 1 of 3
[2024-12-22 15:12:26] [Running linting checks...] 
[2024-12-22 15:13:08] [Found        2 error patterns] 
[2024-12-22 15:13:08] [ERROR] Invalid file path: src/book_editor/core/template.py:12:0 unused-import/Unused TemplateMetadata imported from src.book_editor.types
[2024-12-22 15:13:08] [ERROR] Invalid file path: src/book_editor/app/core/editor.py:6:0 unused-import/Unused cast imported from typing
[2024-12-22 15:13:08] [INFO] Starting fix iteration 2 of 3
[2024-12-22 15:13:08] [Running linting checks...] 
[2024-12-22 15:13:47] [Found        2 error patterns] 
[2024-12-22 15:13:47] [INFO] Not enough errors fixed in last iteration, stopping
[2024-12-22 15:13:50] [INFO] Processing completed in 3 seconds
[2024-12-22 15:13:50] [Running linting checks...] 
[2024-12-22 15:14:30] [Found        2 error patterns] 
[2024-12-22 15:14:30] [INFO] Auto-fix process completed in 124 seconds
[2024-12-22 15:14:30] [ERROR] Some errors remain after 3 iterations
[2024-12-22 15:15:23] [INFO] Starting auto-fix process...
[2024-12-22 15:15:23] [INFO] Starting auto-fix process...
[2024-12-22 15:15:23] [INFO] Starting fix iteration 1 of 3
[2024-12-22 15:15:23] [Running linting checks...] 
[2024-12-22 15:16:06] [No errors found] 
[2024-12-22 15:16:06] [INFO] No errors found, stopping
[2024-12-22 15:16:06] [INFO] Starting auto-fix process...
[2024-12-22 15:16:06] [INFO] Starting auto-fix process...
[2024-12-22 15:16:07] [INFO] Starting fix iteration 1 of 3
[2024-12-22 15:16:07] [Running linting checks...] 
[2024-12-22 15:16:09] [INFO] Processing completed in 3 seconds
[2024-12-22 15:16:09] [Running linting checks...] 
[2024-12-22 15:16:55] [No errors found] 
[2024-12-22 15:16:56] [INFO] No errors found, stopping
[2024-12-22 15:16:56] [No errors found] 
[2024-12-22 15:16:56] [INFO] Auto-fix process completed in 93 seconds
[2024-12-22 15:16:57] [INFO] All fixes completed successfully!
[2024-12-22 15:16:59] [INFO] Processing completed in 3 seconds
[2024-12-22 15:16:59] [Running linting checks...] 
[2024-12-22 15:17:43] [No errors found] 
[2024-12-22 15:17:43] [INFO] Auto-fix process completed in 97 seconds
[2024-12-22 15:17:43] [INFO] All fixes completed successfully!
[2024-12-22 15:18:36] [INFO] Starting auto-fix process...
[2024-12-22 15:18:36] [INFO] Starting auto-fix process...
[2024-12-22 15:18:36] [INFO] Starting fix iteration 1 of 3
[2024-12-22 15:18:36] [Running linting checks...] 
[2024-12-22 15:19:20] [No errors found] 
[2024-12-22 15:19:20] [INFO] No errors found, stopping
[2024-12-22 15:19:23] [INFO] Processing completed in 3 seconds
[2024-12-22 15:19:23] [Running linting checks...] 
[2024-12-22 15:20:04] [Found        1 error patterns] 
[2024-12-22 15:20:04] [INFO] Auto-fix process completed in 88 seconds
[2024-12-22 15:20:04] [ERROR] Some errors remain after 3 iterations
[2024-12-22 15:20:53] [INFO] Starting auto-fix process...
[2024-12-22 15:20:53] [INFO] Starting auto-fix process...
[2024-12-22 15:20:53] [INFO] Starting fix iteration 1 of 3
[2024-12-22 15:20:53] [Running linting checks...] 
[2024-12-22 15:21:37] [No errors found] 
[2024-12-22 15:21:37] [INFO] No errors found, stopping
[2024-12-22 15:21:41] [INFO] Processing completed in 4 seconds
[2024-12-22 15:21:41] [Running linting checks...] 
[2024-12-22 15:21:59] [INFO] Starting auto-fix process...
[2024-12-22 15:21:59] [INFO] Starting auto-fix process...
[2024-12-22 15:21:59] [INFO] Starting fix iteration 1 of 3
[2024-12-22 15:21:59] [Running linting checks...] 
[2024-12-22 15:22:28] [No errors found] 
[2024-12-22 15:22:28] [INFO] Auto-fix process completed in 95 seconds
[2024-12-22 15:22:28] [INFO] All fixes completed successfully!
[2024-12-22 15:23:15] [INFO] Starting auto-fix process...
[2024-12-22 15:23:15] [INFO] Starting auto-fix process...
[2024-12-22 15:23:15] [INFO] Starting fix iteration 1 of 3
[2024-12-22 15:23:15] [Running linting checks...] 
[2024-12-22 15:23:51] [No errors found] 
[2024-12-22 15:23:51] [INFO] No errors found, stopping
[2024-12-22 15:23:53] [INFO] Processing completed in 2 seconds
[2024-12-22 15:23:53] [Running linting checks...] 
[2024-12-22 15:24:32] [No errors found] 
[2024-12-22 15:24:32] [INFO] Auto-fix process completed in 77 seconds
[2024-12-22 15:24:32] [INFO] All fixes completed successfully!
[2024-12-22 15:25:17] [INFO] Starting auto-fix process...
[2024-12-22 15:25:17] [INFO] Starting auto-fix process...
[2024-12-22 15:25:17] [INFO] Starting fix iteration 1 of 3
[2024-12-22 15:25:17] [Running linting checks...] 
[2024-12-22 15:25:52] [INFO] Starting auto-fix process...
[2024-12-22 15:25:52] [INFO] Starting auto-fix process...
[2024-12-22 15:25:52] [INFO] Starting fix iteration 1 of 3
[2024-12-22 15:25:52] [Running linting checks...] 
[2024-12-22 15:25:59] [No errors found] 
[2024-12-22 15:25:59] [INFO] No errors found, stopping
[2024-12-22 15:26:03] [INFO] Processing completed in 4 seconds
[2024-12-22 15:26:03] [Running linting checks...] 
[2024-12-22 15:26:35] [No errors found] 
[2024-12-22 15:26:35] [INFO] No errors found, stopping
[2024-12-22 15:26:38] [INFO] Processing completed in 3 seconds
[2024-12-22 15:26:38] [Running linting checks...] 
[2024-12-22 15:27:20] [No errors found] 
[2024-12-22 15:27:20] [INFO] Auto-fix process completed in 88 seconds
[2024-12-22 15:27:20] [INFO] All fixes completed successfully!
[2024-12-22 15:32:15] [INFO] Starting auto-fix process...
[2024-12-22 15:32:15] [INFO] Starting auto-fix process...
[2024-12-22 15:32:15] [INFO] Starting fix iteration 1 of 3
[2024-12-22 15:32:15] [Running linting checks...] 
[2024-12-22 15:32:56] [Found        1 error patterns] 
[2024-12-22 15:32:56] [ERROR] Invalid file path: src/book_editor/core/document.py:117:0 missing-final-newline/Final newline missing
[2024-12-22 15:32:56] [INFO] Starting fix iteration 2 of 3
[2024-12-22 15:32:56] [Running linting checks...] 
[2024-12-22 15:33:36] [Found        1 error patterns] 
[2024-12-22 15:33:36] [INFO] Not enough errors fixed in last iteration, stopping
[2024-12-22 15:33:39] [INFO] Processing completed in 3 seconds
[2024-12-22 15:33:39] [Running linting checks...] 
[2024-12-22 15:34:18] [No errors found] 
[2024-12-22 15:34:18] [INFO] Auto-fix process completed in 123 seconds
[2024-12-22 15:34:18] [INFO] All fixes completed successfully!
[2024-12-22 15:35:12] [INFO] Starting auto-fix process...
[2024-12-22 15:35:12] [INFO] Starting auto-fix process...
[2024-12-22 15:35:12] [INFO] Starting fix iteration 1 of 3
[2024-12-22 15:35:12] [Running linting checks...] 
[2024-12-22 15:38:13] [INFO] Starting auto-fix process...
[2024-12-22 15:38:13] [INFO] Starting auto-fix process...
[2024-12-22 15:38:13] [INFO] Starting fix iteration 1 of 3
[2024-12-22 15:38:13] [Running linting checks...] 
[2024-12-22 15:38:57] [Found       42 error patterns] 
[2024-12-22 15:38:57] [ERROR] Invalid file path: tests/test_core_editor_extended.py:15:10 no-member/Instance of 'Editor' has no 'new_document' member
[2024-12-22 15:38:57] [ERROR] Invalid file path: tests/test_core_editor_extended.py:25:10 no-member/Instance of 'Editor' has no 'new_document' member
[2024-12-22 15:38:57] [ERROR] Invalid file path: tests/test_core_editor_extended.py:41:10 no-member/Instance of 'Editor' has no 'new_document' member
[2024-12-22 15:38:57] [ERROR] Invalid file path: tests/test_core_editor_extended.py:47:4 no-member/Instance of 'Editor' has no 'set_content' member
[2024-12-22 15:38:57] [ERROR] Invalid file path: tests/test_core_editor_extended.py:51:4 no-member/Instance of 'Editor' has no 'set_content' member
[2024-12-22 15:38:57] [ERROR] Invalid file path: tests/test_core_editor_extended.py:58:10 no-member/Instance of 'Editor' has no 'new_document' member
[2024-12-22 15:38:57] [ERROR] Invalid file path: tests/test_core_editor_extended.py:63:4 no-member/Instance of 'Editor' has no 'set_content' member
[2024-12-22 15:38:57] [ERROR] Invalid file path: tests/test_core_editor_extended.py:74:11 no-member/Instance of 'Editor' has no 'new_document' member
[2024-12-22 15:38:57] [ERROR] Invalid file path: tests/test_core_editor_extended.py:75:11 no-member/Instance of 'Editor' has no 'new_document' member
[2024-12-22 15:38:57] [ERROR] Invalid file path: tests/test_core_editor_extended.py:77:11 no-member/Instance of 'Editor' has no 'get_current_document' member
[2024-12-22 15:38:57] [ERROR] Invalid file path: tests/test_core_editor_extended.py:80:4 no-member/Instance of 'Editor' has no 'set_current_document' member
[2024-12-22 15:38:57] [ERROR] Invalid file path: tests/test_core_editor_extended.py:81:11 no-member/Instance of 'Editor' has no 'get_current_document' member
[2024-12-22 15:38:57] [ERROR] Invalid file path: tests/test_core_editor_extended.py:87:4 no-member/Instance of 'Editor' has no 'new_document' member
[2024-12-22 15:38:57] [ERROR] Invalid file path: tests/test_app_core.py:89:4 no-member/Instance of 'Template' has no 'metadata' member; maybe '_metadata'?
[2024-12-22 15:38:57] [ERROR] Invalid file path: tests/test_app_core_editor.py:57:4 no-member/Instance of 'Template' has no 'metadata' member; maybe '_metadata'?
[2024-12-22 15:38:57] [ERROR] Invalid file path: tests/test_template.py:35:11 no-member/Instance of 'Template' has no 'name' member
[2024-12-22 15:38:57] [ERROR] Invalid file path: tests/test_template.py:36:11 no-member/Instance of 'Template' has no 'category' member
[2024-12-22 15:38:57] [ERROR] Invalid file path: tests/test_template.py:38:11 no-member/Instance of 'Template' has no 'metadata' member; maybe '_metadata'?
[2024-12-22 15:38:57] [ERROR] Invalid file path: tests/test_template.py:39:22 no-member/Instance of 'Template' has no 'styles' member
[2024-12-22 15:38:57] [ERROR] Invalid file path: tests/test_template.py:40:22 no-member/Instance of 'Template' has no 'layouts' member
[2024-12-22 15:38:57] [ERROR] Invalid file path: tests/test_template.py:47:4 no-member/Instance of 'Template' has no 'metadata' member; maybe '_metadata'?
[2024-12-22 15:38:57] [ERROR] Invalid file path: tests/test_template.py:48:4 no-member/Instance of 'Template' has no 'add_style' member
[2024-12-22 15:38:57] [ERROR] Invalid file path: tests/test_template.py:49:4 no-member/Instance of 'Template' has no 'add_layout' member
[2024-12-22 15:38:57] [ERROR] Invalid file path: tests/test_template.py:56:11 no-member/Instance of 'Template' has no 'name' member
[2024-12-22 15:38:57] [ERROR] Invalid file path: tests/test_template.py:56:26 no-member/Instance of 'Template' has no 'name' member
[2024-12-22 15:38:57] [ERROR] Invalid file path: tests/test_template.py:58:11 no-member/Instance of 'Template' has no 'metadata' member; maybe '_metadata'?
[2024-12-22 15:38:57] [ERROR] Invalid file path: tests/test_template.py:59:11 no-member/Instance of 'Template' has no 'styles' member
[2024-12-22 15:38:57] [ERROR] Invalid file path: tests/test_template.py:60:11 no-member/Instance of 'Template' has no 'layouts' member
[2024-12-22 15:38:57] [ERROR] Invalid file path: tests/test_template.py:79:4 no-member/Instance of 'Template' has no 'metadata' member; maybe '_metadata'?
[2024-12-22 15:38:57] [ERROR] Invalid file path: tests/test_template.py:80:4 no-member/Instance of 'Template' has no 'metadata' member; maybe '_metadata'?
[2024-12-22 15:38:57] [ERROR] Invalid file path: tests/test_template.py:129:4 no-member/Instance of 'Template' has no 'metadata' member; maybe '_metadata'?
[2024-12-22 15:38:57] [ERROR] Invalid file path: tests/test_template.py:130:4 no-member/Instance of 'Template' has no 'metadata' member; maybe '_metadata'?
[2024-12-22 15:38:57] [ERROR] Invalid file path: tests/test_template.py:133:4 no-member/Instance of 'Template' has no 'metadata' member; maybe '_metadata'?
[2024-12-22 15:38:57] [ERROR] Invalid file path: tests/test_template.py:134:4 no-member/Instance of 'Template' has no 'metadata' member; maybe '_metadata'?
[2024-12-22 15:38:57] [ERROR] Invalid file path: src/book_editor/core/document.py:117:0 missing-final-newline/Final newline missing
[2024-12-22 15:38:57] [ERROR] Invalid file path: src/book_editor/core/template.py:251:19 unexpected-keyword-arg/Unexpected keyword argument 'category' in constructor call
[2024-12-22 15:38:57] [ERROR] Invalid file path: src/book_editor/core/template.py:264:45 no-member/Instance of 'Template' has no 'category' member
[2024-12-22 15:38:57] [ERROR] Invalid file path: src/book_editor/core/template.py:265:33 no-member/Instance of 'Template' has no 'name' member
[2024-12-22 15:38:57] [ERROR] Invalid file path: src/book_editor/core/template.py:11:0 unused-import/Unused Literal imported from typing
[2024-12-22 15:38:57] [ERROR] Invalid file path: src/book_editor/core/template.py:13:0 unused-import/Unused TemplateStyles imported from src.book_editor.types
[2024-12-22 15:38:57] [ERROR] Invalid file path: src/book_editor/main.py:70:12 no-member/Instance of 'Template' has no 'add_style' member
[2024-12-22 15:38:57] [ERROR] Invalid file path: src/book_editor/main.py:88:15 no-member/Instance of 'Template' has no 'metadata' member; maybe '_metadata'?
[2024-12-22 15:38:57] [INFO] Starting fix iteration 2 of 3
[2024-12-22 15:38:58] [Running linting checks...] 
[2024-12-22 16:40:44] [INFO] Starting auto-fix process...
[2024-12-22 16:40:44] [INFO] Starting auto-fix process...
[2024-12-22 16:40:44] [INFO] Starting fix iteration 1 of 3
[2024-12-22 16:40:44] [Running linting checks...] 
[2024-12-22 16:45:01] [INFO] Starting auto-fix process...
[2024-12-22 16:45:01] [INFO] Starting auto-fix process...
[2024-12-22 16:45:01] [INFO] Starting fix iteration 1 of 3
[2024-12-22 16:45:01] [Running linting checks...] 
[2024-12-22 16:45:20] [INFO] Starting auto-fix process...
[2024-12-22 16:45:20] [INFO] Starting auto-fix process...
[2024-12-22 16:45:20] [INFO] Starting fix iteration 1 of 3
[2024-12-22 16:45:20] [Running linting checks...] 
[2024-12-22 16:46:00] [Found       56 error patterns] 
[2024-12-22 16:46:00] [ERROR] Invalid file path: tests/test_core_editor_extended.py:15:10 no-member/Instance of 'Editor' has no 'new_document' member
[2024-12-22 16:46:00] [ERROR] Invalid file path: tests/test_core_editor_extended.py:25:10 no-member/Instance of 'Editor' has no 'new_document' member
[2024-12-22 16:46:00] [ERROR] Invalid file path: tests/test_core_editor_extended.py:41:10 no-member/Instance of 'Editor' has no 'new_document' member
[2024-12-22 16:46:00] [ERROR] Invalid file path: tests/test_core_editor_extended.py:47:4 no-member/Instance of 'Editor' has no 'set_content' member
[2024-12-22 16:46:00] [ERROR] Invalid file path: tests/test_core_editor_extended.py:51:4 no-member/Instance of 'Editor' has no 'set_content' member
[2024-12-22 16:46:00] [ERROR] Invalid file path: tests/test_core_editor_extended.py:58:10 no-member/Instance of 'Editor' has no 'new_document' member
[2024-12-22 16:46:00] [ERROR] Invalid file path: tests/test_core_editor_extended.py:63:4 no-member/Instance of 'Editor' has no 'set_content' member
[2024-12-22 16:46:00] [ERROR] Invalid file path: tests/test_core_editor_extended.py:74:11 no-member/Instance of 'Editor' has no 'new_document' member
[2024-12-22 16:46:00] [ERROR] Invalid file path: tests/test_core_editor_extended.py:75:11 no-member/Instance of 'Editor' has no 'new_document' member
[2024-12-22 16:46:00] [ERROR] Invalid file path: tests/test_core_editor_extended.py:77:11 no-member/Instance of 'Editor' has no 'get_current_document' member
[2024-12-22 16:46:00] [ERROR] Invalid file path: tests/test_core_editor_extended.py:80:4 no-member/Instance of 'Editor' has no 'set_current_document' member
[2024-12-22 16:46:00] [ERROR] Invalid file path: tests/test_core_editor_extended.py:81:11 no-member/Instance of 'Editor' has no 'get_current_document' member
[2024-12-22 16:46:00] [ERROR] Invalid file path: tests/test_core_editor_extended.py:87:4 no-member/Instance of 'Editor' has no 'new_document' member
[2024-12-22 16:46:00] [ERROR] Invalid file path: tests/test_app_core.py:50:11 too-many-function-args/Too many positional arguments for constructor call
[2024-12-22 16:46:00] [ERROR] Invalid file path: tests/test_app_core.py:89:4 no-member/Instance of 'Template' has no 'metadata' member; maybe '_metadata'?
[2024-12-22 16:46:00] [ERROR] Invalid file path: tests/test_app_core_editor.py:33:11 too-many-function-args/Too many positional arguments for constructor call
[2024-12-22 16:46:00] [ERROR] Invalid file path: tests/test_app_core_editor.py:57:4 no-member/Instance of 'Template' has no 'metadata' member; maybe '_metadata'?
[2024-12-22 16:46:00] [ERROR] Invalid file path: tests/test_template.py:35:11 no-member/Instance of 'Template' has no 'name' member
[2024-12-22 16:46:00] [ERROR] Invalid file path: tests/test_template.py:36:11 no-member/Instance of 'Template' has no 'category' member
[2024-12-22 16:46:00] [ERROR] Invalid file path: tests/test_template.py:38:11 no-member/Instance of 'Template' has no 'metadata' member; maybe '_metadata'?
[2024-12-22 16:46:00] [ERROR] Invalid file path: tests/test_template.py:39:22 no-member/Instance of 'Template' has no 'styles' member
[2024-12-22 16:46:00] [ERROR] Invalid file path: tests/test_template.py:40:22 no-member/Instance of 'Template' has no 'layouts' member
[2024-12-22 16:46:00] [ERROR] Invalid file path: tests/test_template.py:47:4 no-member/Instance of 'Template' has no 'metadata' member; maybe '_metadata'?
[2024-12-22 16:46:00] [ERROR] Invalid file path: tests/test_template.py:48:4 no-member/Instance of 'Template' has no 'add_style' member
[2024-12-22 16:46:00] [ERROR] Invalid file path: tests/test_template.py:49:4 no-member/Instance of 'Template' has no 'add_layout' member
[2024-12-22 16:46:00] [ERROR] Invalid file path: tests/test_template.py:56:11 no-member/Instance of 'Template' has no 'name' member
[2024-12-22 16:46:00] [ERROR] Invalid file path: tests/test_template.py:56:26 no-member/Instance of 'Template' has no 'name' member
[2024-12-22 16:46:00] [ERROR] Invalid file path: tests/test_template.py:58:11 no-member/Instance of 'Template' has no 'metadata' member; maybe '_metadata'?
[2024-12-22 16:46:00] [ERROR] Invalid file path: tests/test_template.py:59:11 no-member/Instance of 'Template' has no 'styles' member
[2024-12-22 16:46:00] [ERROR] Invalid file path: tests/test_template.py:60:11 no-member/Instance of 'Template' has no 'layouts' member
[2024-12-22 16:46:00] [ERROR] Invalid file path: tests/test_template.py:79:4 no-member/Instance of 'Template' has no 'metadata' member; maybe '_metadata'?
[2024-12-22 16:46:00] [ERROR] Invalid file path: tests/test_template.py:80:4 no-member/Instance of 'Template' has no 'metadata' member; maybe '_metadata'?
[2024-12-22 16:46:00] [ERROR] Invalid file path: tests/test_template.py:129:4 no-member/Instance of 'Template' has no 'metadata' member; maybe '_metadata'?
[2024-12-22 16:46:00] [ERROR] Invalid file path: tests/test_template.py:130:4 no-member/Instance of 'Template' has no 'metadata' member; maybe '_metadata'?
[2024-12-22 16:46:00] [ERROR] Invalid file path: tests/test_template.py:133:4 no-member/Instance of 'Template' has no 'metadata' member; maybe '_metadata'?
[2024-12-22 16:46:00] [ERROR] Invalid file path: tests/test_template.py:134:4 no-member/Instance of 'Template' has no 'metadata' member; maybe '_metadata'?
[2024-12-22 16:46:00] [ERROR] Invalid file path: src/book_editor/core/template.py:251:19 unexpected-keyword-arg/Unexpected keyword argument 'category' in constructor call
[2024-12-22 16:46:00] [ERROR] Invalid file path: src/book_editor/core/template.py:264:45 no-member/Instance of 'Template' has no 'category' member
[2024-12-22 16:46:00] [ERROR] Invalid file path: src/book_editor/core/template.py:265:33 no-member/Instance of 'Template' has no 'name' member
[2024-12-22 16:46:00] [ERROR] Invalid file path: src/book_editor/core/template.py:11:0 unused-import/Unused Literal imported from typing
[2024-12-22 16:46:00] [ERROR] Invalid file path: src/book_editor/core/template.py:13:0 unused-import/Unused TemplateStyles imported from src.book_editor.types
[2024-12-22 16:46:00] [ERROR] Invalid file path: src/book_editor/app/core/editor.py:8:0 no-name-in-module/No name 'document' in module 'book_editor.core'
[2024-12-22 16:46:00] [ERROR] Invalid file path: src/book_editor/app/core/editor.py:46:15 broad-exception-caught/Catching too general exception Exception
[2024-12-22 16:46:00] [ERROR] Invalid file path: src/book_editor/app/core/editor.py:60:15 broad-exception-caught/Catching too general exception Exception
[2024-12-22 16:46:00] [ERROR] Invalid file path: src/book_editor/app/core/editor.py:6:0 unused-import/Unused Dict imported from typing
[2024-12-22 16:46:00] [ERROR] Invalid file path: src/book_editor/main.py:70:12 no-member/Instance of 'Template' has no 'add_style' member
[2024-12-22 16:46:00] [ERROR] Invalid file path: src/book_editor/main.py:88:15 no-member/Instance of 'Template' has no 'metadata' member; maybe '_metadata'?
[2024-12-22 16:46:01] [INFO] Starting fix iteration 2 of 3
[2024-12-22 16:46:01] [Running linting checks...] 
[2024-12-22 16:46:41] [Found       56 error patterns] 
[2024-12-22 16:46:41] [INFO] Not enough errors fixed in last iteration, stopping
[2024-12-22 16:46:44] [INFO] Processing completed in 3 seconds
[2024-12-22 16:46:44] [Running linting checks...] 
[2024-12-22 16:47:24] [Found       56 error patterns] 
[2024-12-22 16:47:24] [INFO] Auto-fix process completed in 124 seconds
[2024-12-22 16:47:24] [ERROR] Some errors remain after 3 iterations
[2024-12-22 16:56:13] [INFO] Starting auto-fix process...
[2024-12-22 16:56:13] [INFO] Starting auto-fix process...
[2024-12-22 16:56:13] [INFO] Starting fix iteration 1 of 3
[2024-12-22 16:56:13] [Running linting checks...] 
[2024-12-22 16:56:31] [INFO] Starting auto-fix process...
[2024-12-22 16:56:31] [INFO] Starting auto-fix process...
[2024-12-22 16:56:31] [INFO] Starting fix iteration 1 of 3
[2024-12-22 16:56:31] [Running linting checks...] 
[2024-12-22 16:57:10] [Found       56 error patterns] 
[2024-12-22 16:57:10] [ERROR] Invalid file path: tests/test_core_editor_extended.py:15:10 no-member/Instance of 'Editor' has no 'new_document' member
[2024-12-22 16:57:10] [ERROR] Invalid file path: tests/test_core_editor_extended.py:25:10 no-member/Instance of 'Editor' has no 'new_document' member
[2024-12-22 16:57:10] [ERROR] Invalid file path: tests/test_core_editor_extended.py:41:10 no-member/Instance of 'Editor' has no 'new_document' member
[2024-12-22 16:57:10] [ERROR] Invalid file path: tests/test_core_editor_extended.py:47:4 no-member/Instance of 'Editor' has no 'set_content' member
[2024-12-22 16:57:10] [ERROR] Invalid file path: tests/test_core_editor_extended.py:51:4 no-member/Instance of 'Editor' has no 'set_content' member
[2024-12-22 16:57:10] [ERROR] Invalid file path: tests/test_core_editor_extended.py:58:10 no-member/Instance of 'Editor' has no 'new_document' member
[2024-12-22 16:57:10] [ERROR] Invalid file path: tests/test_core_editor_extended.py:63:4 no-member/Instance of 'Editor' has no 'set_content' member
[2024-12-22 16:57:10] [ERROR] Invalid file path: tests/test_core_editor_extended.py:74:11 no-member/Instance of 'Editor' has no 'new_document' member
[2024-12-22 16:57:10] [ERROR] Invalid file path: tests/test_core_editor_extended.py:75:11 no-member/Instance of 'Editor' has no 'new_document' member
[2024-12-22 16:57:10] [ERROR] Invalid file path: tests/test_core_editor_extended.py:77:11 no-member/Instance of 'Editor' has no 'get_current_document' member
[2024-12-22 16:57:10] [ERROR] Invalid file path: tests/test_core_editor_extended.py:80:4 no-member/Instance of 'Editor' has no 'set_current_document' member
[2024-12-22 16:57:10] [ERROR] Invalid file path: tests/test_core_editor_extended.py:81:11 no-member/Instance of 'Editor' has no 'get_current_document' member
[2024-12-22 16:57:10] [ERROR] Invalid file path: tests/test_core_editor_extended.py:87:4 no-member/Instance of 'Editor' has no 'new_document' member
[2024-12-22 16:57:10] [ERROR] Invalid file path: tests/test_app_core.py:50:11 too-many-function-args/Too many positional arguments for constructor call
[2024-12-22 16:57:10] [ERROR] Invalid file path: tests/test_app_core.py:89:4 no-member/Instance of 'Template' has no 'metadata' member; maybe '_metadata'?
[2024-12-22 16:57:10] [ERROR] Invalid file path: tests/test_app_core_editor.py:33:11 too-many-function-args/Too many positional arguments for constructor call
[2024-12-22 16:57:10] [ERROR] Invalid file path: tests/test_app_core_editor.py:57:4 no-member/Instance of 'Template' has no 'metadata' member; maybe '_metadata'?
[2024-12-22 16:57:10] [ERROR] Invalid file path: tests/test_template.py:35:11 no-member/Instance of 'Template' has no 'name' member
[2024-12-22 16:57:10] [ERROR] Invalid file path: tests/test_template.py:36:11 no-member/Instance of 'Template' has no 'category' member
[2024-12-22 16:57:10] [ERROR] Invalid file path: tests/test_template.py:38:11 no-member/Instance of 'Template' has no 'metadata' member; maybe '_metadata'?
[2024-12-22 16:57:10] [ERROR] Invalid file path: tests/test_template.py:39:22 no-member/Instance of 'Template' has no 'styles' member
[2024-12-22 16:57:10] [ERROR] Invalid file path: tests/test_template.py:40:22 no-member/Instance of 'Template' has no 'layouts' member
[2024-12-22 16:57:10] [ERROR] Invalid file path: tests/test_template.py:47:4 no-member/Instance of 'Template' has no 'metadata' member; maybe '_metadata'?
[2024-12-22 16:57:10] [ERROR] Invalid file path: tests/test_template.py:48:4 no-member/Instance of 'Template' has no 'add_style' member
[2024-12-22 16:57:10] [ERROR] Invalid file path: tests/test_template.py:49:4 no-member/Instance of 'Template' has no 'add_layout' member
[2024-12-22 16:57:10] [ERROR] Invalid file path: tests/test_template.py:56:11 no-member/Instance of 'Template' has no 'name' member
[2024-12-22 16:57:10] [ERROR] Invalid file path: tests/test_template.py:56:26 no-member/Instance of 'Template' has no 'name' member
[2024-12-22 16:57:10] [ERROR] Invalid file path: tests/test_template.py:58:11 no-member/Instance of 'Template' has no 'metadata' member; maybe '_metadata'?
[2024-12-22 16:57:10] [ERROR] Invalid file path: tests/test_template.py:59:11 no-member/Instance of 'Template' has no 'styles' member
[2024-12-22 16:57:10] [ERROR] Invalid file path: tests/test_template.py:60:11 no-member/Instance of 'Template' has no 'layouts' member
[2024-12-22 16:57:10] [ERROR] Invalid file path: tests/test_template.py:79:4 no-member/Instance of 'Template' has no 'metadata' member; maybe '_metadata'?
[2024-12-22 16:57:10] [ERROR] Invalid file path: tests/test_template.py:80:4 no-member/Instance of 'Template' has no 'metadata' member; maybe '_metadata'?
[2024-12-22 16:57:10] [ERROR] Invalid file path: tests/test_template.py:129:4 no-member/Instance of 'Template' has no 'metadata' member; maybe '_metadata'?
[2024-12-22 16:57:10] [ERROR] Invalid file path: tests/test_template.py:130:4 no-member/Instance of 'Template' has no 'metadata' member; maybe '_metadata'?
[2024-12-22 16:57:10] [ERROR] Invalid file path: tests/test_template.py:133:4 no-member/Instance of 'Template' has no 'metadata' member; maybe '_metadata'?
[2024-12-22 16:57:10] [ERROR] Invalid file path: tests/test_template.py:134:4 no-member/Instance of 'Template' has no 'metadata' member; maybe '_metadata'?
[2024-12-22 16:57:10] [ERROR] Invalid file path: src/book_editor/core/template.py:253:19 unexpected-keyword-arg/Unexpected keyword argument 'category' in constructor call
[2024-12-22 16:57:10] [ERROR] Invalid file path: src/book_editor/core/template.py:266:45 no-member/Instance of 'Template' has no 'category' member
[2024-12-22 16:57:10] [ERROR] Invalid file path: src/book_editor/core/template.py:267:33 no-member/Instance of 'Template' has no 'name' member
[2024-12-22 16:57:10] [ERROR] Invalid file path: src/book_editor/core/template.py:11:0 unused-import/Unused Literal imported from typing
[2024-12-22 16:57:10] [ERROR] Invalid file path: src/book_editor/core/template.py:13:0 unused-import/Unused TemplateStyles imported from src.book_editor.types
[2024-12-22 16:57:10] [ERROR] Invalid file path: src/book_editor/app/core/editor.py:8:0 no-name-in-module/No name 'document' in module 'book_editor.core'
[2024-12-22 16:57:10] [ERROR] Invalid file path: src/book_editor/app/core/editor.py:46:15 broad-exception-caught/Catching too general exception Exception
[2024-12-22 16:57:10] [ERROR] Invalid file path: src/book_editor/app/core/editor.py:60:15 broad-exception-caught/Catching too general exception Exception
[2024-12-22 16:57:10] [ERROR] Invalid file path: src/book_editor/app/core/editor.py:6:0 unused-import/Unused Dict imported from typing
[2024-12-22 16:57:10] [ERROR] Invalid file path: src/book_editor/main.py:70:12 no-member/Instance of 'Template' has no 'add_style' member
[2024-12-22 16:57:10] [ERROR] Invalid file path: src/book_editor/main.py:88:15 no-member/Instance of 'Template' has no 'metadata' member; maybe '_metadata'?
[2024-12-22 16:57:10] [INFO] Starting fix iteration 2 of 3
[2024-12-22 16:57:10] [Running linting checks...] 
[2024-12-22 16:57:49] [Found       56 error patterns] 
[2024-12-22 16:57:49] [INFO] Not enough errors fixed in last iteration, stopping
[2024-12-22 16:57:52] [INFO] Processing completed in 3 seconds
[2024-12-22 16:57:52] [Running linting checks...] 
[2024-12-22 16:58:29] [Found       56 error patterns] 
[2024-12-22 16:58:29] [INFO] Auto-fix process completed in 118 seconds
[2024-12-22 16:58:29] [ERROR] Some errors remain after 3 iterations
[2024-12-22 16:58:36] [INFO] Starting auto-fix process...
[2024-12-22 16:58:36] [INFO] Starting auto-fix process...
[2024-12-22 16:58:36] [INFO] Starting fix iteration 1 of 3
[2024-12-22 16:58:36] [Running linting checks...] 
[2024-12-22 17:00:41] [INFO] Starting auto-fix process...
[2024-12-22 17:00:41] [INFO] Starting auto-fix process...
[2024-12-22 17:00:41] [INFO] Starting fix iteration 1 of 3
[2024-12-22 17:00:41] [Running linting checks...] 
[2024-12-22 17:01:00] [INFO] Starting auto-fix process...
[2024-12-22 17:01:00] [INFO] Starting auto-fix process...
[2024-12-22 17:01:00] [INFO] Starting fix iteration 1 of 3
[2024-12-22 17:01:00] [Running linting checks...] 
[2024-12-22 17:01:38] [Found       56 error patterns] 
[2024-12-22 17:01:38] [ERROR] Invalid file path: tests/test_core_editor_extended.py:15:10 no-member/Instance of 'Editor' has no 'new_document' member
[2024-12-22 17:01:38] [ERROR] Invalid file path: tests/test_core_editor_extended.py:25:10 no-member/Instance of 'Editor' has no 'new_document' member
[2024-12-22 17:01:38] [ERROR] Invalid file path: tests/test_core_editor_extended.py:41:10 no-member/Instance of 'Editor' has no 'new_document' member
[2024-12-22 17:01:38] [ERROR] Invalid file path: tests/test_core_editor_extended.py:47:4 no-member/Instance of 'Editor' has no 'set_content' member
[2024-12-22 17:01:38] [ERROR] Invalid file path: tests/test_core_editor_extended.py:51:4 no-member/Instance of 'Editor' has no 'set_content' member
[2024-12-22 17:01:38] [ERROR] Invalid file path: tests/test_core_editor_extended.py:58:10 no-member/Instance of 'Editor' has no 'new_document' member
[2024-12-22 17:01:38] [ERROR] Invalid file path: tests/test_core_editor_extended.py:63:4 no-member/Instance of 'Editor' has no 'set_content' member
[2024-12-22 17:01:38] [ERROR] Invalid file path: tests/test_core_editor_extended.py:74:11 no-member/Instance of 'Editor' has no 'new_document' member
[2024-12-22 17:01:38] [ERROR] Invalid file path: tests/test_core_editor_extended.py:75:11 no-member/Instance of 'Editor' has no 'new_document' member
[2024-12-22 17:01:38] [ERROR] Invalid file path: tests/test_core_editor_extended.py:77:11 no-member/Instance of 'Editor' has no 'get_current_document' member
[2024-12-22 17:01:38] [ERROR] Invalid file path: tests/test_core_editor_extended.py:80:4 no-member/Instance of 'Editor' has no 'set_current_document' member
[2024-12-22 17:01:38] [ERROR] Invalid file path: tests/test_core_editor_extended.py:81:11 no-member/Instance of 'Editor' has no 'get_current_document' member
[2024-12-22 17:01:38] [ERROR] Invalid file path: tests/test_core_editor_extended.py:87:4 no-member/Instance of 'Editor' has no 'new_document' member
[2024-12-22 17:01:38] [ERROR] Invalid file path: tests/test_app_core.py:50:11 too-many-function-args/Too many positional arguments for constructor call
[2024-12-22 17:01:38] [ERROR] Invalid file path: tests/test_app_core.py:89:4 no-member/Instance of 'Template' has no 'metadata' member; maybe '_metadata'?
[2024-12-22 17:01:38] [ERROR] Invalid file path: tests/test_app_core_editor.py:33:11 too-many-function-args/Too many positional arguments for constructor call
[2024-12-22 17:01:38] [ERROR] Invalid file path: tests/test_app_core_editor.py:57:4 no-member/Instance of 'Template' has no 'metadata' member; maybe '_metadata'?
[2024-12-22 17:01:38] [ERROR] Invalid file path: tests/test_template.py:35:11 no-member/Instance of 'Template' has no 'name' member
[2024-12-22 17:01:38] [ERROR] Invalid file path: tests/test_template.py:36:11 no-member/Instance of 'Template' has no 'category' member
[2024-12-22 17:01:38] [ERROR] Invalid file path: tests/test_template.py:38:11 no-member/Instance of 'Template' has no 'metadata' member; maybe '_metadata'?
[2024-12-22 17:01:38] [ERROR] Invalid file path: tests/test_template.py:39:22 no-member/Instance of 'Template' has no 'styles' member
[2024-12-22 17:01:38] [ERROR] Invalid file path: tests/test_template.py:40:22 no-member/Instance of 'Template' has no 'layouts' member
[2024-12-22 17:01:38] [ERROR] Invalid file path: tests/test_template.py:47:4 no-member/Instance of 'Template' has no 'metadata' member; maybe '_metadata'?
[2024-12-22 17:01:38] [ERROR] Invalid file path: tests/test_template.py:48:4 no-member/Instance of 'Template' has no 'add_style' member
[2024-12-22 17:01:38] [ERROR] Invalid file path: tests/test_template.py:49:4 no-member/Instance of 'Template' has no 'add_layout' member
[2024-12-22 17:01:38] [ERROR] Invalid file path: tests/test_template.py:56:11 no-member/Instance of 'Template' has no 'name' member
[2024-12-22 17:01:38] [ERROR] Invalid file path: tests/test_template.py:56:26 no-member/Instance of 'Template' has no 'name' member
[2024-12-22 17:01:38] [ERROR] Invalid file path: tests/test_template.py:58:11 no-member/Instance of 'Template' has no 'metadata' member; maybe '_metadata'?
[2024-12-22 17:01:38] [ERROR] Invalid file path: tests/test_template.py:59:11 no-member/Instance of 'Template' has no 'styles' member
[2024-12-22 17:01:38] [ERROR] Invalid file path: tests/test_template.py:60:11 no-member/Instance of 'Template' has no 'layouts' member
[2024-12-22 17:01:38] [ERROR] Invalid file path: tests/test_template.py:79:4 no-member/Instance of 'Template' has no 'metadata' member; maybe '_metadata'?
[2024-12-22 17:01:38] [ERROR] Invalid file path: tests/test_template.py:80:4 no-member/Instance of 'Template' has no 'metadata' member; maybe '_metadata'?
[2024-12-22 17:01:38] [ERROR] Invalid file path: tests/test_template.py:129:4 no-member/Instance of 'Template' has no 'metadata' member; maybe '_metadata'?
[2024-12-22 17:01:38] [ERROR] Invalid file path: tests/test_template.py:130:4 no-member/Instance of 'Template' has no 'metadata' member; maybe '_metadata'?
[2024-12-22 17:01:38] [ERROR] Invalid file path: tests/test_template.py:133:4 no-member/Instance of 'Template' has no 'metadata' member; maybe '_metadata'?
[2024-12-22 17:01:38] [ERROR] Invalid file path: tests/test_template.py:134:4 no-member/Instance of 'Template' has no 'metadata' member; maybe '_metadata'?
[2024-12-22 17:01:38] [ERROR] Invalid file path: src/book_editor/core/template.py:253:19 unexpected-keyword-arg/Unexpected keyword argument 'category' in constructor call
[2024-12-22 17:01:38] [ERROR] Invalid file path: src/book_editor/core/template.py:266:45 no-member/Instance of 'Template' has no 'category' member
[2024-12-22 17:01:38] [ERROR] Invalid file path: src/book_editor/core/template.py:267:33 no-member/Instance of 'Template' has no 'name' member
[2024-12-22 17:01:38] [ERROR] Invalid file path: src/book_editor/core/template.py:11:0 unused-import/Unused Literal imported from typing
[2024-12-22 17:01:38] [ERROR] Invalid file path: src/book_editor/core/template.py:13:0 unused-import/Unused TemplateStyles imported from src.book_editor.types
[2024-12-22 17:01:38] [ERROR] Invalid file path: src/book_editor/app/core/editor.py:8:0 no-name-in-module/No name 'document' in module 'book_editor.core'
[2024-12-22 17:01:38] [ERROR] Invalid file path: src/book_editor/app/core/editor.py:46:15 broad-exception-caught/Catching too general exception Exception
[2024-12-22 17:01:38] [ERROR] Invalid file path: src/book_editor/app/core/editor.py:60:15 broad-exception-caught/Catching too general exception Exception
[2024-12-22 17:01:38] [ERROR] Invalid file path: src/book_editor/app/core/editor.py:6:0 unused-import/Unused Dict imported from typing
[2024-12-22 17:01:38] [ERROR] Invalid file path: src/book_editor/main.py:70:12 no-member/Instance of 'Template' has no 'add_style' member
[2024-12-22 17:01:38] [ERROR] Invalid file path: src/book_editor/main.py:88:15 no-member/Instance of 'Template' has no 'metadata' member; maybe '_metadata'?
[2024-12-22 17:01:39] [INFO] Starting fix iteration 2 of 3
[2024-12-22 17:01:39] [Running linting checks...] 
[2024-12-22 17:02:18] [Found       56 error patterns] 
[2024-12-22 17:02:18] [INFO] Not enough errors fixed in last iteration, stopping
[2024-12-22 17:02:21] [INFO] Processing completed in 3 seconds
[2024-12-22 17:02:21] [Running linting checks...] 
[2024-12-22 17:02:47] [INFO] Starting auto-fix process...
[2024-12-22 17:02:47] [INFO] Starting auto-fix process...
[2024-12-22 17:02:47] [INFO] Starting fix iteration 1 of 3
[2024-12-22 17:02:47] [Running linting checks...] 
[2024-12-22 17:03:27] [Found       56 error patterns] 
[2024-12-22 17:03:27] [ERROR] Invalid file path: tests/test_core_editor_extended.py:15:10 no-member/Instance of 'Editor' has no 'new_document' member
[2024-12-22 17:03:27] [ERROR] Invalid file path: tests/test_core_editor_extended.py:25:10 no-member/Instance of 'Editor' has no 'new_document' member
[2024-12-22 17:03:27] [ERROR] Invalid file path: tests/test_core_editor_extended.py:41:10 no-member/Instance of 'Editor' has no 'new_document' member
[2024-12-22 17:03:27] [ERROR] Invalid file path: tests/test_core_editor_extended.py:47:4 no-member/Instance of 'Editor' has no 'set_content' member
[2024-12-22 17:03:27] [ERROR] Invalid file path: tests/test_core_editor_extended.py:51:4 no-member/Instance of 'Editor' has no 'set_content' member
[2024-12-22 17:03:27] [ERROR] Invalid file path: tests/test_core_editor_extended.py:58:10 no-member/Instance of 'Editor' has no 'new_document' member
[2024-12-22 17:03:27] [ERROR] Invalid file path: tests/test_core_editor_extended.py:63:4 no-member/Instance of 'Editor' has no 'set_content' member
[2024-12-22 17:03:27] [ERROR] Invalid file path: tests/test_core_editor_extended.py:74:11 no-member/Instance of 'Editor' has no 'new_document' member
[2024-12-22 17:03:27] [ERROR] Invalid file path: tests/test_core_editor_extended.py:75:11 no-member/Instance of 'Editor' has no 'new_document' member
[2024-12-22 17:03:27] [ERROR] Invalid file path: tests/test_core_editor_extended.py:77:11 no-member/Instance of 'Editor' has no 'get_current_document' member
[2024-12-22 17:03:27] [ERROR] Invalid file path: tests/test_core_editor_extended.py:80:4 no-member/Instance of 'Editor' has no 'set_current_document' member
[2024-12-22 17:03:27] [ERROR] Invalid file path: tests/test_core_editor_extended.py:81:11 no-member/Instance of 'Editor' has no 'get_current_document' member
[2024-12-22 17:03:27] [ERROR] Invalid file path: tests/test_core_editor_extended.py:87:4 no-member/Instance of 'Editor' has no 'new_document' member
[2024-12-22 17:03:27] [ERROR] Invalid file path: tests/test_app_core.py:50:11 too-many-function-args/Too many positional arguments for constructor call
[2024-12-22 17:03:27] [ERROR] Invalid file path: tests/test_app_core.py:89:4 no-member/Instance of 'Template' has no 'metadata' member; maybe '_metadata'?
[2024-12-22 17:03:27] [ERROR] Invalid file path: tests/test_app_core_editor.py:33:11 too-many-function-args/Too many positional arguments for constructor call
[2024-12-22 17:03:27] [ERROR] Invalid file path: tests/test_app_core_editor.py:57:4 no-member/Instance of 'Template' has no 'metadata' member; maybe '_metadata'?
[2024-12-22 17:03:27] [ERROR] Invalid file path: tests/test_template.py:35:11 no-member/Instance of 'Template' has no 'name' member
[2024-12-22 17:03:27] [ERROR] Invalid file path: tests/test_template.py:36:11 no-member/Instance of 'Template' has no 'category' member
[2024-12-22 17:03:27] [ERROR] Invalid file path: tests/test_template.py:38:11 no-member/Instance of 'Template' has no 'metadata' member; maybe '_metadata'?
[2024-12-22 17:03:27] [ERROR] Invalid file path: tests/test_template.py:39:22 no-member/Instance of 'Template' has no 'styles' member
[2024-12-22 17:03:27] [ERROR] Invalid file path: tests/test_template.py:40:22 no-member/Instance of 'Template' has no 'layouts' member
[2024-12-22 17:03:27] [ERROR] Invalid file path: tests/test_template.py:47:4 no-member/Instance of 'Template' has no 'metadata' member; maybe '_metadata'?
[2024-12-22 17:03:27] [ERROR] Invalid file path: tests/test_template.py:48:4 no-member/Instance of 'Template' has no 'add_style' member
[2024-12-22 17:03:27] [ERROR] Invalid file path: tests/test_template.py:49:4 no-member/Instance of 'Template' has no 'add_layout' member
[2024-12-22 17:03:27] [ERROR] Invalid file path: tests/test_template.py:56:11 no-member/Instance of 'Template' has no 'name' member
[2024-12-22 17:03:27] [ERROR] Invalid file path: tests/test_template.py:56:26 no-member/Instance of 'Template' has no 'name' member
[2024-12-22 17:03:27] [ERROR] Invalid file path: tests/test_template.py:58:11 no-member/Instance of 'Template' has no 'metadata' member; maybe '_metadata'?
[2024-12-22 17:03:27] [ERROR] Invalid file path: tests/test_template.py:59:11 no-member/Instance of 'Template' has no 'styles' member
[2024-12-22 17:03:27] [ERROR] Invalid file path: tests/test_template.py:60:11 no-member/Instance of 'Template' has no 'layouts' member
[2024-12-22 17:03:27] [ERROR] Invalid file path: tests/test_template.py:79:4 no-member/Instance of 'Template' has no 'metadata' member; maybe '_metadata'?
[2024-12-22 17:03:27] [ERROR] Invalid file path: tests/test_template.py:80:4 no-member/Instance of 'Template' has no 'metadata' member; maybe '_metadata'?
[2024-12-22 17:03:27] [ERROR] Invalid file path: tests/test_template.py:129:4 no-member/Instance of 'Template' has no 'metadata' member; maybe '_metadata'?
[2024-12-22 17:03:27] [ERROR] Invalid file path: tests/test_template.py:130:4 no-member/Instance of 'Template' has no 'metadata' member; maybe '_metadata'?
[2024-12-22 17:03:27] [ERROR] Invalid file path: tests/test_template.py:133:4 no-member/Instance of 'Template' has no 'metadata' member; maybe '_metadata'?
[2024-12-22 17:03:27] [ERROR] Invalid file path: tests/test_template.py:134:4 no-member/Instance of 'Template' has no 'metadata' member; maybe '_metadata'?
[2024-12-22 17:03:27] [ERROR] Invalid file path: src/book_editor/core/template.py:253:19 unexpected-keyword-arg/Unexpected keyword argument 'category' in constructor call
[2024-12-22 17:03:27] [ERROR] Invalid file path: src/book_editor/core/template.py:266:45 no-member/Instance of 'Template' has no 'category' member
[2024-12-22 17:03:27] [ERROR] Invalid file path: src/book_editor/core/template.py:267:33 no-member/Instance of 'Template' has no 'name' member
[2024-12-22 17:03:27] [ERROR] Invalid file path: src/book_editor/core/template.py:11:0 unused-import/Unused Literal imported from typing
[2024-12-22 17:03:27] [ERROR] Invalid file path: src/book_editor/core/template.py:13:0 unused-import/Unused TemplateStyles imported from src.book_editor.types
[2024-12-22 17:03:27] [ERROR] Invalid file path: src/book_editor/app/core/editor.py:8:0 no-name-in-module/No name 'document' in module 'book_editor.core'
[2024-12-22 17:03:27] [ERROR] Invalid file path: src/book_editor/app/core/editor.py:46:15 broad-exception-caught/Catching too general exception Exception
[2024-12-22 17:03:27] [ERROR] Invalid file path: src/book_editor/app/core/editor.py:60:15 broad-exception-caught/Catching too general exception Exception
[2024-12-22 17:03:27] [ERROR] Invalid file path: src/book_editor/app/core/editor.py:6:0 unused-import/Unused Dict imported from typing
[2024-12-22 17:03:27] [ERROR] Invalid file path: src/book_editor/main.py:70:12 no-member/Instance of 'Template' has no 'add_style' member
[2024-12-22 17:03:27] [ERROR] Invalid file path: src/book_editor/main.py:88:15 no-member/Instance of 'Template' has no 'metadata' member; maybe '_metadata'?
[2024-12-22 17:03:28] [INFO] Starting fix iteration 2 of 3
[2024-12-22 17:03:28] [Running linting checks...] 
[2024-12-22 17:03:42] [INFO] Starting auto-fix process...
[2024-12-22 17:03:42] [INFO] Starting auto-fix process...
[2024-12-22 17:03:42] [INFO] Starting fix iteration 1 of 3
[2024-12-22 17:03:42] [Running linting checks...] 
[2024-12-22 17:04:20] [Found       56 error patterns] 
[2024-12-22 17:04:20] [ERROR] Invalid file path: tests/test_core_editor_extended.py:15:10 no-member/Instance of 'Editor' has no 'new_document' member
[2024-12-22 17:04:20] [ERROR] Invalid file path: tests/test_core_editor_extended.py:25:10 no-member/Instance of 'Editor' has no 'new_document' member
[2024-12-22 17:04:20] [ERROR] Invalid file path: tests/test_core_editor_extended.py:41:10 no-member/Instance of 'Editor' has no 'new_document' member
[2024-12-22 17:04:20] [ERROR] Invalid file path: tests/test_core_editor_extended.py:47:4 no-member/Instance of 'Editor' has no 'set_content' member
[2024-12-22 17:04:20] [ERROR] Invalid file path: tests/test_core_editor_extended.py:51:4 no-member/Instance of 'Editor' has no 'set_content' member
[2024-12-22 17:04:20] [ERROR] Invalid file path: tests/test_core_editor_extended.py:58:10 no-member/Instance of 'Editor' has no 'new_document' member
[2024-12-22 17:04:20] [ERROR] Invalid file path: tests/test_core_editor_extended.py:63:4 no-member/Instance of 'Editor' has no 'set_content' member
[2024-12-22 17:04:20] [ERROR] Invalid file path: tests/test_core_editor_extended.py:74:11 no-member/Instance of 'Editor' has no 'new_document' member
[2024-12-22 17:04:20] [ERROR] Invalid file path: tests/test_core_editor_extended.py:75:11 no-member/Instance of 'Editor' has no 'new_document' member
[2024-12-22 17:04:20] [ERROR] Invalid file path: tests/test_core_editor_extended.py:77:11 no-member/Instance of 'Editor' has no 'get_current_document' member
[2024-12-22 17:04:20] [ERROR] Invalid file path: tests/test_core_editor_extended.py:80:4 no-member/Instance of 'Editor' has no 'set_current_document' member
[2024-12-22 17:04:20] [ERROR] Invalid file path: tests/test_core_editor_extended.py:81:11 no-member/Instance of 'Editor' has no 'get_current_document' member
[2024-12-22 17:04:20] [ERROR] Invalid file path: tests/test_core_editor_extended.py:87:4 no-member/Instance of 'Editor' has no 'new_document' member
[2024-12-22 17:04:20] [ERROR] Invalid file path: tests/test_app_core.py:50:11 too-many-function-args/Too many positional arguments for constructor call
[2024-12-22 17:04:20] [ERROR] Invalid file path: tests/test_app_core.py:89:4 no-member/Instance of 'Template' has no 'metadata' member; maybe '_metadata'?
[2024-12-22 17:04:20] [ERROR] Invalid file path: tests/test_app_core_editor.py:33:11 too-many-function-args/Too many positional arguments for constructor call
[2024-12-22 17:04:20] [ERROR] Invalid file path: tests/test_app_core_editor.py:57:4 no-member/Instance of 'Template' has no 'metadata' member; maybe '_metadata'?
[2024-12-22 17:04:20] [ERROR] Invalid file path: tests/test_template.py:35:11 no-member/Instance of 'Template' has no 'name' member
[2024-12-22 17:04:20] [ERROR] Invalid file path: tests/test_template.py:36:11 no-member/Instance of 'Template' has no 'category' member
[2024-12-22 17:04:20] [ERROR] Invalid file path: tests/test_template.py:38:11 no-member/Instance of 'Template' has no 'metadata' member; maybe '_metadata'?
[2024-12-22 17:04:20] [ERROR] Invalid file path: tests/test_template.py:39:22 no-member/Instance of 'Template' has no 'styles' member
[2024-12-22 17:04:20] [ERROR] Invalid file path: tests/test_template.py:40:22 no-member/Instance of 'Template' has no 'layouts' member
[2024-12-22 17:04:20] [ERROR] Invalid file path: tests/test_template.py:47:4 no-member/Instance of 'Template' has no 'metadata' member; maybe '_metadata'?
[2024-12-22 17:04:20] [ERROR] Invalid file path: tests/test_template.py:48:4 no-member/Instance of 'Template' has no 'add_style' member
[2024-12-22 17:04:20] [ERROR] Invalid file path: tests/test_template.py:49:4 no-member/Instance of 'Template' has no 'add_layout' member
[2024-12-22 17:04:20] [ERROR] Invalid file path: tests/test_template.py:56:11 no-member/Instance of 'Template' has no 'name' member
[2024-12-22 17:04:20] [ERROR] Invalid file path: tests/test_template.py:56:26 no-member/Instance of 'Template' has no 'name' member
[2024-12-22 17:04:20] [ERROR] Invalid file path: tests/test_template.py:58:11 no-member/Instance of 'Template' has no 'metadata' member; maybe '_metadata'?
[2024-12-22 17:04:20] [ERROR] Invalid file path: tests/test_template.py:59:11 no-member/Instance of 'Template' has no 'styles' member
[2024-12-22 17:04:20] [ERROR] Invalid file path: tests/test_template.py:60:11 no-member/Instance of 'Template' has no 'layouts' member
[2024-12-22 17:04:20] [ERROR] Invalid file path: tests/test_template.py:79:4 no-member/Instance of 'Template' has no 'metadata' member; maybe '_metadata'?
[2024-12-22 17:04:20] [ERROR] Invalid file path: tests/test_template.py:80:4 no-member/Instance of 'Template' has no 'metadata' member; maybe '_metadata'?
[2024-12-22 17:04:20] [ERROR] Invalid file path: tests/test_template.py:129:4 no-member/Instance of 'Template' has no 'metadata' member; maybe '_metadata'?
[2024-12-22 17:04:20] [ERROR] Invalid file path: tests/test_template.py:130:4 no-member/Instance of 'Template' has no 'metadata' member; maybe '_metadata'?
[2024-12-22 17:04:20] [ERROR] Invalid file path: tests/test_template.py:133:4 no-member/Instance of 'Template' has no 'metadata' member; maybe '_metadata'?
[2024-12-22 17:04:20] [ERROR] Invalid file path: tests/test_template.py:134:4 no-member/Instance of 'Template' has no 'metadata' member; maybe '_metadata'?
[2024-12-22 17:04:20] [ERROR] Invalid file path: src/book_editor/core/template.py:253:19 unexpected-keyword-arg/Unexpected keyword argument 'category' in constructor call
[2024-12-22 17:04:20] [ERROR] Invalid file path: src/book_editor/core/template.py:266:45 no-member/Instance of 'Template' has no 'category' member
[2024-12-22 17:04:20] [ERROR] Invalid file path: src/book_editor/core/template.py:267:33 no-member/Instance of 'Template' has no 'name' member
[2024-12-22 17:04:20] [ERROR] Invalid file path: src/book_editor/core/template.py:11:0 unused-import/Unused Literal imported from typing
[2024-12-22 17:04:20] [ERROR] Invalid file path: src/book_editor/core/template.py:13:0 unused-import/Unused TemplateStyles imported from src.book_editor.types
[2024-12-22 17:04:20] [ERROR] Invalid file path: src/book_editor/app/core/editor.py:8:0 no-name-in-module/No name 'document' in module 'book_editor.core'
[2024-12-22 17:04:20] [ERROR] Invalid file path: src/book_editor/app/core/editor.py:46:15 broad-exception-caught/Catching too general exception Exception
[2024-12-22 17:04:20] [ERROR] Invalid file path: src/book_editor/app/core/editor.py:60:15 broad-exception-caught/Catching too general exception Exception
[2024-12-22 17:04:20] [ERROR] Invalid file path: src/book_editor/app/core/editor.py:6:0 unused-import/Unused Dict imported from typing
[2024-12-22 17:04:20] [ERROR] Invalid file path: src/book_editor/main.py:70:12 no-member/Instance of 'Template' has no 'add_style' member
[2024-12-22 17:04:20] [ERROR] Invalid file path: src/book_editor/main.py:88:15 no-member/Instance of 'Template' has no 'metadata' member; maybe '_metadata'?
[2024-12-22 17:04:21] [INFO] Starting fix iteration 2 of 3
[2024-12-22 17:04:21] [Running linting checks...] 
[2024-12-22 17:04:59] [Found       56 error patterns] 
[2024-12-22 17:04:59] [INFO] Not enough errors fixed in last iteration, stopping
[2024-12-22 17:05:01] [INFO] Processing completed in 2 seconds
[2024-12-22 17:05:01] [Running linting checks...] 
[2024-12-22 17:05:39] [Found       56 error patterns] 
[2024-12-22 17:05:39] [INFO] Auto-fix process completed in 117 seconds
[2024-12-22 17:05:39] [ERROR] Some errors remain after 3 iterations
[2024-12-22 17:05:41] [INFO] Starting auto-fix process...
[2024-12-22 17:05:41] [INFO] Starting auto-fix process...
[2024-12-22 17:05:41] [INFO] Starting fix iteration 1 of 3
[2024-12-22 17:05:41] [Running linting checks...] 
[2024-12-22 17:06:19] [Found       56 error patterns] 
[2024-12-22 17:06:19] [ERROR] Invalid file path: tests/test_core_editor_extended.py:15:10 no-member/Instance of 'Editor' has no 'new_document' member
[2024-12-22 17:06:19] [ERROR] Invalid file path: tests/test_core_editor_extended.py:25:10 no-member/Instance of 'Editor' has no 'new_document' member
[2024-12-22 17:06:19] [ERROR] Invalid file path: tests/test_core_editor_extended.py:41:10 no-member/Instance of 'Editor' has no 'new_document' member
[2024-12-22 17:06:19] [ERROR] Invalid file path: tests/test_core_editor_extended.py:47:4 no-member/Instance of 'Editor' has no 'set_content' member
[2024-12-22 17:06:19] [ERROR] Invalid file path: tests/test_core_editor_extended.py:51:4 no-member/Instance of 'Editor' has no 'set_content' member
[2024-12-22 17:06:19] [ERROR] Invalid file path: tests/test_core_editor_extended.py:58:10 no-member/Instance of 'Editor' has no 'new_document' member
[2024-12-22 17:06:19] [ERROR] Invalid file path: tests/test_core_editor_extended.py:63:4 no-member/Instance of 'Editor' has no 'set_content' member
[2024-12-22 17:06:19] [ERROR] Invalid file path: tests/test_core_editor_extended.py:74:11 no-member/Instance of 'Editor' has no 'new_document' member
[2024-12-22 17:06:19] [ERROR] Invalid file path: tests/test_core_editor_extended.py:75:11 no-member/Instance of 'Editor' has no 'new_document' member
[2024-12-22 17:06:19] [ERROR] Invalid file path: tests/test_core_editor_extended.py:77:11 no-member/Instance of 'Editor' has no 'get_current_document' member
[2024-12-22 17:06:19] [ERROR] Invalid file path: tests/test_core_editor_extended.py:80:4 no-member/Instance of 'Editor' has no 'set_current_document' member
[2024-12-22 17:06:19] [ERROR] Invalid file path: tests/test_core_editor_extended.py:81:11 no-member/Instance of 'Editor' has no 'get_current_document' member
[2024-12-22 17:06:19] [ERROR] Invalid file path: tests/test_core_editor_extended.py:87:4 no-member/Instance of 'Editor' has no 'new_document' member
[2024-12-22 17:06:19] [ERROR] Invalid file path: tests/test_app_core.py:50:11 too-many-function-args/Too many positional arguments for constructor call
[2024-12-22 17:06:19] [ERROR] Invalid file path: tests/test_app_core.py:89:4 no-member/Instance of 'Template' has no 'metadata' member; maybe '_metadata'?
[2024-12-22 17:06:19] [ERROR] Invalid file path: tests/test_app_core_editor.py:33:11 too-many-function-args/Too many positional arguments for constructor call
[2024-12-22 17:06:19] [ERROR] Invalid file path: tests/test_app_core_editor.py:57:4 no-member/Instance of 'Template' has no 'metadata' member; maybe '_metadata'?
[2024-12-22 17:06:19] [ERROR] Invalid file path: tests/test_template.py:35:11 no-member/Instance of 'Template' has no 'name' member
[2024-12-22 17:06:19] [ERROR] Invalid file path: tests/test_template.py:36:11 no-member/Instance of 'Template' has no 'category' member
[2024-12-22 17:06:19] [ERROR] Invalid file path: tests/test_template.py:38:11 no-member/Instance of 'Template' has no 'metadata' member; maybe '_metadata'?
[2024-12-22 17:06:19] [ERROR] Invalid file path: tests/test_template.py:39:22 no-member/Instance of 'Template' has no 'styles' member
[2024-12-22 17:06:19] [ERROR] Invalid file path: tests/test_template.py:40:22 no-member/Instance of 'Template' has no 'layouts' member
[2024-12-22 17:06:19] [ERROR] Invalid file path: tests/test_template.py:47:4 no-member/Instance of 'Template' has no 'metadata' member; maybe '_metadata'?
[2024-12-22 17:06:19] [ERROR] Invalid file path: tests/test_template.py:48:4 no-member/Instance of 'Template' has no 'add_style' member
[2024-12-22 17:06:19] [ERROR] Invalid file path: tests/test_template.py:49:4 no-member/Instance of 'Template' has no 'add_layout' member
[2024-12-22 17:06:19] [ERROR] Invalid file path: tests/test_template.py:56:11 no-member/Instance of 'Template' has no 'name' member
[2024-12-22 17:06:19] [ERROR] Invalid file path: tests/test_template.py:56:26 no-member/Instance of 'Template' has no 'name' member
[2024-12-22 17:06:19] [ERROR] Invalid file path: tests/test_template.py:58:11 no-member/Instance of 'Template' has no 'metadata' member; maybe '_metadata'?
[2024-12-22 17:06:19] [ERROR] Invalid file path: tests/test_template.py:59:11 no-member/Instance of 'Template' has no 'styles' member
[2024-12-22 17:06:19] [ERROR] Invalid file path: tests/test_template.py:60:11 no-member/Instance of 'Template' has no 'layouts' member
[2024-12-22 17:06:19] [ERROR] Invalid file path: tests/test_template.py:79:4 no-member/Instance of 'Template' has no 'metadata' member; maybe '_metadata'?
[2024-12-22 17:06:19] [ERROR] Invalid file path: tests/test_template.py:80:4 no-member/Instance of 'Template' has no 'metadata' member; maybe '_metadata'?
[2024-12-22 17:06:19] [ERROR] Invalid file path: tests/test_template.py:129:4 no-member/Instance of 'Template' has no 'metadata' member; maybe '_metadata'?
[2024-12-22 17:06:19] [ERROR] Invalid file path: tests/test_template.py:130:4 no-member/Instance of 'Template' has no 'metadata' member; maybe '_metadata'?
[2024-12-22 17:06:19] [ERROR] Invalid file path: tests/test_template.py:133:4 no-member/Instance of 'Template' has no 'metadata' member; maybe '_metadata'?
[2024-12-22 17:06:19] [ERROR] Invalid file path: tests/test_template.py:134:4 no-member/Instance of 'Template' has no 'metadata' member; maybe '_metadata'?
[2024-12-22 17:06:19] [ERROR] Invalid file path: src/book_editor/core/template.py:253:19 unexpected-keyword-arg/Unexpected keyword argument 'category' in constructor call
[2024-12-22 17:06:19] [ERROR] Invalid file path: src/book_editor/core/template.py:266:45 no-member/Instance of 'Template' has no 'category' member
[2024-12-22 17:06:19] [ERROR] Invalid file path: src/book_editor/core/template.py:267:33 no-member/Instance of 'Template' has no 'name' member
[2024-12-22 17:06:19] [ERROR] Invalid file path: src/book_editor/core/template.py:11:0 unused-import/Unused Literal imported from typing
[2024-12-22 17:06:19] [ERROR] Invalid file path: src/book_editor/core/template.py:13:0 unused-import/Unused TemplateStyles imported from src.book_editor.types
[2024-12-22 17:06:19] [ERROR] Invalid file path: src/book_editor/app/core/editor.py:8:0 no-name-in-module/No name 'document' in module 'book_editor.core'
[2024-12-22 17:06:19] [ERROR] Invalid file path: src/book_editor/app/core/editor.py:46:15 broad-exception-caught/Catching too general exception Exception
[2024-12-22 17:06:19] [ERROR] Invalid file path: src/book_editor/app/core/editor.py:60:15 broad-exception-caught/Catching too general exception Exception
[2024-12-22 17:06:19] [ERROR] Invalid file path: src/book_editor/app/core/editor.py:6:0 unused-import/Unused Dict imported from typing
[2024-12-22 17:06:19] [ERROR] Invalid file path: src/book_editor/main.py:70:12 no-member/Instance of 'Template' has no 'add_style' member
[2024-12-22 17:06:19] [ERROR] Invalid file path: src/book_editor/main.py:88:15 no-member/Instance of 'Template' has no 'metadata' member; maybe '_metadata'?
[2024-12-22 17:06:20] [INFO] Starting fix iteration 2 of 3
[2024-12-22 17:06:20] [Running linting checks...] 
[2024-12-22 17:06:58] [Found       56 error patterns] 
[2024-12-22 17:06:58] [INFO] Not enough errors fixed in last iteration, stopping
[2024-12-22 17:07:00] [INFO] Processing completed in 2 seconds
[2024-12-22 17:07:00] [Running linting checks...] 
[2024-12-22 17:07:38] [Found       56 error patterns] 
[2024-12-22 17:07:38] [INFO] Auto-fix process completed in 117 seconds
[2024-12-22 17:07:38] [ERROR] Some errors remain after 3 iterations
[2024-12-22 17:07:40] [INFO] Starting auto-fix process...
[2024-12-22 17:07:40] [INFO] Starting auto-fix process...
[2024-12-22 17:07:40] [INFO] Starting fix iteration 1 of 3
[2024-12-22 17:07:40] [Running linting checks...] 
[2024-12-22 17:08:18] [Found       56 error patterns] 
[2024-12-22 17:08:18] [ERROR] Invalid file path: tests/test_core_editor_extended.py:15:10 no-member/Instance of 'Editor' has no 'new_document' member
[2024-12-22 17:08:18] [ERROR] Invalid file path: tests/test_core_editor_extended.py:25:10 no-member/Instance of 'Editor' has no 'new_document' member
[2024-12-22 17:08:18] [ERROR] Invalid file path: tests/test_core_editor_extended.py:41:10 no-member/Instance of 'Editor' has no 'new_document' member
[2024-12-22 17:08:18] [ERROR] Invalid file path: tests/test_core_editor_extended.py:47:4 no-member/Instance of 'Editor' has no 'set_content' member
[2024-12-22 17:08:18] [ERROR] Invalid file path: tests/test_core_editor_extended.py:51:4 no-member/Instance of 'Editor' has no 'set_content' member
[2024-12-22 17:08:18] [ERROR] Invalid file path: tests/test_core_editor_extended.py:58:10 no-member/Instance of 'Editor' has no 'new_document' member
[2024-12-22 17:08:18] [ERROR] Invalid file path: tests/test_core_editor_extended.py:63:4 no-member/Instance of 'Editor' has no 'set_content' member
[2024-12-22 17:08:18] [ERROR] Invalid file path: tests/test_core_editor_extended.py:74:11 no-member/Instance of 'Editor' has no 'new_document' member
[2024-12-22 17:08:18] [ERROR] Invalid file path: tests/test_core_editor_extended.py:75:11 no-member/Instance of 'Editor' has no 'new_document' member
[2024-12-22 17:08:18] [ERROR] Invalid file path: tests/test_core_editor_extended.py:77:11 no-member/Instance of 'Editor' has no 'get_current_document' member
[2024-12-22 17:08:18] [ERROR] Invalid file path: tests/test_core_editor_extended.py:80:4 no-member/Instance of 'Editor' has no 'set_current_document' member
[2024-12-22 17:08:18] [ERROR] Invalid file path: tests/test_core_editor_extended.py:81:11 no-member/Instance of 'Editor' has no 'get_current_document' member
[2024-12-22 17:08:18] [ERROR] Invalid file path: tests/test_core_editor_extended.py:87:4 no-member/Instance of 'Editor' has no 'new_document' member
[2024-12-22 17:08:18] [ERROR] Invalid file path: tests/test_app_core.py:50:11 too-many-function-args/Too many positional arguments for constructor call
[2024-12-22 17:08:18] [ERROR] Invalid file path: tests/test_app_core.py:89:4 no-member/Instance of 'Template' has no 'metadata' member; maybe '_metadata'?
[2024-12-22 17:08:18] [ERROR] Invalid file path: tests/test_app_core_editor.py:33:11 too-many-function-args/Too many positional arguments for constructor call
[2024-12-22 17:08:18] [ERROR] Invalid file path: tests/test_app_core_editor.py:57:4 no-member/Instance of 'Template' has no 'metadata' member; maybe '_metadata'?
[2024-12-22 17:08:18] [ERROR] Invalid file path: tests/test_template.py:35:11 no-member/Instance of 'Template' has no 'name' member
[2024-12-22 17:08:18] [ERROR] Invalid file path: tests/test_template.py:36:11 no-member/Instance of 'Template' has no 'category' member
[2024-12-22 17:08:18] [ERROR] Invalid file path: tests/test_template.py:38:11 no-member/Instance of 'Template' has no 'metadata' member; maybe '_metadata'?
[2024-12-22 17:08:18] [ERROR] Invalid file path: tests/test_template.py:39:22 no-member/Instance of 'Template' has no 'styles' member
[2024-12-22 17:08:18] [ERROR] Invalid file path: tests/test_template.py:40:22 no-member/Instance of 'Template' has no 'layouts' member
[2024-12-22 17:08:18] [ERROR] Invalid file path: tests/test_template.py:47:4 no-member/Instance of 'Template' has no 'metadata' member; maybe '_metadata'?
[2024-12-22 17:08:18] [ERROR] Invalid file path: tests/test_template.py:48:4 no-member/Instance of 'Template' has no 'add_style' member
[2024-12-22 17:08:18] [ERROR] Invalid file path: tests/test_template.py:49:4 no-member/Instance of 'Template' has no 'add_layout' member
[2024-12-22 17:08:18] [ERROR] Invalid file path: tests/test_template.py:56:11 no-member/Instance of 'Template' has no 'name' member
[2024-12-22 17:08:18] [ERROR] Invalid file path: tests/test_template.py:56:26 no-member/Instance of 'Template' has no 'name' member
[2024-12-22 17:08:18] [ERROR] Invalid file path: tests/test_template.py:58:11 no-member/Instance of 'Template' has no 'metadata' member; maybe '_metadata'?
[2024-12-22 17:08:18] [ERROR] Invalid file path: tests/test_template.py:59:11 no-member/Instance of 'Template' has no 'styles' member
[2024-12-22 17:08:18] [ERROR] Invalid file path: tests/test_template.py:60:11 no-member/Instance of 'Template' has no 'layouts' member
[2024-12-22 17:08:18] [ERROR] Invalid file path: tests/test_template.py:79:4 no-member/Instance of 'Template' has no 'metadata' member; maybe '_metadata'?
[2024-12-22 17:08:18] [ERROR] Invalid file path: tests/test_template.py:80:4 no-member/Instance of 'Template' has no 'metadata' member; maybe '_metadata'?
[2024-12-22 17:08:18] [ERROR] Invalid file path: tests/test_template.py:129:4 no-member/Instance of 'Template' has no 'metadata' member; maybe '_metadata'?
[2024-12-22 17:08:18] [ERROR] Invalid file path: tests/test_template.py:130:4 no-member/Instance of 'Template' has no 'metadata' member; maybe '_metadata'?
[2024-12-22 17:08:18] [ERROR] Invalid file path: tests/test_template.py:133:4 no-member/Instance of 'Template' has no 'metadata' member; maybe '_metadata'?
[2024-12-22 17:08:18] [ERROR] Invalid file path: tests/test_template.py:134:4 no-member/Instance of 'Template' has no 'metadata' member; maybe '_metadata'?
[2024-12-22 17:08:18] [ERROR] Invalid file path: src/book_editor/core/template.py:253:19 unexpected-keyword-arg/Unexpected keyword argument 'category' in constructor call
[2024-12-22 17:08:18] [ERROR] Invalid file path: src/book_editor/core/template.py:266:45 no-member/Instance of 'Template' has no 'category' member
[2024-12-22 17:08:18] [ERROR] Invalid file path: src/book_editor/core/template.py:267:33 no-member/Instance of 'Template' has no 'name' member
[2024-12-22 17:08:18] [ERROR] Invalid file path: src/book_editor/core/template.py:11:0 unused-import/Unused Literal imported from typing
[2024-12-22 17:08:18] [ERROR] Invalid file path: src/book_editor/core/template.py:13:0 unused-import/Unused TemplateStyles imported from src.book_editor.types
[2024-12-22 17:08:18] [ERROR] Invalid file path: src/book_editor/app/core/editor.py:8:0 no-name-in-module/No name 'document' in module 'book_editor.core'
[2024-12-22 17:08:18] [ERROR] Invalid file path: src/book_editor/app/core/editor.py:46:15 broad-exception-caught/Catching too general exception Exception
[2024-12-22 17:08:18] [ERROR] Invalid file path: src/book_editor/app/core/editor.py:60:15 broad-exception-caught/Catching too general exception Exception
[2024-12-22 17:08:18] [ERROR] Invalid file path: src/book_editor/app/core/editor.py:6:0 unused-import/Unused Dict imported from typing
[2024-12-22 17:08:19] [ERROR] Invalid file path: src/book_editor/main.py:70:12 no-member/Instance of 'Template' has no 'add_style' member
[2024-12-22 17:08:19] [ERROR] Invalid file path: src/book_editor/main.py:88:15 no-member/Instance of 'Template' has no 'metadata' member; maybe '_metadata'?
[2024-12-22 17:08:19] [INFO] Starting fix iteration 2 of 3
[2024-12-22 17:08:19] [Running linting checks...] 
[2024-12-22 17:08:57] [Found       56 error patterns] 
[2024-12-22 17:08:57] [INFO] Not enough errors fixed in last iteration, stopping
[2024-12-22 17:09:00] [INFO] Processing completed in 3 seconds
[2024-12-22 17:09:00] [Running linting checks...] 
[2024-12-22 17:09:37] [Found       56 error patterns] 
[2024-12-22 17:09:37] [INFO] Auto-fix process completed in 117 seconds
[2024-12-22 17:09:37] [ERROR] Some errors remain after 3 iterations
[2024-12-22 17:09:51] [INFO] Starting auto-fix process...
[2024-12-22 17:09:51] [INFO] Starting auto-fix process...
[2024-12-22 17:09:51] [INFO] Starting fix iteration 1 of 3
[2024-12-22 17:09:51] [Running linting checks...] 
[2024-12-22 17:10:03] [INFO] Starting auto-fix process...
[2024-12-22 17:10:03] [INFO] Starting auto-fix process...
[2024-12-22 17:10:03] [INFO] Starting fix iteration 1 of 3
[2024-12-22 17:10:03] [Running linting checks...] 
[2024-12-22 17:10:43] [Found       56 error patterns] 
[2024-12-22 17:10:43] [ERROR] Invalid file path: tests/test_core_editor_extended.py:15:10 no-member/Instance of 'Editor' has no 'new_document' member
[2024-12-22 17:10:43] [ERROR] Invalid file path: tests/test_core_editor_extended.py:25:10 no-member/Instance of 'Editor' has no 'new_document' member
[2024-12-22 17:10:43] [ERROR] Invalid file path: tests/test_core_editor_extended.py:41:10 no-member/Instance of 'Editor' has no 'new_document' member
[2024-12-22 17:10:43] [ERROR] Invalid file path: tests/test_core_editor_extended.py:47:4 no-member/Instance of 'Editor' has no 'set_content' member
[2024-12-22 17:10:43] [ERROR] Invalid file path: tests/test_core_editor_extended.py:51:4 no-member/Instance of 'Editor' has no 'set_content' member
[2024-12-22 17:10:43] [ERROR] Invalid file path: tests/test_core_editor_extended.py:58:10 no-member/Instance of 'Editor' has no 'new_document' member
[2024-12-22 17:10:43] [ERROR] Invalid file path: tests/test_core_editor_extended.py:63:4 no-member/Instance of 'Editor' has no 'set_content' member
[2024-12-22 17:10:43] [ERROR] Invalid file path: tests/test_core_editor_extended.py:74:11 no-member/Instance of 'Editor' has no 'new_document' member
[2024-12-22 17:10:43] [ERROR] Invalid file path: tests/test_core_editor_extended.py:75:11 no-member/Instance of 'Editor' has no 'new_document' member
[2024-12-22 17:10:43] [ERROR] Invalid file path: tests/test_core_editor_extended.py:77:11 no-member/Instance of 'Editor' has no 'get_current_document' member
[2024-12-22 17:10:43] [ERROR] Invalid file path: tests/test_core_editor_extended.py:80:4 no-member/Instance of 'Editor' has no 'set_current_document' member
[2024-12-22 17:10:43] [ERROR] Invalid file path: tests/test_core_editor_extended.py:81:11 no-member/Instance of 'Editor' has no 'get_current_document' member
[2024-12-22 17:10:43] [ERROR] Invalid file path: tests/test_core_editor_extended.py:87:4 no-member/Instance of 'Editor' has no 'new_document' member
[2024-12-22 17:10:43] [ERROR] Invalid file path: tests/test_app_core.py:50:11 too-many-function-args/Too many positional arguments for constructor call
[2024-12-22 17:10:43] [ERROR] Invalid file path: tests/test_app_core.py:89:4 no-member/Instance of 'Template' has no 'metadata' member; maybe '_metadata'?
[2024-12-22 17:10:43] [ERROR] Invalid file path: tests/test_app_core_editor.py:33:11 too-many-function-args/Too many positional arguments for constructor call
[2024-12-22 17:10:43] [ERROR] Invalid file path: tests/test_app_core_editor.py:57:4 no-member/Instance of 'Template' has no 'metadata' member; maybe '_metadata'?
[2024-12-22 17:10:43] [ERROR] Invalid file path: tests/test_template.py:35:11 no-member/Instance of 'Template' has no 'name' member
[2024-12-22 17:10:43] [ERROR] Invalid file path: tests/test_template.py:36:11 no-member/Instance of 'Template' has no 'category' member
[2024-12-22 17:10:43] [ERROR] Invalid file path: tests/test_template.py:38:11 no-member/Instance of 'Template' has no 'metadata' member; maybe '_metadata'?
[2024-12-22 17:10:43] [ERROR] Invalid file path: tests/test_template.py:39:22 no-member/Instance of 'Template' has no 'styles' member
[2024-12-22 17:10:43] [ERROR] Invalid file path: tests/test_template.py:40:22 no-member/Instance of 'Template' has no 'layouts' member
[2024-12-22 17:10:43] [ERROR] Invalid file path: tests/test_template.py:47:4 no-member/Instance of 'Template' has no 'metadata' member; maybe '_metadata'?
[2024-12-22 17:10:43] [ERROR] Invalid file path: tests/test_template.py:48:4 no-member/Instance of 'Template' has no 'add_style' member
[2024-12-22 17:10:43] [ERROR] Invalid file path: tests/test_template.py:49:4 no-member/Instance of 'Template' has no 'add_layout' member
[2024-12-22 17:10:43] [ERROR] Invalid file path: tests/test_template.py:56:11 no-member/Instance of 'Template' has no 'name' member
[2024-12-22 17:10:43] [ERROR] Invalid file path: tests/test_template.py:56:26 no-member/Instance of 'Template' has no 'name' member
[2024-12-22 17:10:43] [ERROR] Invalid file path: tests/test_template.py:58:11 no-member/Instance of 'Template' has no 'metadata' member; maybe '_metadata'?
[2024-12-22 17:10:43] [ERROR] Invalid file path: tests/test_template.py:59:11 no-member/Instance of 'Template' has no 'styles' member
[2024-12-22 17:10:43] [ERROR] Invalid file path: tests/test_template.py:60:11 no-member/Instance of 'Template' has no 'layouts' member
[2024-12-22 17:10:43] [ERROR] Invalid file path: tests/test_template.py:79:4 no-member/Instance of 'Template' has no 'metadata' member; maybe '_metadata'?
[2024-12-22 17:10:43] [ERROR] Invalid file path: tests/test_template.py:80:4 no-member/Instance of 'Template' has no 'metadata' member; maybe '_metadata'?
[2024-12-22 17:10:43] [ERROR] Invalid file path: tests/test_template.py:129:4 no-member/Instance of 'Template' has no 'metadata' member; maybe '_metadata'?
[2024-12-22 17:10:43] [ERROR] Invalid file path: tests/test_template.py:130:4 no-member/Instance of 'Template' has no 'metadata' member; maybe '_metadata'?
[2024-12-22 17:10:43] [ERROR] Invalid file path: tests/test_template.py:133:4 no-member/Instance of 'Template' has no 'metadata' member; maybe '_metadata'?
[2024-12-22 17:10:43] [ERROR] Invalid file path: tests/test_template.py:134:4 no-member/Instance of 'Template' has no 'metadata' member; maybe '_metadata'?
[2024-12-22 17:10:43] [ERROR] Invalid file path: src/book_editor/core/template.py:253:19 unexpected-keyword-arg/Unexpected keyword argument 'category' in constructor call
[2024-12-22 17:10:43] [ERROR] Invalid file path: src/book_editor/core/template.py:266:45 no-member/Instance of 'Template' has no 'category' member
[2024-12-22 17:10:43] [ERROR] Invalid file path: src/book_editor/core/template.py:267:33 no-member/Instance of 'Template' has no 'name' member
[2024-12-22 17:10:43] [ERROR] Invalid file path: src/book_editor/core/template.py:11:0 unused-import/Unused Literal imported from typing
[2024-12-22 17:10:43] [ERROR] Invalid file path: src/book_editor/core/template.py:13:0 unused-import/Unused TemplateStyles imported from src.book_editor.types
[2024-12-22 17:10:43] [ERROR] Invalid file path: src/book_editor/app/core/editor.py:8:0 no-name-in-module/No name 'document' in module 'book_editor.core'
[2024-12-22 17:10:43] [ERROR] Invalid file path: src/book_editor/app/core/editor.py:46:15 broad-exception-caught/Catching too general exception Exception
[2024-12-22 17:10:43] [ERROR] Invalid file path: src/book_editor/app/core/editor.py:60:15 broad-exception-caught/Catching too general exception Exception
[2024-12-22 17:10:43] [ERROR] Invalid file path: src/book_editor/app/core/editor.py:6:0 unused-import/Unused Dict imported from typing
[2024-12-22 17:10:43] [ERROR] Invalid file path: src/book_editor/main.py:70:12 no-member/Instance of 'Template' has no 'add_style' member
[2024-12-22 17:10:43] [ERROR] Invalid file path: src/book_editor/main.py:88:15 no-member/Instance of 'Template' has no 'metadata' member; maybe '_metadata'?
[2024-12-22 17:10:44] [INFO] Starting fix iteration 2 of 3
[2024-12-22 17:10:44] [Running linting checks...] 
[2024-12-22 17:15:18] [INFO] Starting auto-fix process...
[2024-12-22 17:15:18] [INFO] Starting auto-fix process...
[2024-12-22 17:15:18] [INFO] Starting fix iteration 1 of 3
[2024-12-22 17:15:18] [Running linting checks...] 
[2024-12-22 17:15:57] [Found       56 error patterns] 
[2024-12-22 17:15:57] [ERROR] Invalid file path: tests/test_core_editor_extended.py:15:10 no-member/Instance of 'Editor' has no 'new_document' member
[2024-12-22 17:15:57] [ERROR] Invalid file path: tests/test_core_editor_extended.py:25:10 no-member/Instance of 'Editor' has no 'new_document' member
[2024-12-22 17:15:57] [ERROR] Invalid file path: tests/test_core_editor_extended.py:41:10 no-member/Instance of 'Editor' has no 'new_document' member
[2024-12-22 17:15:57] [ERROR] Invalid file path: tests/test_core_editor_extended.py:47:4 no-member/Instance of 'Editor' has no 'set_content' member
[2024-12-22 17:15:57] [ERROR] Invalid file path: tests/test_core_editor_extended.py:51:4 no-member/Instance of 'Editor' has no 'set_content' member
[2024-12-22 17:15:57] [ERROR] Invalid file path: tests/test_core_editor_extended.py:58:10 no-member/Instance of 'Editor' has no 'new_document' member
[2024-12-22 17:15:57] [ERROR] Invalid file path: tests/test_core_editor_extended.py:63:4 no-member/Instance of 'Editor' has no 'set_content' member
[2024-12-22 17:15:57] [ERROR] Invalid file path: tests/test_core_editor_extended.py:74:11 no-member/Instance of 'Editor' has no 'new_document' member
[2024-12-22 17:15:57] [ERROR] Invalid file path: tests/test_core_editor_extended.py:75:11 no-member/Instance of 'Editor' has no 'new_document' member
[2024-12-22 17:15:57] [ERROR] Invalid file path: tests/test_core_editor_extended.py:77:11 no-member/Instance of 'Editor' has no 'get_current_document' member
[2024-12-22 17:15:57] [ERROR] Invalid file path: tests/test_core_editor_extended.py:80:4 no-member/Instance of 'Editor' has no 'set_current_document' member
[2024-12-22 17:15:57] [ERROR] Invalid file path: tests/test_core_editor_extended.py:81:11 no-member/Instance of 'Editor' has no 'get_current_document' member
[2024-12-22 17:15:57] [ERROR] Invalid file path: tests/test_core_editor_extended.py:87:4 no-member/Instance of 'Editor' has no 'new_document' member
[2024-12-22 17:15:57] [ERROR] Invalid file path: tests/test_app_core.py:50:11 too-many-function-args/Too many positional arguments for constructor call
[2024-12-22 17:15:57] [ERROR] Invalid file path: tests/test_app_core.py:89:4 no-member/Instance of 'Template' has no 'metadata' member; maybe '_metadata'?
[2024-12-22 17:15:57] [ERROR] Invalid file path: tests/test_app_core_editor.py:33:11 too-many-function-args/Too many positional arguments for constructor call
[2024-12-22 17:15:57] [ERROR] Invalid file path: tests/test_app_core_editor.py:57:4 no-member/Instance of 'Template' has no 'metadata' member; maybe '_metadata'?
[2024-12-22 17:15:57] [ERROR] Invalid file path: tests/test_template.py:35:11 no-member/Instance of 'Template' has no 'name' member
[2024-12-22 17:15:57] [ERROR] Invalid file path: tests/test_template.py:36:11 no-member/Instance of 'Template' has no 'category' member
[2024-12-22 17:15:57] [ERROR] Invalid file path: tests/test_template.py:38:11 no-member/Instance of 'Template' has no 'metadata' member; maybe '_metadata'?
[2024-12-22 17:15:57] [ERROR] Invalid file path: tests/test_template.py:39:22 no-member/Instance of 'Template' has no 'styles' member
[2024-12-22 17:15:57] [ERROR] Invalid file path: tests/test_template.py:40:22 no-member/Instance of 'Template' has no 'layouts' member
[2024-12-22 17:15:57] [ERROR] Invalid file path: tests/test_template.py:47:4 no-member/Instance of 'Template' has no 'metadata' member; maybe '_metadata'?
[2024-12-22 17:15:57] [ERROR] Invalid file path: tests/test_template.py:48:4 no-member/Instance of 'Template' has no 'add_style' member
[2024-12-22 17:15:57] [ERROR] Invalid file path: tests/test_template.py:49:4 no-member/Instance of 'Template' has no 'add_layout' member
[2024-12-22 17:15:57] [ERROR] Invalid file path: tests/test_template.py:56:11 no-member/Instance of 'Template' has no 'name' member
[2024-12-22 17:15:57] [ERROR] Invalid file path: tests/test_template.py:56:26 no-member/Instance of 'Template' has no 'name' member
[2024-12-22 17:15:57] [ERROR] Invalid file path: tests/test_template.py:58:11 no-member/Instance of 'Template' has no 'metadata' member; maybe '_metadata'?
[2024-12-22 17:15:57] [ERROR] Invalid file path: tests/test_template.py:59:11 no-member/Instance of 'Template' has no 'styles' member
[2024-12-22 17:15:57] [ERROR] Invalid file path: tests/test_template.py:60:11 no-member/Instance of 'Template' has no 'layouts' member
[2024-12-22 17:15:57] [ERROR] Invalid file path: tests/test_template.py:79:4 no-member/Instance of 'Template' has no 'metadata' member; maybe '_metadata'?
[2024-12-22 17:15:57] [ERROR] Invalid file path: tests/test_template.py:80:4 no-member/Instance of 'Template' has no 'metadata' member; maybe '_metadata'?
[2024-12-22 17:15:57] [ERROR] Invalid file path: tests/test_template.py:129:4 no-member/Instance of 'Template' has no 'metadata' member; maybe '_metadata'?
[2024-12-22 17:15:57] [ERROR] Invalid file path: tests/test_template.py:130:4 no-member/Instance of 'Template' has no 'metadata' member; maybe '_metadata'?
[2024-12-22 17:15:57] [ERROR] Invalid file path: tests/test_template.py:133:4 no-member/Instance of 'Template' has no 'metadata' member; maybe '_metadata'?
[2024-12-22 17:15:57] [ERROR] Invalid file path: tests/test_template.py:134:4 no-member/Instance of 'Template' has no 'metadata' member; maybe '_metadata'?
[2024-12-22 17:15:57] [ERROR] Invalid file path: src/book_editor/core/template.py:253:19 unexpected-keyword-arg/Unexpected keyword argument 'category' in constructor call
[2024-12-22 17:15:57] [ERROR] Invalid file path: src/book_editor/core/template.py:266:45 no-member/Instance of 'Template' has no 'category' member
[2024-12-22 17:15:57] [ERROR] Invalid file path: src/book_editor/core/template.py:267:33 no-member/Instance of 'Template' has no 'name' member
[2024-12-22 17:15:57] [ERROR] Invalid file path: src/book_editor/core/template.py:11:0 unused-import/Unused Literal imported from typing
[2024-12-22 17:15:57] [ERROR] Invalid file path: src/book_editor/core/template.py:13:0 unused-import/Unused TemplateStyles imported from src.book_editor.types
[2024-12-22 17:15:57] [ERROR] Invalid file path: src/book_editor/app/core/editor.py:8:0 no-name-in-module/No name 'document' in module 'book_editor.core'
[2024-12-22 17:15:57] [ERROR] Invalid file path: src/book_editor/app/core/editor.py:46:15 broad-exception-caught/Catching too general exception Exception
[2024-12-22 17:15:57] [ERROR] Invalid file path: src/book_editor/app/core/editor.py:60:15 broad-exception-caught/Catching too general exception Exception
[2024-12-22 17:15:57] [ERROR] Invalid file path: src/book_editor/app/core/editor.py:6:0 unused-import/Unused Dict imported from typing
[2024-12-22 17:15:57] [ERROR] Invalid file path: src/book_editor/main.py:70:12 no-member/Instance of 'Template' has no 'add_style' member
[2024-12-22 17:15:57] [ERROR] Invalid file path: src/book_editor/main.py:88:15 no-member/Instance of 'Template' has no 'metadata' member; maybe '_metadata'?
[2024-12-22 17:15:58] [INFO] Starting fix iteration 2 of 3
[2024-12-22 17:15:58] [Running linting checks...] 
[2024-12-22 17:16:15] [INFO] Starting auto-fix process...
[2024-12-22 17:16:15] [INFO] Starting auto-fix process...
[2024-12-22 17:16:15] [INFO] Starting fix iteration 1 of 3
[2024-12-22 17:16:15] [Running linting checks...] 
[2024-12-22 17:16:53] [Found       56 error patterns] 
[2024-12-22 17:16:53] [ERROR] Invalid file path: tests/test_core_editor_extended.py:15:10 no-member/Instance of 'Editor' has no 'new_document' member
[2024-12-22 17:16:53] [ERROR] Invalid file path: tests/test_core_editor_extended.py:25:10 no-member/Instance of 'Editor' has no 'new_document' member
[2024-12-22 17:16:53] [ERROR] Invalid file path: tests/test_core_editor_extended.py:41:10 no-member/Instance of 'Editor' has no 'new_document' member
[2024-12-22 17:16:53] [ERROR] Invalid file path: tests/test_core_editor_extended.py:47:4 no-member/Instance of 'Editor' has no 'set_content' member
[2024-12-22 17:16:53] [ERROR] Invalid file path: tests/test_core_editor_extended.py:51:4 no-member/Instance of 'Editor' has no 'set_content' member
[2024-12-22 17:16:53] [ERROR] Invalid file path: tests/test_core_editor_extended.py:58:10 no-member/Instance of 'Editor' has no 'new_document' member
[2024-12-22 17:16:53] [ERROR] Invalid file path: tests/test_core_editor_extended.py:63:4 no-member/Instance of 'Editor' has no 'set_content' member
[2024-12-22 17:16:53] [ERROR] Invalid file path: tests/test_core_editor_extended.py:74:11 no-member/Instance of 'Editor' has no 'new_document' member
[2024-12-22 17:16:53] [ERROR] Invalid file path: tests/test_core_editor_extended.py:75:11 no-member/Instance of 'Editor' has no 'new_document' member
[2024-12-22 17:16:53] [ERROR] Invalid file path: tests/test_core_editor_extended.py:77:11 no-member/Instance of 'Editor' has no 'get_current_document' member
[2024-12-22 17:16:53] [ERROR] Invalid file path: tests/test_core_editor_extended.py:80:4 no-member/Instance of 'Editor' has no 'set_current_document' member
[2024-12-22 17:16:53] [ERROR] Invalid file path: tests/test_core_editor_extended.py:81:11 no-member/Instance of 'Editor' has no 'get_current_document' member
[2024-12-22 17:16:53] [ERROR] Invalid file path: tests/test_core_editor_extended.py:87:4 no-member/Instance of 'Editor' has no 'new_document' member
[2024-12-22 17:16:53] [ERROR] Invalid file path: tests/test_app_core.py:50:11 too-many-function-args/Too many positional arguments for constructor call
[2024-12-22 17:16:53] [ERROR] Invalid file path: tests/test_app_core.py:89:4 no-member/Instance of 'Template' has no 'metadata' member; maybe '_metadata'?
[2024-12-22 17:16:53] [ERROR] Invalid file path: tests/test_app_core_editor.py:33:11 too-many-function-args/Too many positional arguments for constructor call
[2024-12-22 17:16:53] [ERROR] Invalid file path: tests/test_app_core_editor.py:57:4 no-member/Instance of 'Template' has no 'metadata' member; maybe '_metadata'?
[2024-12-22 17:16:53] [ERROR] Invalid file path: tests/test_template.py:35:11 no-member/Instance of 'Template' has no 'name' member
[2024-12-22 17:16:53] [ERROR] Invalid file path: tests/test_template.py:36:11 no-member/Instance of 'Template' has no 'category' member
[2024-12-22 17:16:53] [ERROR] Invalid file path: tests/test_template.py:38:11 no-member/Instance of 'Template' has no 'metadata' member; maybe '_metadata'?
[2024-12-22 17:16:53] [ERROR] Invalid file path: tests/test_template.py:39:22 no-member/Instance of 'Template' has no 'styles' member
[2024-12-22 17:16:53] [ERROR] Invalid file path: tests/test_template.py:40:22 no-member/Instance of 'Template' has no 'layouts' member
[2024-12-22 17:16:53] [ERROR] Invalid file path: tests/test_template.py:47:4 no-member/Instance of 'Template' has no 'metadata' member; maybe '_metadata'?
[2024-12-22 17:16:53] [ERROR] Invalid file path: tests/test_template.py:48:4 no-member/Instance of 'Template' has no 'add_style' member
[2024-12-22 17:16:53] [ERROR] Invalid file path: tests/test_template.py:49:4 no-member/Instance of 'Template' has no 'add_layout' member
[2024-12-22 17:16:53] [ERROR] Invalid file path: tests/test_template.py:56:11 no-member/Instance of 'Template' has no 'name' member
[2024-12-22 17:16:53] [ERROR] Invalid file path: tests/test_template.py:56:26 no-member/Instance of 'Template' has no 'name' member
[2024-12-22 17:16:53] [ERROR] Invalid file path: tests/test_template.py:58:11 no-member/Instance of 'Template' has no 'metadata' member; maybe '_metadata'?
[2024-12-22 17:16:53] [ERROR] Invalid file path: tests/test_template.py:59:11 no-member/Instance of 'Template' has no 'styles' member
[2024-12-22 17:16:53] [ERROR] Invalid file path: tests/test_template.py:60:11 no-member/Instance of 'Template' has no 'layouts' member
[2024-12-22 17:16:53] [ERROR] Invalid file path: tests/test_template.py:79:4 no-member/Instance of 'Template' has no 'metadata' member; maybe '_metadata'?
[2024-12-22 17:16:53] [ERROR] Invalid file path: tests/test_template.py:80:4 no-member/Instance of 'Template' has no 'metadata' member; maybe '_metadata'?
[2024-12-22 17:16:53] [ERROR] Invalid file path: tests/test_template.py:129:4 no-member/Instance of 'Template' has no 'metadata' member; maybe '_metadata'?
[2024-12-22 17:16:53] [ERROR] Invalid file path: tests/test_template.py:130:4 no-member/Instance of 'Template' has no 'metadata' member; maybe '_metadata'?
[2024-12-22 17:16:53] [ERROR] Invalid file path: tests/test_template.py:133:4 no-member/Instance of 'Template' has no 'metadata' member; maybe '_metadata'?
[2024-12-22 17:16:53] [ERROR] Invalid file path: tests/test_template.py:134:4 no-member/Instance of 'Template' has no 'metadata' member; maybe '_metadata'?
[2024-12-22 17:16:53] [ERROR] Invalid file path: src/book_editor/core/template.py:253:19 unexpected-keyword-arg/Unexpected keyword argument 'category' in constructor call
[2024-12-22 17:16:53] [ERROR] Invalid file path: src/book_editor/core/template.py:266:45 no-member/Instance of 'Template' has no 'category' member
[2024-12-22 17:16:53] [ERROR] Invalid file path: src/book_editor/core/template.py:267:33 no-member/Instance of 'Template' has no 'name' member
[2024-12-22 17:16:53] [ERROR] Invalid file path: src/book_editor/core/template.py:11:0 unused-import/Unused Literal imported from typing
[2024-12-22 17:16:53] [ERROR] Invalid file path: src/book_editor/core/template.py:13:0 unused-import/Unused TemplateStyles imported from src.book_editor.types
[2024-12-22 17:16:53] [ERROR] Invalid file path: src/book_editor/app/core/editor.py:8:0 no-name-in-module/No name 'document' in module 'book_editor.core'
[2024-12-22 17:16:53] [ERROR] Invalid file path: src/book_editor/app/core/editor.py:46:15 broad-exception-caught/Catching too general exception Exception
[2024-12-22 17:16:53] [ERROR] Invalid file path: src/book_editor/app/core/editor.py:60:15 broad-exception-caught/Catching too general exception Exception
[2024-12-22 17:16:53] [ERROR] Invalid file path: src/book_editor/app/core/editor.py:6:0 unused-import/Unused Dict imported from typing
[2024-12-22 17:16:53] [ERROR] Invalid file path: src/book_editor/main.py:70:12 no-member/Instance of 'Template' has no 'add_style' member
[2024-12-22 17:16:53] [ERROR] Invalid file path: src/book_editor/main.py:88:15 no-member/Instance of 'Template' has no 'metadata' member; maybe '_metadata'?
[2024-12-22 17:16:54] [INFO] Starting fix iteration 2 of 3
[2024-12-22 17:16:54] [Running linting checks...] 
[2024-12-22 19:01:20] [INFO] Starting auto-fix process...
[2024-12-22 19:01:20] [INFO] Starting auto-fix process...
[2024-12-22 19:01:20] [INFO] Starting fix iteration 1 of 3
[2024-12-22 19:01:20] [Running linting checks...] 
[2024-12-22 19:02:02] [Found       41 error patterns] 
[2024-12-22 19:02:02] [ERROR] Invalid file path: src/book_editor/core/utils.py:13:0 missing-final-newline/Final newline missing
[2024-12-22 19:02:02] [ERROR] Invalid file path: src/book_editor/core/utils.py:9:4 arguments-renamed/Parameter 'o' has been renamed to 'obj' in overriding 'DateTimeEncoder.default' method
[2024-12-22 19:02:02] [ERROR] Invalid file path: src/book_editor/core/document.py:112:0 missing-final-newline/Final newline missing
[2024-12-22 19:02:02] [ERROR] Invalid file path: src/book_editor/core/document.py:3:0 unused-import/Unused Optional imported from typing
[2024-12-22 19:02:02] [ERROR] Invalid file path: src/book_editor/core/document.py:6:0 unused-import/Unused DocumentMetadata imported from types
[2024-12-22 19:02:02] [ERROR] Invalid file path: src/book_editor/core/template.py:187:42 unused-argument/Unused argument 'description'
[2024-12-22 19:02:02] [ERROR] Invalid file path: src/book_editor/core/template.py:8:0 unused-import/Unused TemplateMetadata imported from types
[2024-12-22 19:02:02] [ERROR] Invalid file path: src/book_editor/app/config.py:55:0 missing-final-newline/Final newline missing
[2024-12-22 19:02:02] [ERROR] Invalid file path: src/book_editor/app/core/editor.py:152:23 broad-exception-caught/Catching too general exception Exception
[2024-12-22 19:02:02] [ERROR] Invalid file path: src/book_editor/app/core/editor.py:146:12 unused-variable/Unused variable 'style_category'
[2024-12-22 19:02:02] [ERROR] Invalid file path: src/book_editor/app/core/editor.py:147:16 unused-variable/Unused variable 'style_name'
[2024-12-22 19:02:02] [ERROR] Invalid file path: src/book_editor/app/core/editor.py:147:28 unused-variable/Unused variable 'style'
[2024-12-22 19:02:02] [ERROR] Invalid file path: src/book_editor/app/core/editor.py:195:23 broad-exception-caught/Catching too general exception Exception
[2024-12-22 19:02:02] [ERROR] Invalid file path: src/book_editor/app/core/editor.py:187:8 unused-variable/Unused variable 'html'
[2024-12-22 19:02:02] [ERROR] Invalid file path: src/book_editor/app/core/editor.py:190:12 unused-variable/Unused variable 'style_category'
[2024-12-22 19:02:02] [ERROR] Invalid file path: src/book_editor/app/core/editor.py:191:16 unused-variable/Unused variable 'style_name'
[2024-12-22 19:02:02] [ERROR] Invalid file path: src/book_editor/app/core/editor.py:191:28 unused-variable/Unused variable 'style'
[2024-12-22 19:02:02] [ERROR] Invalid file path: src/book_editor/app/core/editor.py:206:8 attribute-defined-outside-init/Attribute '_current_preview' defined outside __init__
[2024-12-22 19:02:02] [ERROR] Invalid file path: src/book_editor/app/core/editor.py:254:15 protected-access/Access to a protected member _storage_dir of a client class
[2024-12-22 19:02:02] [ERROR] Invalid file path: src/book_editor/app/core/editor.py:254:8 unused-variable/Unused variable 'path'
[2024-12-22 19:02:02] [ERROR] Invalid file path: src/book_editor/app/core/editor.py:278:12 attribute-defined-outside-init/Attribute '_current_template' defined outside __init__
[2024-12-22 19:02:02] [ERROR] Invalid file path: src/book_editor/app/core/editor.py:12:0 wrong-import-order/third party import "markdown" should be placed before local imports "core.document.Document", "core.template.Template", "core.utils.DateTimeEncoder", "config.settings.STORAGE_DIR"
[2024-12-22 19:02:02] [ERROR] Invalid file path: src/book_editor/main.py:55:0 trailing-whitespace/Trailing whitespace
[2024-12-22 19:02:04] [INFO] Starting fix iteration 2 of 3
[2024-12-22 19:02:04] [Running linting checks...] 
[2024-12-22 19:02:46] [Found       41 error patterns] 
[2024-12-22 19:02:46] [INFO] Not enough errors fixed in last iteration, stopping
[2024-12-22 19:02:50] [INFO] Processing completed in 4 seconds
[2024-12-22 19:02:50] [Running linting checks...] 
[2024-12-22 19:03:30] [Found       38 error patterns] 
[2024-12-22 19:03:30] [INFO] Auto-fix process completed in 130 seconds
[2024-12-22 19:03:30] [ERROR] Some errors remain after 3 iterations
[2024-12-22 20:07:16] [INFO] Starting auto-fix process...
[2024-12-22 20:07:16] [INFO] Starting auto-fix process...
[2024-12-22 20:07:16] [INFO] Starting fix iteration 1 of 3
[2024-12-22 20:07:16] [Running linting checks...] 
[2024-12-22 20:07:28] [INFO] Starting auto-fix process...
[2024-12-22 20:07:28] [INFO] Starting auto-fix process...
[2024-12-22 20:07:28] [INFO] Starting fix iteration 1 of 3
[2024-12-22 20:07:28] [Running linting checks...] 
[2024-12-22 20:08:01] [Found       15 error patterns] 
[2024-12-22 20:08:02] [INFO] Starting fix iteration 2 of 3
[2024-12-22 20:08:02] [Running linting checks...] 
[2024-12-22 20:08:39] [Found       15 error patterns] 
[2024-12-22 20:08:39] [INFO] Not enough errors fixed in last iteration, stopping
[2024-12-22 20:08:43] [INFO] Processing completed in 3 seconds
[2024-12-22 20:08:43] [Running linting checks...] 
[2024-12-22 20:09:20] [Found       15 error patterns] 
[2024-12-22 20:09:20] [INFO] Auto-fix process completed in 112 seconds
[2024-12-22 20:09:20] [ERROR] Some errors remain after 3 iterations
[2024-12-23 11:24:30] [INFO] Starting auto-fix process...
[2024-12-23 11:24:30] [INFO] Starting auto-fix process...
[2024-12-23 11:24:30] [INFO] Starting fix iteration 1 of 3
[2024-12-23 11:24:30] [Running linting checks...] 
[2024-12-23 11:25:16] [Found       71 error patterns] 
[2024-12-23 11:25:16] [ERROR] Invalid file path: tests/conftest.py:13:0 missing-final-newline/Final newline missing
[2024-12-23 11:25:16] [ERROR] Invalid file path: tests/conftest.py:12:42 redefined-outer-name/Redefining name 'temp_dir' from outer scope (line 10)
[2024-12-23 11:25:16] [ERROR] Invalid file path: tests/test_app_core.py:31:20 redefined-outer-name/Redefining name 'template_manager' from outer scope (line 25)
[2024-12-23 11:25:16] [ERROR] Invalid file path: tests/test_app_core.py:44:35 redefined-outer-name/Redefining name 'editor_app' from outer scope (line 37)
[2024-12-23 11:25:16] [ERROR] Invalid file path: tests/test_app_core.py:50:37 redefined-outer-name/Redefining name 'document_manager' from outer scope (line 19)
[2024-12-23 11:25:16] [ERROR] Invalid file path: tests/test_app_core.py:71:38 redefined-outer-name/Redefining name 'template_manager' from outer scope (line 25)
[2024-12-23 11:25:16] [ERROR] Invalid file path: tests/test_app_core.py:90:4 redefined-outer-name/Redefining name 'preview_manager' from outer scope (line 31)
[2024-12-23 11:25:16] [ERROR] Invalid file path: tests/test_app_core.py:91:4 redefined-outer-name/Redefining name 'document_manager' from outer scope (line 19)
[2024-12-23 11:25:16] [ERROR] Invalid file path: tests/test_app_core.py:109:38 redefined-outer-name/Redefining name 'editor_app' from outer scope (line 37)
[2024-12-23 11:25:16] [ERROR] Invalid file path: tests/test_app_core.py:122:38 redefined-outer-name/Redefining name 'editor_app' from outer scope (line 37)
[2024-12-23 11:25:16] [ERROR] Invalid file path: tests/test_app_core.py:133:35 redefined-outer-name/Redefining name 'editor_app' from outer scope (line 37)
[2024-12-23 11:25:16] [ERROR] Invalid file path: tests/test_app_core.py:149:37 redefined-outer-name/Redefining name 'document_manager' from outer scope (line 19)
[2024-12-23 11:25:16] [ERROR] Invalid file path: tests/test_app_core.py:165:38 redefined-outer-name/Redefining name 'template_manager' from outer scope (line 25)
[2024-12-23 11:25:16] [ERROR] Invalid file path: tests/test_app_core.py:8:0 unused-import/Unused Editor imported from src.book_editor.app.core.editor
[2024-12-23 11:25:16] [ERROR] Invalid file path: tests/test_app_core.py:14:0 unused-import/Unused Document imported from src.book_editor.core.document
[2024-12-23 11:25:16] [ERROR] Invalid file path: tests/test_app_core_editor.py:23:31 redefined-outer-name/Redefining name 'editor' from outer scope (line 12)
[2024-12-23 11:25:16] [ERROR] Invalid file path: tests/test_app_core_editor.py:28:34 redefined-outer-name/Redefining name 'editor' from outer scope (line 12)
[2024-12-23 11:25:16] [ERROR] Invalid file path: tests/test_app_core_editor.py:41:31 redefined-outer-name/Redefining name 'editor' from outer scope (line 12)
[2024-12-23 11:25:16] [ERROR] Invalid file path: tests/test_app_core_editor.py:51:37 redefined-outer-name/Redefining name 'document_manager' from outer scope (line 18)
[2024-12-23 11:25:16] [ERROR] Invalid file path: tests/test_app_core_editor.py:72:37 redefined-outer-name/Redefining name 'document_manager' from outer scope (line 18)
[2024-12-23 11:25:16] [ERROR] Invalid file path: tests/test_app_core_editor.py:4:0 unused-import/Unused patch imported from unittest.mock
[2024-12-23 11:25:16] [ERROR] Invalid file path: tests/test_main.py:19:36 redefined-outer-name/Redefining name 'book_editor' from outer scope (line 12)
[2024-12-23 11:25:16] [ERROR] Invalid file path: tests/test_main.py:25:39 redefined-outer-name/Redefining name 'book_editor' from outer scope (line 12)
[2024-12-23 11:25:16] [ERROR] Invalid file path: tests/test_main.py:38:36 redefined-outer-name/Redefining name 'book_editor' from outer scope (line 12)
[2024-12-23 11:25:16] [ERROR] Invalid file path: tests/test_template.py:48:4 no-member/Instance of 'Template' has no 'add_style' member
[2024-12-23 11:25:16] [ERROR] Invalid file path: tests/test_template.py:49:4 no-member/Instance of 'Template' has no 'add_layout' member
[2024-12-23 11:25:16] [ERROR] Invalid file path: tests/test_template.py:51:11 no-member/Instance of 'Template' has no 'to_dict' member
[2024-12-23 11:25:16] [ERROR] Invalid file path: tests/test_template.py:54:13 no-member/Class 'Template' has no 'from_dict' member
[2024-12-23 11:25:16] [ERROR] Invalid file path: src/book_editor/core/document.py:108:0 missing-final-newline/Final newline missing
[2024-12-23 11:25:16] [ERROR] Invalid file path: src/book_editor/core/document.py:96:15 broad-exception-caught/Catching too general exception Exception
[2024-12-23 11:25:16] [ERROR] Invalid file path: src/book_editor/core/document.py:104:4 arguments-renamed/Parameter 'o' has been renamed to 'obj' in overriding 'DateTimeEncoder.default' method
[2024-12-23 11:25:16] [ERROR] Invalid file path: src/book_editor/core/document.py:6:0 unused-import/Unused Path imported from pathlib
[2024-12-23 11:25:16] [ERROR] Invalid file path: src/book_editor/core/template.py:60:8 redefined-builtin/Redefining built-in 'format'
[2024-12-23 11:25:16] [ERROR] Invalid file path: src/book_editor/core/template.py:121:15 broad-exception-caught/Catching too general exception Exception
[2024-12-23 11:25:17] [ERROR] Invalid file path: src/book_editor/core/template.py:164:15 broad-exception-caught/Catching too general exception Exception
[2024-12-23 11:25:17] [ERROR] Invalid file path: src/book_editor/core/template.py:176:15 broad-exception-caught/Catching too general exception Exception
[2024-12-23 11:25:17] [ERROR] Invalid file path: src/book_editor/core/template.py:189:15 broad-exception-caught/Catching too general exception Exception
[2024-12-23 11:25:17] [ERROR] Invalid file path: src/book_editor/core/template.py:207:15 broad-exception-caught/Catching too general exception Exception
[2024-12-23 11:25:17] [ERROR] Invalid file path: src/book_editor/core/template.py:6:0 unused-import/Unused Set imported from typing
[2024-12-23 11:25:17] [ERROR] Invalid file path: src/book_editor/core/template.py:6:0 unused-import/Unused Union imported from typing
[2024-12-23 11:25:17] [ERROR] Invalid file path: src/book_editor/core/editor.py:107:26 no-member/Instance of 'Document' has no 'title' member; maybe '_title'?
[2024-12-23 11:25:17] [ERROR] Invalid file path: src/book_editor/core/editor.py:125:20 no-member/Instance of 'Document' has no 'title' member; maybe '_title'?
[2024-12-23 11:25:17] [ERROR] Invalid file path: src/book_editor/core/editor.py:135:15 no-member/Instance of 'TemplateManager' has no 'load_template' member
[2024-12-23 11:25:17] [ERROR] Invalid file path: src/book_editor/app/core/preview.py:26:0 missing-final-newline/Final newline missing
[2024-12-23 11:25:17] [ERROR] Invalid file path: src/book_editor/app/core/editor.py:35:15 broad-exception-caught/Catching too general exception Exception
[2024-12-23 11:25:17] [ERROR] Invalid file path: src/book_editor/app/core/editor.py:46:15 broad-exception-caught/Catching too general exception Exception
[2024-12-23 11:25:17] [ERROR] Invalid file path: src/book_editor/app/core/editor.py:58:15 broad-exception-caught/Catching too general exception Exception
[2024-12-23 11:25:17] [ERROR] Invalid file path: src/book_editor/app/core/editor.py:68:15 broad-exception-caught/Catching too general exception Exception
[2024-12-23 11:25:17] [ERROR] Invalid file path: src/book_editor/app/core/editor.py:5:0 unused-import/Unused List imported from typing
[2024-12-23 11:25:17] [ERROR] Invalid file path: src/book_editor/app/core/editor.py:8:0 unused-import/Unused Template imported from src.book_editor.core.template
[2024-12-23 11:25:19] [INFO] Starting fix iteration 2 of 3
[2024-12-23 11:25:19] [Running linting checks...] 
[2024-12-23 11:26:01] [Found       76 error patterns] 
[2024-12-23 11:26:01] [INFO] Not enough errors fixed in last iteration, stopping
[2024-12-23 11:26:04] [INFO] Processing completed in 3 seconds
[2024-12-23 11:26:04] [Running linting checks...] 
[2024-12-23 11:26:44] [Found       73 error patterns] 
[2024-12-23 11:26:44] [INFO] Auto-fix process completed in 134 seconds
[2024-12-23 11:26:44] [ERROR] Some errors remain after 3 iterations
[2024-12-23 11:30:58] [INFO] Starting auto-fix process...
[2024-12-23 11:30:58] [INFO] Starting auto-fix process...
[2024-12-23 11:30:58] [INFO] Starting fix iteration 1 of 3
[2024-12-23 11:30:58] [Running linting checks...] 
[2024-12-23 11:31:43] [Found       73 error patterns] 
[2024-12-23 11:31:43] [ERROR] Invalid file path: tests/conftest.py:12:42 redefined-outer-name/Redefining name 'temp_dir' from outer scope (line 10)
[2024-12-23 11:31:43] [ERROR] Invalid file path: tests/test_core_editor_extended.py:19:14 too-many-function-args/Too many positional arguments for constructor call
[2024-12-23 11:31:43] [ERROR] Invalid file path: tests/test_core_editor_extended.py:86:13 too-many-function-args/Too many positional arguments for constructor call
[2024-12-23 11:31:43] [ERROR] Invalid file path: tests/test_core_editor_extended.py:108:17 too-many-function-args/Too many positional arguments for constructor call
[2024-12-23 11:31:43] [ERROR] Invalid file path: tests/test_app_core.py:31:20 redefined-outer-name/Redefining name 'template_manager' from outer scope (line 25)
[2024-12-23 11:31:43] [ERROR] Invalid file path: tests/test_app_core.py:44:35 redefined-outer-name/Redefining name 'editor_app' from outer scope (line 37)
[2024-12-23 11:31:43] [ERROR] Invalid file path: tests/test_app_core.py:51:4 redefined-outer-name/Redefining name 'document_manager' from outer scope (line 19)
[2024-12-23 11:31:43] [ERROR] Invalid file path: tests/test_app_core.py:74:4 redefined-outer-name/Redefining name 'template_manager' from outer scope (line 25)
[2024-12-23 11:31:43] [ERROR] Invalid file path: tests/test_app_core.py:94:4 redefined-outer-name/Redefining name 'preview_manager' from outer scope (line 31)
[2024-12-23 11:31:43] [ERROR] Invalid file path: tests/test_app_core.py:95:4 redefined-outer-name/Redefining name 'document_manager' from outer scope (line 19)
[2024-12-23 11:31:43] [ERROR] Invalid file path: tests/test_app_core.py:113:38 redefined-outer-name/Redefining name 'editor_app' from outer scope (line 37)
[2024-12-23 11:31:43] [ERROR] Invalid file path: tests/test_app_core.py:126:38 redefined-outer-name/Redefining name 'editor_app' from outer scope (line 37)
[2024-12-23 11:31:43] [ERROR] Invalid file path: tests/test_app_core.py:137:35 redefined-outer-name/Redefining name 'editor_app' from outer scope (line 37)
[2024-12-23 11:31:43] [ERROR] Invalid file path: tests/test_app_core.py:154:4 redefined-outer-name/Redefining name 'document_manager' from outer scope (line 19)
[2024-12-23 11:31:43] [ERROR] Invalid file path: tests/test_app_core.py:172:4 redefined-outer-name/Redefining name 'template_manager' from outer scope (line 25)
[2024-12-23 11:31:43] [ERROR] Invalid file path: tests/test_app_core.py:8:0 unused-import/Unused Editor imported from src.book_editor.app.core.editor
[2024-12-23 11:31:43] [ERROR] Invalid file path: tests/test_app_core.py:14:0 unused-import/Unused Document imported from src.book_editor.core.document
[2024-12-23 11:31:43] [ERROR] Invalid file path: tests/test_app_core_editor.py:23:31 redefined-outer-name/Redefining name 'editor' from outer scope (line 12)
[2024-12-23 11:31:43] [ERROR] Invalid file path: tests/test_app_core_editor.py:28:34 redefined-outer-name/Redefining name 'editor' from outer scope (line 12)
[2024-12-23 11:31:43] [ERROR] Invalid file path: tests/test_app_core_editor.py:41:31 redefined-outer-name/Redefining name 'editor' from outer scope (line 12)
[2024-12-23 11:31:43] [ERROR] Invalid file path: tests/test_app_core_editor.py:52:4 redefined-outer-name/Redefining name 'document_manager' from outer scope (line 18)
[2024-12-23 11:31:43] [ERROR] Invalid file path: tests/test_app_core_editor.py:75:4 redefined-outer-name/Redefining name 'document_manager' from outer scope (line 18)
[2024-12-23 11:31:43] [ERROR] Invalid file path: tests/test_app_core_editor.py:4:0 unused-import/Unused patch imported from unittest.mock
[2024-12-23 11:31:43] [ERROR] Invalid file path: tests/test_main.py:19:36 redefined-outer-name/Redefining name 'book_editor' from outer scope (line 12)
[2024-12-23 11:31:43] [ERROR] Invalid file path: tests/test_main.py:25:39 redefined-outer-name/Redefining name 'book_editor' from outer scope (line 12)
[2024-12-23 11:31:43] [ERROR] Invalid file path: tests/test_main.py:38:36 redefined-outer-name/Redefining name 'book_editor' from outer scope (line 12)
[2024-12-23 11:31:43] [ERROR] Invalid file path: tests/test_core_editor.py:21:14 too-many-function-args/Too many positional arguments for constructor call
[2024-12-23 11:31:43] [ERROR] Invalid file path: tests/test_core_editor.py:86:26 too-many-function-args/Too many positional arguments for constructor call
[2024-12-23 11:31:43] [ERROR] Invalid file path: tests/test_template.py:48:4 no-member/Instance of 'Template' has no 'add_style' member
[2024-12-23 11:31:43] [ERROR] Invalid file path: tests/test_template.py:49:4 no-member/Instance of 'Template' has no 'add_layout' member
[2024-12-23 11:31:43] [ERROR] Invalid file path: tests/test_template.py:51:11 no-member/Instance of 'Template' has no 'to_dict' member
[2024-12-23 11:31:43] [ERROR] Invalid file path: tests/test_template.py:54:13 no-member/Class 'Template' has no 'from_dict' member
[2024-12-23 11:31:43] [ERROR] Invalid file path: src/book_editor/core/document.py:102:15 broad-exception-caught/Catching too general exception Exception
[2024-12-23 11:31:43] [ERROR] Invalid file path: src/book_editor/core/document.py:110:4 arguments-renamed/Parameter 'o' has been renamed to 'obj' in overriding 'DateTimeEncoder.default' method
[2024-12-23 11:31:43] [ERROR] Invalid file path: src/book_editor/core/document.py:6:0 unused-import/Unused Path imported from pathlib
[2024-12-23 11:31:43] [ERROR] Invalid file path: src/book_editor/core/template.py:60:8 redefined-builtin/Redefining built-in 'format'
[2024-12-23 11:31:43] [ERROR] Invalid file path: src/book_editor/core/template.py:124:15 broad-exception-caught/Catching too general exception Exception
[2024-12-23 11:31:43] [ERROR] Invalid file path: src/book_editor/core/template.py:167:15 broad-exception-caught/Catching too general exception Exception
[2024-12-23 11:31:43] [ERROR] Invalid file path: src/book_editor/core/template.py:179:15 broad-exception-caught/Catching too general exception Exception
[2024-12-23 11:31:43] [ERROR] Invalid file path: src/book_editor/core/template.py:192:15 broad-exception-caught/Catching too general exception Exception
[2024-12-23 11:31:43] [ERROR] Invalid file path: src/book_editor/core/template.py:212:15 broad-exception-caught/Catching too general exception Exception
[2024-12-23 11:31:43] [ERROR] Invalid file path: src/book_editor/core/template.py:6:0 unused-import/Unused Set imported from typing
[2024-12-23 11:31:43] [ERROR] Invalid file path: src/book_editor/core/template.py:6:0 unused-import/Unused Union imported from typing
[2024-12-23 11:31:43] [ERROR] Invalid file path: src/book_editor/core/editor.py:6:0 unused-import/Unused Any imported from typing
[2024-12-23 11:31:43] [ERROR] Invalid file path: src/book_editor/core/editor.py:9:0 unused-import/Unused Template imported from src.book_editor.core.template
[2024-12-23 11:31:43] [ERROR] Invalid file path: src/book_editor/core/editor.py:9:0 unused-import/Unused TemplateManager imported from src.book_editor.core.template
[2024-12-23 11:31:43] [ERROR] Invalid file path: src/book_editor/app/core/editor.py:39:15 broad-exception-caught/Catching too general exception Exception
[2024-12-23 11:31:43] [ERROR] Invalid file path: src/book_editor/app/core/editor.py:50:15 broad-exception-caught/Catching too general exception Exception
[2024-12-23 11:31:43] [ERROR] Invalid file path: src/book_editor/app/core/editor.py:62:15 broad-exception-caught/Catching too general exception Exception
[2024-12-23 11:31:43] [ERROR] Invalid file path: src/book_editor/app/core/editor.py:72:15 broad-exception-caught/Catching too general exception Exception
[2024-12-23 11:31:43] [ERROR] Invalid file path: src/book_editor/app/core/editor.py:5:0 unused-import/Unused List imported from typing
[2024-12-23 11:31:43] [ERROR] Invalid file path: src/book_editor/app/core/editor.py:8:0 unused-import/Unused Template imported from src.book_editor.core.template
[2024-12-23 11:31:45] [INFO] Starting fix iteration 2 of 3
[2024-12-23 11:31:45] [Running linting checks...] 
[2024-12-23 11:46:22] [INFO] Starting auto-fix process...
[2024-12-23 11:46:23] [INFO] Starting auto-fix process...
[2024-12-23 11:46:23] [INFO] Starting fix iteration 1 of 3
[2024-12-23 11:46:23] [Running linting checks...] 
[2024-12-23 22:19:15] [INFO] Starting auto-fix process...
[2024-12-23 22:19:15] [INFO] Fixing Python code style...
[2024-12-23 22:19:16] [INFO] Fixing type hints...
[2024-12-23 22:19:16] [INFO] Fixing linting issues...
[2024-12-23 22:19:16] [INFO] Updating metrics after fixes...
[2024-12-23 22:19:16] [INFO] Auto-fix process completed successfully
[2024-12-23 22:19:21] [INFO] Starting auto-fix process...
[2024-12-23 22:19:21] [INFO] Fixing Python code style...
[2024-12-23 22:19:21] [INFO] Fixing type hints...
[2024-12-23 22:19:21] [INFO] Fixing linting issues...
[2024-12-23 22:19:22] [INFO] Updating metrics after fixes...
[2024-12-23 22:19:22] [INFO] Auto-fix process completed successfully
[2024-12-23 22:19:45] [INFO] Starting auto-fix process...
[2024-12-23 22:19:45] [INFO] Fixing Python code style...
[2024-12-23 22:19:46] [INFO] Fixing type hints...
[2024-12-23 22:19:46] [INFO] Fixing linting issues...
[2024-12-23 22:19:46] [INFO] Updating metrics after fixes...
[2024-12-23 22:19:46] [INFO] Auto-fix process completed successfully
[2024-12-23 22:19:51] [INFO] Starting auto-fix process...
[2024-12-23 22:19:51] [INFO] Fixing Python code style...
[2024-12-23 22:19:51] [INFO] Fixing type hints...
[2024-12-23 22:19:51] [INFO] Fixing linting issues...
[2024-12-23 22:19:52] [INFO] Updating metrics after fixes...
[2024-12-23 22:19:52] [INFO] Auto-fix process completed successfully
[2024-12-23 22:21:15] [INFO] Starting auto-fix process...
[2024-12-23 22:21:15] [INFO] Fixing Python code style...
[2024-12-23 22:21:16] [INFO] Fixing type hints...
[2024-12-23 22:21:16] [INFO] Fixing linting issues...
[2024-12-23 22:21:16] [INFO] Updating metrics after fixes...
[2024-12-23 22:21:16] [INFO] Auto-fix process completed successfully
[2024-12-23 22:21:20] [INFO] Starting auto-fix process...
[2024-12-23 22:21:20] [INFO] Fixing Python code style...
[2024-12-23 22:21:21] [INFO] Fixing type hints...
[2024-12-23 22:21:21] [INFO] Fixing linting issues...
[2024-12-23 22:21:21] [INFO] Updating metrics after fixes...
[2024-12-23 22:21:21] [INFO] Auto-fix process completed successfully
[2024-12-23 22:23:16] [INFO] Starting auto-fix process...
[2024-12-23 22:23:16] [INFO] Fixing Python code style...
[2024-12-23 22:23:16] [INFO] Fixing type hints...
[2024-12-23 22:23:16] [INFO] Fixing linting issues...
[2024-12-23 22:23:17] [INFO] Updating metrics after fixes...
[2024-12-23 22:23:19] [INFO] Auto-fix process completed successfully
[2024-12-23 22:23:24] [INFO] Starting auto-fix process...
[2024-12-23 22:23:24] [INFO] Fixing Python code style...
[2024-12-23 22:23:24] [INFO] Fixing type hints...
[2024-12-23 22:23:24] [INFO] Fixing linting issues...
[2024-12-23 22:23:24] [INFO] Updating metrics after fixes...
[2024-12-23 22:23:27] [INFO] Auto-fix process completed successfully
[2024-12-23 22:23:36] [INFO] Starting auto-fix process...
[2024-12-23 22:23:36] [INFO] Fixing Python code style...
[2024-12-23 22:23:36] [INFO] Fixing type hints...
[2024-12-23 22:23:36] [INFO] Fixing linting issues...
[2024-12-23 22:23:37] [INFO] Updating metrics after fixes...
[2024-12-23 22:23:39] [INFO] Auto-fix process completed successfully
[2024-12-23 22:23:44] [INFO] Starting auto-fix process...
[2024-12-23 22:23:44] [INFO] Fixing Python code style...
[2024-12-23 22:23:44] [INFO] Fixing type hints...
[2024-12-23 22:23:44] [INFO] Fixing linting issues...
[2024-12-23 22:23:45] [INFO] Updating metrics after fixes...
[2024-12-23 22:23:47] [INFO] Auto-fix process completed successfully
[2024-12-23 22:25:18] [INFO] Starting auto-fix process...
[2024-12-23 22:25:18] [INFO] Fixing Python code style...
[2024-12-23 22:25:18] [INFO] Fixing type hints...
[2024-12-23 22:25:18] [INFO] Fixing linting issues...
[2024-12-23 22:25:19] [INFO] Updating metrics after fixes...
[2024-12-23 22:25:22] [INFO] Auto-fix process completed successfully
[2024-12-23 22:25:27] [INFO] Starting auto-fix process...
[2024-12-23 22:25:27] [INFO] Fixing Python code style...
[2024-12-23 22:25:27] [INFO] Starting auto-fix process...
[2024-12-23 22:25:27] [INFO] Fixing Python code style...
[2024-12-23 22:25:28] [INFO] Fixing type hints...
[2024-12-23 22:25:28] [INFO] Fixing linting issues...
[2024-12-23 22:25:28] [INFO] Fixing type hints...
[2024-12-23 22:25:28] [INFO] Fixing linting issues...
[2024-12-23 22:25:28] [INFO] Updating metrics after fixes...
[2024-12-23 22:25:28] [INFO] Updating metrics after fixes...
[2024-12-23 22:25:31] [INFO] Auto-fix process completed successfully
[2024-12-23 22:25:31] [INFO] Auto-fix process completed successfully
[2024-12-23 22:25:37] [INFO] Starting auto-fix process...
[2024-12-23 22:25:37] [INFO] Fixing Python code style...
[2024-12-23 22:25:37] [INFO] Fixing type hints...
[2024-12-23 22:25:37] [INFO] Fixing linting issues...
[2024-12-23 22:25:38] [INFO] Updating metrics after fixes...
[2024-12-23 22:25:40] [INFO] Auto-fix process completed successfully
[2024-12-23 22:27:18] [INFO] Starting auto-fix process...
[2024-12-23 22:27:18] [INFO] Fixing Python code style...
[2024-12-23 22:27:18] [INFO] Fixing type hints...
[2024-12-23 22:27:18] [INFO] Fixing linting issues...
[2024-12-23 22:27:19] [INFO] Updating metrics after fixes...
[2024-12-23 22:27:21] [INFO] Auto-fix process completed successfully
[2024-12-23 22:27:22] [INFO] Starting auto-fix process...
[2024-12-23 22:27:22] [INFO] Fixing Python code style...
[2024-12-23 22:27:23] [INFO] Fixing type hints...
[2024-12-23 22:27:23] [INFO] Fixing linting issues...
[2024-12-23 22:27:23] [INFO] Updating metrics after fixes...
[2024-12-23 22:27:26] [INFO] Auto-fix process completed successfully
[2024-12-23 22:27:27] [INFO] Starting auto-fix process...
[2024-12-23 22:27:27] [INFO] Fixing Python code style...
[2024-12-23 22:27:28] [INFO] Fixing type hints...
[2024-12-23 22:27:28] [INFO] Fixing linting issues...
[2024-12-23 22:27:28] [INFO] Updating metrics after fixes...
[2024-12-23 22:27:31] [INFO] Auto-fix process completed successfully
[2024-12-23 22:27:32] [INFO] Starting auto-fix process...
[2024-12-23 22:27:32] [INFO] Fixing Python code style...
[2024-12-23 22:27:32] [INFO] Fixing type hints...
[2024-12-23 22:27:32] [INFO] Fixing linting issues...
[2024-12-23 22:27:33] [INFO] Updating metrics after fixes...
[2024-12-23 22:27:36] [INFO] Auto-fix process completed successfully
[2024-12-23 22:29:18] [INFO] Starting auto-fix process...
[2024-12-23 22:29:18] [INFO] Fixing Python code style...
[2024-12-23 22:29:19] [INFO] Fixing type hints...
[2024-12-23 22:29:19] [INFO] Fixing linting issues...
[2024-12-23 22:29:19] [INFO] Updating metrics after fixes...
[2024-12-23 22:29:22] [INFO] Auto-fix process completed successfully
[2024-12-23 22:29:27] [INFO] Starting auto-fix process...
[2024-12-23 22:29:27] [INFO] Fixing Python code style...
[2024-12-23 22:29:28] [INFO] Fixing type hints...
[2024-12-23 22:29:28] [INFO] Fixing linting issues...
[2024-12-23 22:29:28] [INFO] Updating metrics after fixes...
[2024-12-23 22:29:31] [INFO] Auto-fix process completed successfully
[2024-12-23 22:31:19] [INFO] Starting auto-fix process...
[2024-12-23 22:31:19] [INFO] Fixing Python code style...
[2024-12-23 22:31:20] [INFO] Formatting changes applied
[2024-12-23 22:31:20] [INFO] Fixing type hints...
[2024-12-23 22:31:20] [INFO] Fixing linting issues...
[2024-12-23 22:31:20] [INFO] Updating metrics after fixes...
[2024-12-23 22:31:23] [INFO] Auto-fix process completed successfully
[2024-12-23 22:31:29] [INFO] Starting auto-fix process...
[2024-12-23 22:31:29] [INFO] Fixing Python code style...
[2024-12-23 22:31:30] [INFO] Formatting changes applied
[2024-12-23 22:31:30] [INFO] Fixing type hints...
[2024-12-23 22:31:30] [INFO] Fixing linting issues...
[2024-12-23 22:31:33] [INFO] Updating metrics after fixes...
[2024-12-23 22:31:36] [INFO] Auto-fix process completed successfully
[2024-12-23 22:32:18] [INFO] Starting auto-fix process...
[2024-12-23 22:32:18] [INFO] Fixing Python code style...
[2024-12-23 22:32:19] [INFO] No formatting changes needed
[2024-12-23 22:32:19] [INFO] Fixing type hints...
[2024-12-23 22:32:19] [INFO] Fixing linting issues...
[2024-12-23 22:32:22] [INFO] Updating metrics after fixes...
[2024-12-23 22:32:25] [INFO] Auto-fix process completed successfully
[2024-12-23 22:32:28] [INFO] Starting auto-fix process...
[2024-12-23 22:32:28] [INFO] Fixing Python code style...
[2024-12-23 22:32:28] [INFO] No formatting changes needed
[2024-12-23 22:32:28] [INFO] Fixing type hints...
[2024-12-23 22:32:29] [INFO] Fixing linting issues...
[2024-12-23 22:32:31] [INFO] Updating metrics after fixes...
[2024-12-23 22:32:34] [INFO] Auto-fix process completed successfully
[2024-12-23 22:32:37] [INFO] Starting auto-fix process...
[2024-12-23 22:32:37] [INFO] Fixing Python code style...
[2024-12-23 22:32:38] [INFO] No formatting changes needed
[2024-12-23 22:32:38] [INFO] Fixing type hints...
[2024-12-23 22:32:38] [INFO] Fixing linting issues...
[2024-12-23 22:32:41] [INFO] Updating metrics after fixes...
[2024-12-23 22:32:44] [INFO] Auto-fix process completed successfully
[2024-12-23 22:32:46] [INFO] Starting auto-fix process...
[2024-12-23 22:32:46] [INFO] Fixing Python code style...
[2024-12-23 22:32:47] [INFO] No formatting changes needed
[2024-12-23 22:32:47] [INFO] Fixing type hints...
[2024-12-23 22:32:47] [INFO] Fixing linting issues...
[2024-12-23 22:32:50] [INFO] Updating metrics after fixes...
[2024-12-23 22:32:53] [INFO] Auto-fix process completed successfully
[2024-12-23 22:32:56] [INFO] Starting auto-fix process...
[2024-12-23 22:32:56] [INFO] Fixing Python code style...
[2024-12-23 22:32:57] [INFO] No formatting changes needed
[2024-12-23 22:32:57] [INFO] Fixing type hints...
[2024-12-23 22:32:57] [INFO] Fixing linting issues...
[2024-12-23 22:33:00] [INFO] Updating metrics after fixes...
[2024-12-23 22:33:03] [INFO] Auto-fix process completed successfully
[2024-12-23 22:33:18] [INFO] Starting auto-fix process...
[2024-12-23 22:33:18] [INFO] Fixing Python code style...
[2024-12-23 22:33:19] [INFO] No formatting changes needed
[2024-12-23 22:33:19] [INFO] Fixing type hints...
[2024-12-23 22:33:19] [INFO] Fixing linting issues...
[2024-12-23 22:33:22] [INFO] Updating metrics after fixes...
[2024-12-23 22:33:25] [INFO] Auto-fix process completed successfully
[2024-12-23 22:33:27] [INFO] Starting auto-fix process...
[2024-12-23 22:33:27] [INFO] Fixing Python code style...
[2024-12-23 22:33:28] [INFO] No formatting changes needed
[2024-12-23 22:33:28] [INFO] Fixing type hints...
[2024-12-23 22:33:28] [INFO] Fixing linting issues...
[2024-12-23 22:33:31] [INFO] Updating metrics after fixes...
[2024-12-23 22:33:34] [INFO] Auto-fix process completed successfully
[2024-12-23 22:33:37] [INFO] Starting auto-fix process...
[2024-12-23 22:33:37] [INFO] Fixing Python code style...
[2024-12-23 22:33:38] [INFO] No formatting changes needed
[2024-12-23 22:33:38] [INFO] Fixing type hints...
[2024-12-23 22:33:38] [INFO] Fixing linting issues...
[2024-12-23 22:33:41] [INFO] Updating metrics after fixes...
[2024-12-23 22:33:44] [INFO] Auto-fix process completed successfully
[2024-12-23 22:33:47] [INFO] Starting auto-fix process...
[2024-12-23 22:33:47] [INFO] Fixing Python code style...
[2024-12-23 22:33:47] [INFO] No formatting changes needed
[2024-12-23 22:33:47] [INFO] Fixing type hints...
[2024-12-23 22:33:48] [INFO] Fixing linting issues...
[2024-12-23 22:33:51] [INFO] Updating metrics after fixes...
[2024-12-23 22:33:54] [INFO] Auto-fix process completed successfully
[2024-12-23 22:33:56] [INFO] Starting auto-fix process...
[2024-12-23 22:33:56] [INFO] Fixing Python code style...
[2024-12-23 22:33:57] [INFO] No formatting changes needed
[2024-12-23 22:33:57] [INFO] Fixing type hints...
[2024-12-23 22:33:57] [INFO] Fixing linting issues...
[2024-12-23 22:34:01] [INFO] Updating metrics after fixes...
[2024-12-23 22:34:04] [INFO] Auto-fix process completed successfully
[2024-12-23 22:34:08] [INFO] Starting auto-fix process...
[2024-12-23 22:34:08] [INFO] Fixing Python code style...
[2024-12-23 22:34:08] [INFO] No formatting changes needed
[2024-12-23 22:34:08] [INFO] Fixing type hints...
[2024-12-23 22:34:09] [INFO] Fixing linting issues...
[2024-12-23 22:34:12] [INFO] Updating metrics after fixes...
[2024-12-23 22:34:14] [INFO] Auto-fix process completed successfully
[2024-12-23 22:35:14] [INFO] Starting auto-fix process...
[2024-12-23 22:35:14] [INFO] Fixing Python code style...
[2024-12-23 22:35:15] [INFO] No formatting changes needed
[2024-12-23 22:35:15] [INFO] Fixing type hints...
[2024-12-23 22:35:15] [INFO] Fixing linting issues...
[2024-12-23 22:35:18] [INFO] Updating metrics after fixes...
[2024-12-23 22:35:21] [INFO] Auto-fix process completed successfully
[2024-12-23 22:35:21] [INFO] Starting auto-fix process...
[2024-12-23 22:35:21] [INFO] Fixing Python code style...
[2024-12-23 22:35:22] [INFO] No formatting changes needed
[2024-12-23 22:35:22] [INFO] Fixing type hints...
[2024-12-23 22:35:22] [INFO] Fixing linting issues...
[2024-12-23 22:35:26] [INFO] Updating metrics after fixes...
[2024-12-23 22:35:28] [INFO] Auto-fix process completed successfully
[2024-12-23 22:35:32] [INFO] Starting auto-fix process...
[2024-12-23 22:35:32] [INFO] Fixing Python code style...
[2024-12-23 22:35:33] [INFO] No formatting changes needed
[2024-12-23 22:35:33] [INFO] Fixing type hints...
[2024-12-23 22:35:33] [INFO] Fixing linting issues...
[2024-12-23 22:35:36] [INFO] Updating metrics after fixes...
[2024-12-23 22:35:39] [INFO] Auto-fix process completed successfully
[2024-12-23 22:36:32] [INFO] Starting auto-fix process...
[2024-12-23 22:36:32] [INFO] Fixing Python code style...
[2024-12-23 22:36:33] [INFO] No formatting changes needed
[2024-12-23 22:36:33] [INFO] Fixing type hints...
[2024-12-23 22:36:33] [INFO] Fixing linting issues...
[2024-12-23 22:36:36] [INFO] Updating metrics after fixes...
[2024-12-23 22:36:39] [INFO] Auto-fix process completed successfully
[2024-12-23 22:36:39] [INFO] Starting auto-fix process...
[2024-12-23 22:36:39] [INFO] Fixing Python code style...
[2024-12-23 22:36:40] [INFO] No formatting changes needed
[2024-12-23 22:36:40] [INFO] Fixing type hints...
[2024-12-23 22:36:40] [INFO] Fixing linting issues...
[2024-12-23 22:36:42] [INFO] Starting auto-fix process...
[2024-12-23 22:36:42] [INFO] Fixing Python code style...
[2024-12-23 22:36:43] [INFO] No formatting changes needed
[2024-12-23 22:36:43] [INFO] Fixing type hints...
[2024-12-23 22:36:43] [INFO] Fixing linting issues...
[2024-12-23 22:36:44] [INFO] Updating metrics after fixes...
[2024-12-23 22:36:46] [INFO] Updating metrics after fixes...
[2024-12-23 22:36:47] [INFO] Auto-fix process completed successfully
[2024-12-23 22:36:50] [INFO] Auto-fix process completed successfully
[2024-12-23 22:36:50] [INFO] Starting auto-fix process...
[2024-12-23 22:36:50] [INFO] Fixing Python code style...
[2024-12-23 22:36:51] [INFO] No formatting changes needed
[2024-12-23 22:36:51] [INFO] Fixing type hints...
[2024-12-23 22:36:51] [INFO] Fixing linting issues...
[2024-12-23 22:36:54] [INFO] Updating metrics after fixes...
[2024-12-23 22:36:57] [INFO] Auto-fix process completed successfully
[2024-12-23 22:37:21] [INFO] Starting auto-fix process...
[2024-12-23 22:37:21] [INFO] Fixing Python code style...
[2024-12-23 22:37:22] [INFO] No formatting changes needed
[2024-12-23 22:37:22] [INFO] Fixing type hints...
[2024-12-23 22:37:22] [INFO] Fixing linting issues...
[2024-12-23 22:37:25] [INFO] Updating metrics after fixes...
[2024-12-23 22:37:28] [INFO] Auto-fix process completed successfully
[2024-12-23 22:37:28] [INFO] Starting auto-fix process...
[2024-12-23 22:37:28] [INFO] Fixing Python code style...
[2024-12-23 22:37:29] [INFO] No formatting changes needed
[2024-12-23 22:37:29] [INFO] Fixing type hints...
[2024-12-23 22:37:29] [INFO] Fixing linting issues...
[2024-12-23 22:37:32] [INFO] Updating metrics after fixes...
[2024-12-23 22:37:35] [INFO] Auto-fix process completed successfully
[2024-12-23 22:37:39] [INFO] Starting auto-fix process...
[2024-12-23 22:37:39] [INFO] Fixing Python code style...
[2024-12-23 22:37:39] [INFO] No formatting changes needed
[2024-12-23 22:37:39] [INFO] Fixing type hints...
[2024-12-23 22:37:40] [INFO] Fixing linting issues...
[2024-12-23 22:37:43] [INFO] Updating metrics after fixes...
[2024-12-23 22:37:46] [INFO] Auto-fix process completed successfully
[2024-12-23 22:38:57] [INFO] Starting auto-fix process...
[2024-12-23 22:38:57] [INFO] Fixing Python code style...
[2024-12-23 22:38:58] [INFO] No formatting changes needed
[2024-12-23 22:38:58] [INFO] Fixing type hints...
[2024-12-23 22:38:58] [INFO] Fixing linting issues...
[2024-12-23 22:39:01] [INFO] Updating metrics after fixes...
[2024-12-23 22:39:04] [INFO] Auto-fix process completed successfully
[2024-12-23 22:39:06] [INFO] Starting auto-fix process...
[2024-12-23 22:39:06] [INFO] Fixing Python code style...
[2024-12-23 22:39:07] [INFO] No formatting changes needed
[2024-12-23 22:39:07] [INFO] Fixing type hints...
[2024-12-23 22:39:07] [INFO] Fixing linting issues...
[2024-12-23 22:39:11] [INFO] Updating metrics after fixes...
[2024-12-23 22:39:14] [INFO] Auto-fix process completed successfully
[2024-12-23 22:39:21] [INFO] Starting auto-fix process...
[2024-12-23 22:39:21] [INFO] Fixing Python code style...
[2024-12-23 22:39:22] [INFO] No formatting changes needed
[2024-12-23 22:39:22] [INFO] Fixing type hints...
[2024-12-23 22:39:22] [INFO] Fixing linting issues...
[2024-12-23 22:39:26] [INFO] Updating metrics after fixes...
[2024-12-23 22:39:28] [INFO] Auto-fix process completed successfully
[2024-12-23 22:39:32] [INFO] Starting auto-fix process...
[2024-12-23 22:39:32] [INFO] Fixing Python code style...
[2024-12-23 22:39:32] [INFO] No formatting changes needed
[2024-12-23 22:39:32] [INFO] Fixing type hints...
[2024-12-23 22:39:33] [INFO] Fixing linting issues...
[2024-12-23 22:39:36] [INFO] Updating metrics after fixes...
[2024-12-23 22:39:36] [INFO] Auto-fix process completed successfully
[2024-12-23 22:40:42] [INFO] Starting auto-fix process...
[2024-12-23 22:40:42] [INFO] Fixing Python code style...
[2024-12-23 22:40:43] [INFO] No formatting changes needed
[2024-12-23 22:40:43] [INFO] Fixing type hints...
[2024-12-23 22:40:43] [INFO] Fixing linting issues...
[2024-12-23 22:40:46] [INFO] Updating metrics after fixes...
[2024-12-23 22:40:46] [INFO] Auto-fix process completed successfully
[2024-12-23 22:40:50] [INFO] Starting auto-fix process...
[2024-12-23 22:40:50] [INFO] Fixing Python code style...
[2024-12-23 22:40:51] [INFO] No formatting changes needed
[2024-12-23 22:40:51] [INFO] Fixing type hints...
[2024-12-23 22:40:51] [INFO] Fixing linting issues...
[2024-12-23 22:40:54] [INFO] Updating metrics after fixes...
[2024-12-23 22:40:54] [INFO] Auto-fix process completed successfully
[2024-12-23 22:41:21] [INFO] Starting auto-fix process...
[2024-12-23 22:41:21] [INFO] Fixing Python code style...
[2024-12-23 22:41:22] [INFO] No formatting changes needed
[2024-12-23 22:41:22] [INFO] Fixing type hints...
[2024-12-23 22:41:23] [INFO] Fixing linting issues...
[2024-12-23 22:41:26] [INFO] Updating metrics after fixes...
[2024-12-23 22:41:26] [INFO] Auto-fix process completed successfully
[2024-12-23 22:41:26] [INFO] Starting auto-fix process...
[2024-12-23 22:41:26] [INFO] Fixing Python code style...
[2024-12-23 22:41:27] [INFO] No formatting changes needed
[2024-12-23 22:41:27] [INFO] Fixing type hints...
[2024-12-23 22:41:27] [INFO] Fixing linting issues...
[2024-12-23 22:41:31] [INFO] Updating metrics after fixes...
[2024-12-23 22:41:31] [INFO] Auto-fix process completed successfully
[2024-12-23 22:41:33] [INFO] Starting auto-fix process...
[2024-12-23 22:41:33] [INFO] Fixing Python code style...
[2024-12-23 22:41:34] [INFO] No formatting changes needed
[2024-12-23 22:41:34] [INFO] Fixing type hints...
[2024-12-23 22:41:35] [INFO] Fixing linting issues...
[2024-12-23 22:41:38] [INFO] Updating metrics after fixes...
[2024-12-23 22:41:38] [INFO] Auto-fix process completed successfully
[2024-12-23 22:41:38] [INFO] Starting auto-fix process...
[2024-12-23 22:41:38] [INFO] Fixing Python code style...
[2024-12-23 22:41:39] [INFO] No formatting changes needed
[2024-12-23 22:41:39] [INFO] Fixing type hints...
[2024-12-23 22:41:39] [INFO] Fixing linting issues...
[2024-12-23 22:41:42] [INFO] Updating metrics after fixes...
[2024-12-23 22:41:42] [INFO] Auto-fix process completed successfully
[2024-12-23 22:43:39] [INFO] Starting auto-fix process...
[2024-12-23 22:43:39] [INFO] Fixing Python code style...
[2024-12-23 22:43:40] [INFO] No formatting changes needed
[2024-12-23 22:43:40] [INFO] Fixing type hints...
[2024-12-23 22:43:40] [INFO] Fixing linting issues...
[2024-12-23 22:43:43] [INFO] Updating metrics after fixes...
[2024-12-23 22:43:43] [INFO] Auto-fix process completed successfully
[2024-12-23 22:43:44] [INFO] Starting auto-fix process...
[2024-12-23 22:43:44] [INFO] Fixing Python code style...
[2024-12-23 22:43:45] [INFO] No formatting changes needed
[2024-12-23 22:43:45] [INFO] Fixing type hints...
[2024-12-23 22:43:45] [INFO] Fixing linting issues...
[2024-12-23 22:43:48] [INFO] Updating metrics after fixes...
[2024-12-23 22:43:48] [INFO] Auto-fix process completed successfully
[2024-12-23 22:44:06] [INFO] Starting auto-fix process...
[2024-12-23 22:44:06] [INFO] Fixing Python code style...
[2024-12-23 22:44:07] [INFO] No formatting changes needed
[2024-12-23 22:44:07] [INFO] Fixing type hints...
[2024-12-23 22:44:07] [INFO] Fixing linting issues...
[2024-12-23 22:44:10] [INFO] Updating metrics after fixes...
[2024-12-23 22:44:10] [INFO] Auto-fix process completed successfully
[2024-12-23 22:44:11] [INFO] Starting auto-fix process...
[2024-12-23 22:44:11] [INFO] Fixing Python code style...
[2024-12-23 22:44:12] [INFO] No formatting changes needed
[2024-12-23 22:44:12] [INFO] Fixing type hints...
[2024-12-23 22:44:12] [INFO] Fixing linting issues...
[2024-12-23 22:44:15] [INFO] Updating metrics after fixes...
[2024-12-23 22:44:15] [INFO] Auto-fix process completed successfully
[2024-12-23 22:45:51] [INFO] Starting auto-fix process...
[2024-12-23 22:45:51] [INFO] Fixing Python code style...
[2024-12-23 22:45:52] [INFO] No formatting changes needed
[2024-12-23 22:45:52] [INFO] Fixing type hints...
[2024-12-23 22:45:52] [INFO] Fixing linting issues...
[2024-12-23 22:45:56] [INFO] Updating metrics after fixes...
[2024-12-23 22:45:56] [INFO] Auto-fix process completed successfully
[2024-12-23 22:45:56] [INFO] Starting auto-fix process...
[2024-12-23 22:45:56] [INFO] Fixing Python code style...
[2024-12-23 22:45:57] [INFO] No formatting changes needed
[2024-12-23 22:45:57] [INFO] Fixing type hints...
[2024-12-23 22:45:57] [INFO] Fixing linting issues...
[2024-12-23 22:46:00] [INFO] Updating metrics after fixes...
[2024-12-23 22:46:00] [INFO] Auto-fix process completed successfully
[2024-12-23 22:52:19] [INFO] Starting auto-fix process...
[2024-12-23 22:52:19] [INFO] Fixing Python code style...
[2024-12-23 22:52:20] [INFO] No formatting changes needed
[2024-12-23 22:52:20] [INFO] Fixing type hints...
[2024-12-23 22:52:20] [INFO] Fixing linting issues...
[2024-12-23 22:52:24] [INFO] Updating metrics after fixes...
[2024-12-23 22:52:24] [INFO] Auto-fix process completed successfully
[2024-12-23 22:52:24] [INFO] Starting auto-fix process...
[2024-12-23 22:52:24] [INFO] Fixing Python code style...
[2024-12-23 22:52:25] [INFO] No formatting changes needed
[2024-12-23 22:52:25] [INFO] Fixing type hints...
[2024-12-23 22:52:25] [INFO] Fixing linting issues...
[2024-12-23 22:52:28] [INFO] Updating metrics after fixes...
[2024-12-23 22:52:28] [INFO] Auto-fix process completed successfully
[2024-12-23 22:52:36] [INFO] Starting auto-fix process...
[2024-12-23 22:52:36] [INFO] Fixing Python code style...
[2024-12-23 22:52:37] [INFO] No formatting changes needed
[2024-12-23 22:52:37] [INFO] Fixing type hints...
[2024-12-23 22:52:37] [INFO] Fixing linting issues...
[2024-12-23 22:52:40] [INFO] Updating metrics after fixes...
[2024-12-23 22:52:41] [INFO] Auto-fix process completed successfully
[2024-12-23 22:54:11] [INFO] Starting auto-fix process...
[2024-12-23 22:54:11] [INFO] Fixing Python code style...
[2024-12-23 22:54:12] [INFO] No formatting changes needed
[2024-12-23 22:54:12] [INFO] Fixing type hints...
[2024-12-23 22:54:12] [INFO] Fixing linting issues...
[2024-12-23 22:54:16] [INFO] Updating metrics after fixes...
[2024-12-23 22:54:16] [INFO] Auto-fix process completed successfully
[2024-12-23 22:54:16] [INFO] Starting auto-fix process...
[2024-12-23 22:54:16] [INFO] Fixing Python code style...
[2024-12-23 22:54:17] [INFO] No formatting changes needed
[2024-12-23 22:54:17] [INFO] Fixing type hints...
[2024-12-23 22:54:17] [INFO] Fixing linting issues...
[2024-12-23 22:54:21] [INFO] Updating metrics after fixes...
[2024-12-23 22:54:21] [INFO] Auto-fix process completed successfully
[2024-12-23 22:54:34] [INFO] Starting auto-fix process...
[2024-12-23 22:54:34] [INFO] Fixing Python code style...
[2024-12-23 22:54:35] [INFO] No formatting changes needed
[2024-12-23 22:54:35] [INFO] Fixing type hints...
[2024-12-23 22:54:36] [INFO] Fixing linting issues...
[2024-12-23 22:54:40] [INFO] Updating metrics after fixes...
[2024-12-23 22:54:40] [INFO] Auto-fix process completed successfully
[2024-12-23 22:54:56] [INFO] Starting auto-fix process...
[2024-12-23 22:54:56] [INFO] Fixing Python code style...
[2024-12-23 22:54:57] [INFO] No formatting changes needed
[2024-12-23 22:54:57] [INFO] Fixing type hints...
[2024-12-23 22:54:57] [INFO] Fixing linting issues...
[2024-12-23 22:55:01] [INFO] Updating metrics after fixes...
[2024-12-23 22:55:01] [INFO] Auto-fix process completed successfully
[2024-12-23 22:55:02] [INFO] Starting auto-fix process...
[2024-12-23 22:55:02] [INFO] Fixing Python code style...
[2024-12-23 22:55:03] [INFO] No formatting changes needed
[2024-12-23 22:55:03] [INFO] Fixing type hints...
[2024-12-23 22:55:03] [INFO] Fixing linting issues...
[2024-12-23 22:55:07] [INFO] Updating metrics after fixes...
[2024-12-23 22:55:08] [INFO] Auto-fix process completed successfully
[2024-12-23 22:56:22] [INFO] Starting auto-fix process...
[2024-12-23 22:56:22] [INFO] Fixing Python code style...
[2024-12-23 22:56:23] [INFO] No formatting changes needed
[2024-12-23 22:56:23] [INFO] Fixing type hints...
[2024-12-23 22:56:59] [INFO] Starting auto-fix process...
[2024-12-23 22:56:59] [INFO] Fixing Python code style...
[2024-12-23 22:56:59] [INFO] Starting auto-fix process...
[2024-12-23 22:56:59] [INFO] Fixing Python code style...
[2024-12-23 22:57:00] [INFO] No formatting changes needed
[2024-12-23 22:57:00] [INFO] Fixing type hints...
[2024-12-23 22:57:00] [INFO] Fixing linting issues...
[2024-12-23 22:57:00] [INFO] No formatting changes needed
[2024-12-23 22:57:00] [INFO] Fixing type hints...
[2024-12-23 22:57:00] [INFO] Fixing linting issues...
[2024-12-23 22:57:03] [INFO] Updating metrics after fixes...
[2024-12-23 22:57:03] [INFO] Auto-fix process completed successfully
[2024-12-23 22:57:03] [INFO] Updating metrics after fixes...
[2024-12-23 22:57:04] [INFO] Auto-fix process completed successfully
[2024-12-23 22:57:04] [INFO] Starting auto-fix process...
[2024-12-23 22:57:04] [INFO] Fixing Python code style...
[2024-12-23 22:57:04] [INFO] Starting auto-fix process...
[2024-12-23 22:57:04] [INFO] Fixing Python code style...
[2024-12-23 22:57:05] [INFO] No formatting changes needed
[2024-12-23 22:57:05] [INFO] Fixing type hints...
[2024-12-23 22:57:05] [INFO] No formatting changes needed
[2024-12-23 22:57:05] [INFO] Fixing type hints...
[2024-12-23 22:57:05] [INFO] Fixing linting issues...
[2024-12-23 22:57:05] [INFO] Fixing linting issues...
[2024-12-23 22:57:07] [INFO] Updating metrics after fixes...
[2024-12-23 22:57:07] [INFO] Updating metrics after fixes...
[2024-12-23 22:57:07] [INFO] Auto-fix process completed successfully
[2024-12-23 22:57:07] [INFO] Auto-fix process completed successfully
[2024-12-23 22:58:08] [INFO] Starting auto-fix process...
[2024-12-23 22:58:08] [INFO] Fixing Python code style...
[2024-12-23 22:58:09] [INFO] No formatting changes needed
[2024-12-23 22:58:09] [INFO] Fixing type hints...
[2024-12-23 22:58:09] [INFO] Fixing linting issues...
[2024-12-23 22:58:12] [INFO] Updating metrics after fixes...
[2024-12-23 22:58:12] [INFO] Auto-fix process completed successfully
[2024-12-23 22:58:13] [INFO] Starting auto-fix process...
[2024-12-23 22:58:13] [INFO] Fixing Python code style...
[2024-12-23 22:58:14] [INFO] No formatting changes needed
[2024-12-23 22:58:14] [INFO] Fixing type hints...
[2024-12-23 22:58:14] [INFO] Fixing linting issues...
[2024-12-23 22:58:17] [INFO] Updating metrics after fixes...
[2024-12-23 22:58:17] [INFO] Auto-fix process completed successfully
[2024-12-23 23:00:27] [INFO] Starting auto-fix process...
[2024-12-23 23:00:27] [INFO] Fixing Python code style...
[2024-12-23 23:00:28] [INFO] No formatting changes needed
[2024-12-23 23:00:28] [INFO] Fixing type hints...
[2024-12-23 23:00:28] [INFO] Fixing linting issues...
[2024-12-23 23:00:31] [INFO] Updating metrics after fixes...
[2024-12-23 23:00:31] [INFO] Auto-fix process completed successfully
[2024-12-23 23:00:32] [INFO] Starting auto-fix process...
[2024-12-23 23:00:32] [INFO] Fixing Python code style...
[2024-12-23 23:00:32] [INFO] No formatting changes needed
[2024-12-23 23:00:32] [INFO] Fixing type hints...
[2024-12-23 23:00:33] [INFO] Fixing linting issues...
[2024-12-23 23:00:35] [INFO] Updating metrics after fixes...
[2024-12-23 23:00:35] [INFO] Auto-fix process completed successfully
[2024-12-23 23:01:10] [INFO] Starting auto-fix process...
[2024-12-23 23:01:10] [INFO] Fixing Python code style...
[2024-12-23 23:01:11] [INFO] No formatting changes needed
[2024-12-23 23:01:11] [INFO] Fixing type hints...
[2024-12-23 23:01:11] [INFO] Fixing linting issues...
[2024-12-23 23:01:14] [INFO] Updating metrics after fixes...
[2024-12-23 23:01:14] [INFO] Auto-fix process completed successfully
[2024-12-23 23:01:15] [INFO] Starting auto-fix process...
[2024-12-23 23:01:15] [INFO] Fixing Python code style...
[2024-12-23 23:01:15] [INFO] No formatting changes needed
[2024-12-23 23:01:15] [INFO] Fixing type hints...
[2024-12-23 23:01:16] [INFO] Fixing linting issues...
[2024-12-23 23:01:19] [INFO] Updating metrics after fixes...
[2024-12-23 23:01:19] [INFO] Auto-fix process completed successfully
[2024-12-23 23:03:24] [INFO] Starting auto-fix process...
[2024-12-23 23:03:24] [INFO] Fixing Python code style...
[2024-12-23 23:03:25] [INFO] No formatting changes needed
[2024-12-23 23:03:25] [INFO] Fixing type hints...
[2024-12-23 23:03:25] [INFO] Fixing linting issues...
[2024-12-23 23:03:29] [INFO] Updating metrics after fixes...
[2024-12-23 23:03:29] [INFO] Auto-fix process completed successfully
[2024-12-23 23:03:29] [INFO] Starting auto-fix process...
[2024-12-23 23:03:29] [INFO] Fixing Python code style...
[2024-12-23 23:03:30] [INFO] No formatting changes needed
[2024-12-23 23:03:30] [INFO] Fixing type hints...
[2024-12-23 23:03:30] [INFO] Fixing linting issues...
[2024-12-23 23:03:33] [INFO] Updating metrics after fixes...
[2024-12-23 23:03:33] [INFO] Auto-fix process completed successfully
[2024-12-23 23:05:39] [INFO] Starting auto-fix process...
[2024-12-23 23:05:39] [INFO] Fixing Python code style...
[2024-12-23 23:05:40] [INFO] No formatting changes needed
[2024-12-23 23:05:40] [INFO] Fixing type hints...
[2024-12-23 23:05:40] [INFO] Fixing linting issues...
[2024-12-23 23:05:43] [INFO] Updating metrics after fixes...
[2024-12-23 23:05:43] [INFO] Auto-fix process completed successfully
[2024-12-23 23:05:44] [INFO] Starting auto-fix process...
[2024-12-23 23:05:44] [INFO] Fixing Python code style...
[2024-12-23 23:05:45] [INFO] No formatting changes needed
[2024-12-23 23:05:45] [INFO] Fixing type hints...
[2024-12-23 23:05:45] [INFO] Fixing linting issues...
[2024-12-23 23:05:48] [INFO] Updating metrics after fixes...
[2024-12-23 23:05:48] [INFO] Auto-fix process completed successfully
[2024-12-23 23:07:54] [INFO] Starting auto-fix process...
[2024-12-23 23:07:54] [INFO] Fixing Python code style...
[2024-12-23 23:07:55] [INFO] No formatting changes needed
[2024-12-23 23:07:55] [INFO] Fixing type hints...
[2024-12-23 23:07:55] [INFO] Fixing linting issues...
[2024-12-23 23:07:58] [INFO] Updating metrics after fixes...
[2024-12-23 23:07:58] [INFO] Auto-fix process completed successfully
[2024-12-23 23:07:58] [INFO] Starting auto-fix process...
[2024-12-23 23:07:58] [INFO] Fixing Python code style...
[2024-12-23 23:07:59] [INFO] No formatting changes needed
[2024-12-23 23:07:59] [INFO] Fixing type hints...
[2024-12-23 23:07:59] [INFO] Fixing linting issues...
[2024-12-23 23:08:02] [INFO] Updating metrics after fixes...
[2024-12-23 23:08:02] [INFO] Auto-fix process completed successfully
[2024-12-23 23:10:08] [INFO] Starting auto-fix process...
[2024-12-23 23:10:08] [INFO] Fixing Python code style...
[2024-12-23 23:10:09] [INFO] No formatting changes needed
[2024-12-23 23:10:09] [INFO] Fixing type hints...
[2024-12-23 23:10:09] [INFO] Fixing linting issues...
[2024-12-23 23:10:12] [INFO] Updating metrics after fixes...
[2024-12-23 23:10:12] [INFO] Auto-fix process completed successfully
[2024-12-23 23:10:12] [INFO] Starting auto-fix process...
[2024-12-23 23:10:12] [INFO] Fixing Python code style...
[2024-12-23 23:10:13] [INFO] No formatting changes needed
[2024-12-23 23:10:13] [INFO] Fixing type hints...
[2024-12-23 23:10:13] [INFO] Fixing linting issues...
[2024-12-23 23:10:16] [INFO] Updating metrics after fixes...
[2024-12-23 23:10:17] [INFO] Auto-fix process completed successfully
[2024-12-23 23:12:22] [INFO] Starting auto-fix process...
[2024-12-23 23:12:22] [INFO] Fixing Python code style...
[2024-12-23 23:12:23] [INFO] No formatting changes needed
[2024-12-23 23:12:23] [INFO] Fixing type hints...
[2024-12-23 23:12:23] [INFO] Fixing linting issues...
[2024-12-23 23:12:26] [INFO] Updating metrics after fixes...
[2024-12-23 23:12:26] [INFO] Auto-fix process completed successfully
[2024-12-23 23:12:27] [INFO] Starting auto-fix process...
[2024-12-23 23:12:27] [INFO] Fixing Python code style...
[2024-12-23 23:12:28] [INFO] No formatting changes needed
[2024-12-23 23:12:28] [INFO] Fixing type hints...
[2024-12-23 23:12:28] [INFO] Fixing linting issues...
[2024-12-23 23:12:31] [INFO] Updating metrics after fixes...
[2024-12-23 23:12:31] [INFO] Auto-fix process completed successfully
[2024-12-23 23:15:31] [INFO] Starting auto-fix process...
[2024-12-23 23:15:31] [INFO] Fixing Python code style...
[2024-12-23 23:15:32] [INFO] No formatting changes needed
[2024-12-23 23:15:32] [INFO] Fixing type hints...
[2024-12-23 23:15:32] [INFO] Fixing linting issues...
[2024-12-23 23:15:36] [INFO] Updating metrics after fixes...
[2024-12-23 23:15:36] [INFO] Auto-fix process completed successfully
[2024-12-23 23:16:37] [INFO] Starting auto-fix process...
[2024-12-23 23:16:37] [INFO] Fixing Python code style...
[2024-12-23 23:16:38] [INFO] No formatting changes needed
[2024-12-23 23:16:38] [INFO] Fixing type hints...
[2024-12-23 23:16:38] [INFO] Fixing linting issues...
[2024-12-23 23:16:41] [INFO] Updating metrics after fixes...
[2024-12-23 23:16:41] [INFO] Auto-fix process completed successfully
[2024-12-23 23:18:11] [INFO] Starting auto-fix process...
[2024-12-23 23:18:11] [INFO] Fixing Python code style...
[2024-12-23 23:18:13] [INFO] Formatting changes applied
[2024-12-23 23:18:13] [INFO] Fixing type hints...
[2024-12-23 23:18:13] [INFO] Fixing linting issues...
[2024-12-23 23:18:16] [INFO] Updating metrics after fixes...
[2024-12-23 23:18:16] [INFO] Auto-fix process completed successfully
[2024-12-23 23:18:38] [INFO] Starting auto-fix process...
[2024-12-23 23:18:38] [INFO] Fixing Python code style...
[2024-12-23 23:18:39] [INFO] No formatting changes needed
[2024-12-23 23:18:39] [INFO] Fixing type hints...
[2024-12-23 23:18:39] [INFO] Fixing linting issues...
[2024-12-23 23:18:43] [INFO] Updating metrics after fixes...
[2024-12-23 23:18:43] [INFO] Auto-fix process completed successfully
[2024-12-23 23:18:47] [INFO] Starting auto-fix process...
[2024-12-23 23:18:47] [INFO] Fixing Python code style...
[2024-12-23 23:18:48] [INFO] No formatting changes needed
[2024-12-23 23:18:48] [INFO] Fixing type hints...
[2024-12-23 23:18:48] [INFO] Fixing linting issues...
[2024-12-23 23:18:52] [INFO] Updating metrics after fixes...
[2024-12-23 23:18:52] [INFO] Auto-fix process completed successfully
[2024-12-23 23:21:39] [INFO] Starting auto-fix process...
[2024-12-23 23:21:39] [INFO] Fixing Python code style...
[2024-12-23 23:21:41] [INFO] Formatting changes applied
[2024-12-23 23:21:41] [INFO] Fixing type hints...
[2024-12-23 23:21:41] [INFO] Fixing linting issues...
[2024-12-23 23:21:44] [INFO] Updating metrics after fixes...
[2024-12-23 23:21:45] [INFO] Auto-fix process completed successfully
[2024-12-23 23:22:09] [INFO] Starting auto-fix process...
[2024-12-23 23:22:09] [INFO] Fixing Python code style...
[2024-12-23 23:22:10] [INFO] Formatting changes applied
[2024-12-23 23:22:10] [INFO] Fixing type hints...
[2024-12-23 23:22:10] [INFO] Fixing linting issues...
[2024-12-23 23:22:14] [INFO] Updating metrics after fixes...
[2024-12-23 23:22:14] [INFO] Auto-fix process completed successfully
[2024-12-24 14:12:56] [INFO] Starting auto-fix process...
[2024-12-24 14:12:56] [INFO] Fixing Python code style...
[2024-12-24 14:12:58] [INFO] Formatting changes applied
[2024-12-24 14:12:58] [INFO] Fixing type hints...
[2024-12-24 14:12:58] [INFO] Fixing linting issues...
[2024-12-24 14:13:04] [INFO] Updating metrics after fixes...
[2024-12-24 14:13:04] [INFO] Auto-fix process completed successfully
[2024-12-24 14:13:04] [INFO] Starting auto-fix process...
[2024-12-24 14:13:04] [INFO] Fixing Python code style...
[2024-12-24 14:13:05] [INFO] No formatting changes needed
[2024-12-24 14:13:05] [INFO] Fixing type hints...
[2024-12-24 14:13:06] [INFO] Fixing linting issues...
[2024-12-24 14:13:10] [INFO] Updating metrics after fixes...
[2024-12-24 14:13:10] [INFO] Auto-fix process completed successfully
