Running tests at Mon Dec 23 18:18:46 AEDT 2024
============================= test session starts ==============================
platform darwin -- Python 3.13.1, pytest-8.3.4, pluggy-1.5.0 -- /Users/admin/cursor/write-a-book/venv/bin/python3.13
cachedir: .pytest_cache
rootdir: /Users/admin/cursor/write-a-book
configfile: pyproject.toml
plugins: cov-6.0.0, asyncio-0.25.0, anyio-4.7.0, mock-3.14.0
asyncio: mode=Mode.STRICT, asyncio_default_fixture_loop_scope=function
collecting ... collected 82 items

tests/test_app_config.py::test_app_settings PASSED                       [  1%]
tests/test_app_config.py::test_supported_formats PASSED                  [  2%]
tests/test_app_config.py::test_theme_config PASSED                       [  3%]
tests/test_app_config.py::test_editor_config PASSED                      [  4%]
tests/test_app_config.py::test_preview_config PASSED                     [  6%]
tests/test_app_config.py::test_logging_config PASSED                     [  7%]
tests/test_app_core.py::test_editor_app_initialization PASSED            [  8%]
tests/test_app_core.py::test_document_manager_operations PASSED          [  9%]
tests/test_app_core.py::test_template_renderer_operations PASSED         [ 10%]
tests/test_app_core.py::test_preview_manager_operations PASSED           [ 12%]
tests/test_app_core.py::test_editor_app_document_handling PASSED         [ 13%]
tests/test_app_core.py::test_editor_app_template_handling PASSED         [ 14%]
tests/test_app_core.py::test_editor_app_error_handling PASSED            [ 15%]
tests/test_app_core.py::test_document_manager_validation PASSED          [ 17%]
tests/test_app_core.py::test_template_renderer_validation PASSED         [ 18%]
tests/test_app_core_editor.py::test_editor_initialization PASSED         [ 19%]
tests/test_app_core_editor.py::test_editor_document_handling PASSED      [ 20%]
tests/test_app_core_editor.py::test_editor_error_handling PASSED         [ 21%]
tests/test_book.py::test_book_creation PASSED                            [ 23%]
tests/test_book.py::test_chapter_management PASSED                       [ 24%]
tests/test_book.py::test_section_management PASSED                       [ 25%]
tests/test_book.py::test_metadata_management PASSED                      [ 26%]
tests/test_book.py::test_content_operations PASSED                       [ 28%]
tests/test_book.py::test_chapter_operations PASSED                       [ 29%]
tests/test_components.py::test_editor_component_initialization PASSED    [ 30%]
tests/test_components.py::test_editor_content_update PASSED              [ 31%]
tests/test_components.py::test_cursor_movement PASSED                    [ 32%]
tests/test_components.py::test_text_selection PASSED                     [ 34%]
tests/test_components.py::test_undo_redo PASSED                          [ 35%]
tests/test_core_editor.py::test_editor_initialization PASSED             [ 36%]
tests/test_core_editor.py::test_editor_document_handling PASSED          [ 37%]
tests/test_core_editor.py::test_editor_error_handling PASSED             [ 39%]
tests/test_core_editor.py::test_document_serialization PASSED            [ 40%]
tests/test_core_editor.py::test_datetime_encoder PASSED                  [ 41%]
tests/test_core_editor.py::test_save_without_document PASSED             [ 42%]
tests/test_core_editor_extended.py::test_document_empty_metadata PASSED  [ 43%]
tests/test_core_editor_extended.py::test_document_metadata_update FAILED [ 45%]
tests/test_core_editor_extended.py::test_document_content_versioning PASSED [ 46%]
tests/test_core_editor_extended.py::test_document_timestamps FAILED      [ 47%]
tests/test_core_editor_extended.py::test_editor_document_management PASSED [ 48%]
tests/test_core_editor_extended.py::test_document_serialization_edge_cases PASSED [ 50%]
tests/test_core_editor_extended.py::test_document_load_errors PASSED     [ 51%]
tests/test_editor.py::test_editor_initialization PASSED                  [ 52%]
tests/test_editor.py::test_book_loading PASSED                           [ 53%]
tests/test_editor.py::test_chapter_navigation PASSED                     [ 54%]
tests/test_editor.py::test_content_editing PASSED                        [ 56%]
tests/test_editor.py::test_chapter_management PASSED                     [ 57%]
tests/test_editor.py::test_error_handling PASSED                         [ 58%]
tests/test_editor.py::test_undo_redo_stack PASSED                        [ 59%]
tests/test_editor.py::test_empty_undo_redo PASSED                        [ 60%]
tests/test_editor.py::test_chapter_validation PASSED                     [ 62%]
tests/test_editor.py::test_chapter_index_adjustment PASSED               [ 63%]
tests/test_editor.py::test_multiple_chapter_operations PASSED            [ 64%]
tests/test_main.py::test_book_editor_initialization PASSED               [ 65%]
tests/test_main.py::test_book_editor_document_handling PASSED            [ 67%]
tests/test_main.py::test_book_editor_error_handling PASSED               [ 68%]
tests/test_settings.py::test_app_settings PASSED                         [ 69%]
tests/test_settings.py::test_supported_formats PASSED                    [ 70%]
tests/test_settings.py::test_theme_config PASSED                         [ 71%]
tests/test_settings.py::test_editor_config PASSED                        [ 73%]
tests/test_settings.py::test_preview_config PASSED                       [ 74%]
tests/test_settings.py::test_logging_config PASSED                       [ 75%]
tests/test_storage.py::test_storage_initialization PASSED                [ 76%]
tests/test_storage.py::test_file_operations PASSED                       [ 78%]
tests/test_storage.py::test_directory_operations PASSED                  [ 79%]
tests/test_storage.py::test_backup_operations PASSED                     [ 80%]
tests/test_storage.py::test_error_handling PASSED                        [ 81%]
tests/test_template.py::test_template_creation PASSED                    [ 82%]
tests/test_template.py::test_template_serialization PASSED               [ 84%]
tests/test_template.py::test_template_manager_categories PASSED          [ 85%]
tests/test_template.py::test_template_manager_save_load PASSED           [ 86%]
tests/test_template.py::test_template_manager_listing PASSED             [ 87%]
tests/test_template.py::test_template_search PASSED                      [ 89%]
tests/test_text_editor_extended.py::test_editor_initialization PASSED    [ 90%]
tests/test_text_editor_extended.py::test_content_management PASSED       [ 91%]
tests/test_text_editor_extended.py::test_cursor_movement_bounds PASSED   [ 92%]
tests/test_text_editor_extended.py::test_text_selection_operations PASSED [ 93%]
tests/test_text_editor_extended.py::test_undo_redo_operations PASSED     [ 95%]
tests/test_text_editor_extended.py::test_empty_operations PASSED         [ 96%]
tests/test_text_editor_extended.py::test_cursor_selection_interaction PASSED [ 97%]
tests/test_text_editor_extended.py::test_content_state_management PASSED [ 98%]
tests/test_text_editor_extended.py::test_selection_edge_cases PASSED     [100%]

=================================== FAILURES ===================================
________________________ test_document_metadata_update _________________________

editor_instance = <src.book_editor.core.editor.Editor object at 0x1053749e0>

    def test_document_metadata_update(editor_instance):
        """Test document metadata update operations."""
        doc = editor_instance.new_document("Test")
        initial_metadata = doc.metadata
        doc.update_content("Test content")
        updated_metadata = doc.metadata
>       assert updated_metadata["version"] > initial_metadata["version"]
E       assert 2 > 2

tests/test_core_editor_extended.py:38: AssertionError
___________________________ test_document_timestamps ___________________________

editor_instance = <src.book_editor.core.editor.Editor object at 0x1052fb250>

    def test_document_timestamps(editor_instance):
        """Test document timestamp tracking."""
        doc = editor_instance.new_document("Test")
        initial_metadata = doc.metadata
        doc.update_content("Test content")
        updated_metadata = doc.metadata
>       assert updated_metadata["updated_at"] > initial_metadata["updated_at"]
E       assert datetime.datetime(2024, 12, 23, 18, 18, 47, 585258) > datetime.datetime(2024, 12, 23, 18, 18, 47, 585258)

tests/test_core_editor_extended.py:60: AssertionError
=========================== short test summary info ============================
FAILED tests/test_core_editor_extended.py::test_document_metadata_update - as...
FAILED tests/test_core_editor_extended.py::test_document_timestamps - assert ...
========================= 2 failed, 80 passed in 0.42s =========================
[2024-12-23 22:16:03] [INFO] Starting verification and fix process...
[2024-12-23 22:16:03] [INFO] Starting verification iteration 1
[2024-12-23 22:16:03] [INFO] Verifying Python code...
[2024-12-23 22:19:10] [INFO] Starting verification and fix process...
[2024-12-23 22:19:10] [INFO] Starting verification iteration 1
[2024-12-23 22:19:10] [INFO] Verifying Python code...
[2024-12-23 22:19:14] [INFO] Verifying tests...
[2024-12-23 22:19:15] [WARN] Found 0
0 errors after iteration 1
[2024-12-23 22:19:16] [INFO] Starting verification iteration 2
[2024-12-23 22:19:16] [INFO] Verifying Python code...
[2024-12-23 22:19:19] [INFO] Verifying tests...
[2024-12-23 22:19:21] [WARN] Found 0
0 errors after iteration 2
[2024-12-23 22:19:22] [INFO] Starting verification iteration 3
[2024-12-23 22:19:22] [INFO] Verifying Python code...
[2024-12-23 22:19:25] [INFO] Verifying tests...
[2024-12-23 22:19:26] [WARN] Found 0
0 errors after iteration 3
[2024-12-23 22:19:26] [ERROR] Max iterations reached. Manual intervention required.
[2024-12-23 22:19:41] [INFO] Starting verification and fix process...
[2024-12-23 22:19:41] [INFO] Starting verification iteration 1
[2024-12-23 22:19:41] [INFO] Verifying Python code...
[2024-12-23 22:19:44] [INFO] Verifying tests...
[2024-12-23 22:19:45] [WARN] Found 0
0 errors after iteration 1
[2024-12-23 22:19:46] [INFO] Starting verification iteration 2
[2024-12-23 22:19:46] [INFO] Verifying Python code...
[2024-12-23 22:19:49] [INFO] Verifying tests...
[2024-12-23 22:19:51] [WARN] Found 0
0 errors after iteration 2
[2024-12-23 22:19:52] [INFO] Starting verification iteration 3
[2024-12-23 22:19:52] [INFO] Verifying Python code...
[2024-12-23 22:19:54] [INFO] Verifying tests...
[2024-12-23 22:19:56] [WARN] Found 0
0 errors after iteration 3
[2024-12-23 22:19:56] [ERROR] Max iterations reached. Manual intervention required.
[2024-12-23 22:21:11] [INFO] Starting verification and fix process...
[2024-12-23 22:21:11] [INFO] Starting verification iteration 1
[2024-12-23 22:21:11] [INFO] Verifying Python code...
[2024-12-23 22:21:14] [INFO] Verifying tests...
[2024-12-23 22:21:15] [WARN] Found 0
0 errors after iteration 1
[2024-12-23 22:21:16] [INFO] Starting verification iteration 2
[2024-12-23 22:21:16] [INFO] Verifying Python code...
[2024-12-23 22:21:19] [INFO] Verifying tests...
[2024-12-23 22:21:20] [WARN] Found 0
0 errors after iteration 2
[2024-12-23 22:21:21] [INFO] Starting verification iteration 3
[2024-12-23 22:21:21] [INFO] Verifying Python code...
[2024-12-23 22:21:24] [INFO] Verifying tests...
[2024-12-23 22:21:25] [WARN] Found 0
0 errors after iteration 3
[2024-12-23 22:21:25] [ERROR] Max iterations reached. Manual intervention required.
[2024-12-23 22:23:11] [INFO] Starting verification and fix process...
[2024-12-23 22:23:11] [INFO] Starting verification iteration 1
[2024-12-23 22:23:11] [INFO] Verifying Python code...
[2024-12-23 22:23:14] [INFO] Verifying tests...
[2024-12-23 22:23:16] [WARN] Found 0
0 errors after iteration 1
[2024-12-23 22:23:19] [INFO] Starting verification iteration 2
[2024-12-23 22:23:19] [INFO] Verifying Python code...
[2024-12-23 22:23:22] [INFO] Verifying tests...
[2024-12-23 22:23:24] [WARN] Found 0
0 errors after iteration 2
[2024-12-23 22:23:27] [INFO] Starting verification iteration 3
[2024-12-23 22:23:27] [INFO] Verifying Python code...
[2024-12-23 22:23:30] [INFO] Verifying tests...
[2024-12-23 22:23:31] [INFO] Starting verification and fix process...
[2024-12-23 22:23:31] [INFO] Starting verification iteration 1
[2024-12-23 22:23:31] [INFO] Verifying Python code...
[2024-12-23 22:23:31] [WARN] Found 0
0 errors after iteration 3
[2024-12-23 22:23:31] [ERROR] Max iterations reached. Manual intervention required.
[2024-12-23 22:23:34] [INFO] Verifying tests...
[2024-12-23 22:23:36] [WARN] Found 0
0 errors after iteration 1
[2024-12-23 22:23:39] [INFO] Starting verification iteration 2
[2024-12-23 22:23:39] [INFO] Verifying Python code...
[2024-12-23 22:23:42] [INFO] Verifying tests...
[2024-12-23 22:23:44] [WARN] Found 0
0 errors after iteration 2
[2024-12-23 22:23:47] [INFO] Starting verification iteration 3
[2024-12-23 22:23:47] [INFO] Verifying Python code...
[2024-12-23 22:23:50] [INFO] Verifying tests...
[2024-12-23 22:23:52] [WARN] Found 0
0 errors after iteration 3
[2024-12-23 22:23:52] [ERROR] Max iterations reached. Manual intervention required.
[2024-12-23 22:25:12] [INFO] Starting verification and fix process...
[2024-12-23 22:25:12] [INFO] Starting verification iteration 1
[2024-12-23 22:25:12] [INFO] Verifying Python code...
[2024-12-23 22:25:15] [INFO] Verifying tests...
[2024-12-23 22:25:18] [WARN] Found 0
0 errors after iteration 1
[2024-12-23 22:25:21] [INFO] Starting verification and fix process...
[2024-12-23 22:25:21] [INFO] Starting verification iteration 1
[2024-12-23 22:25:21] [INFO] Verifying Python code...
[2024-12-23 22:25:22] [INFO] Starting verification iteration 2
[2024-12-23 22:25:22] [INFO] Verifying Python code...
[2024-12-23 22:25:24] [INFO] Verifying tests...
[2024-12-23 22:25:25] [INFO] Verifying tests...
[2024-12-23 22:25:27] [WARN] Coverage below threshold: %
[2024-12-23 22:25:27] [WARN] Found 0
0 errors after iteration 1
[2024-12-23 22:25:27] [WARN] Found 0
0 errors after iteration 2
[2024-12-23 22:25:31] [INFO] Starting verification iteration 2
[2024-12-23 22:25:31] [INFO] Verifying Python code...
[2024-12-23 22:25:31] [INFO] Starting verification iteration 3
[2024-12-23 22:25:31] [INFO] Verifying Python code...
[2024-12-23 22:25:34] [INFO] Verifying tests...
[2024-12-23 22:25:34] [INFO] Verifying tests...
[2024-12-23 22:25:37] [WARN] Found 0
0 errors after iteration 2
[2024-12-23 22:25:37] [WARN] Found 0
0 errors after iteration 3
[2024-12-23 22:25:37] [ERROR] Max iterations reached. Manual intervention required.
[2024-12-23 22:25:40] [INFO] Starting verification iteration 3
[2024-12-23 22:25:40] [INFO] Verifying Python code...
[2024-12-23 22:25:43] [INFO] Verifying tests...
[2024-12-23 22:25:46] [WARN] Found 0
0 errors after iteration 3
[2024-12-23 22:25:46] [ERROR] Max iterations reached. Manual intervention required.
[2024-12-23 22:27:12] [INFO] Starting verification and fix process...
[2024-12-23 22:27:12] [INFO] Starting verification iteration 1
[2024-12-23 22:27:12] [INFO] Verifying Python code...
[2024-12-23 22:27:15] [INFO] Verifying tests...
[2024-12-23 22:27:17] [INFO] Starting verification and fix process...
[2024-12-23 22:27:17] [INFO] Starting verification iteration 1
[2024-12-23 22:27:17] [INFO] Verifying Python code...
[2024-12-23 22:27:18] [WARN] Coverage below threshold: 0.00%
[2024-12-23 22:27:18] [WARN] Found 0
0 errors after iteration 1
[2024-12-23 22:27:20] [INFO] Verifying tests...
[2024-12-23 22:27:21] [INFO] Starting verification iteration 2
[2024-12-23 22:27:21] [INFO] Verifying Python code...
[2024-12-23 22:27:22] [WARN] Coverage below threshold: 0.00%
[2024-12-23 22:27:22] [WARN] Found 0
0 errors after iteration 1
[2024-12-23 22:27:25] [INFO] Verifying tests...
[2024-12-23 22:27:26] [INFO] Starting verification iteration 2
[2024-12-23 22:27:26] [INFO] Verifying Python code...
[2024-12-23 22:27:27] [WARN] Coverage below threshold: 0.00%
[2024-12-23 22:27:27] [WARN] Found 0
0 errors after iteration 2
[2024-12-23 22:27:29] [INFO] Verifying tests...
[2024-12-23 22:27:31] [INFO] Starting verification iteration 3
[2024-12-23 22:27:31] [INFO] Verifying Python code...
[2024-12-23 22:27:32] [WARN] Coverage below threshold: 0.00%
[2024-12-23 22:27:32] [WARN] Found 0
0 errors after iteration 2
[2024-12-23 22:27:34] [INFO] Verifying tests...
[2024-12-23 22:27:36] [INFO] Starting verification iteration 3
[2024-12-23 22:27:36] [INFO] Verifying Python code...
[2024-12-23 22:27:36] [WARN] Coverage below threshold: 0.00%
[2024-12-23 22:27:36] [WARN] Found 0
0 errors after iteration 3
[2024-12-23 22:27:36] [ERROR] Max iterations reached. Manual intervention required.
[2024-12-23 22:27:38] [INFO] Verifying tests...
[2024-12-23 22:27:41] [WARN] Coverage below threshold: 0.00%
[2024-12-23 22:27:41] [WARN] Found 0
0 errors after iteration 3
[2024-12-23 22:27:41] [ERROR] Max iterations reached. Manual intervention required.
[2024-12-23 22:29:13] [INFO] Starting verification and fix process...
[2024-12-23 22:29:13] [INFO] Starting verification iteration 1
[2024-12-23 22:29:13] [INFO] Verifying Python code...
[2024-12-23 22:29:16] [INFO] Verifying tests...
[2024-12-23 22:29:18] [WARN] Found 0
0 errors after iteration 1
[2024-12-23 22:29:22] [INFO] Starting verification iteration 2
[2024-12-23 22:29:22] [INFO] Verifying Python code...
[2024-12-23 22:29:25] [INFO] Verifying tests...
[2024-12-23 22:29:27] [WARN] Found 0
0 errors after iteration 2
[2024-12-23 22:29:31] [INFO] Starting verification iteration 3
[2024-12-23 22:29:31] [INFO] Verifying Python code...
[2024-12-23 22:29:34] [INFO] Verifying tests...
[2024-12-23 22:29:37] [WARN] Found 0
0 errors after iteration 3
[2024-12-23 22:29:37] [ERROR] Max iterations reached. Manual intervention required.
[2024-12-23 22:31:14] [INFO] Starting verification and fix process...
[2024-12-23 22:31:14] [INFO] Starting verification iteration 1
[2024-12-23 22:31:14] [INFO] Verifying Python code...
[2024-12-23 22:31:17] [INFO] Verifying tests...
[2024-12-23 22:31:19] [INFO] Coverage at 1105%
[2024-12-23 22:31:19] [WARN] Found 0
0 errors after iteration 1
[2024-12-23 22:31:23] [INFO] Starting verification iteration 2
[2024-12-23 22:31:23] [INFO] Verifying Python code...
[2024-12-23 22:31:26] [INFO] Verifying tests...
[2024-12-23 22:31:29] [INFO] Coverage at 1105%
[2024-12-23 22:31:29] [WARN] Found 0
0 errors after iteration 2
[2024-12-23 22:31:36] [INFO] Starting verification iteration 3
[2024-12-23 22:31:36] [INFO] Verifying Python code...
[2024-12-23 22:31:39] [INFO] Verifying tests...
[2024-12-23 22:31:41] [INFO] Coverage at 1105%
[2024-12-23 22:31:41] [WARN] Found 0
0 errors after iteration 3
[2024-12-23 22:31:41] [ERROR] Max iterations reached. Manual intervention required.
[2024-12-23 22:32:15] [INFO] Starting verification and fix process...
[2024-12-23 22:32:15] [INFO] Starting verification iteration 1
[2024-12-23 22:32:15] [INFO] Verifying Python code...
[2024-12-23 22:32:18] [WARN] Type checking failed
[2024-12-23 22:32:25] [INFO] Verifying tests...
[2024-12-23 22:32:28] [INFO] Coverage at 1105%
[2024-12-23 22:32:28] [WARN] Found 0
0 errors after iteration 1
[2024-12-23 22:32:34] [INFO] Starting verification iteration 2
[2024-12-23 22:32:34] [INFO] Verifying Python code...
[2024-12-23 22:32:37] [WARN] Type checking failed
[2024-12-23 22:32:44] [INFO] Verifying tests...
[2024-12-23 22:32:46] [INFO] Coverage at 1105%
[2024-12-23 22:32:46] [WARN] Found 0
0 errors after iteration 2
[2024-12-23 22:32:53] [INFO] Starting verification iteration 3
[2024-12-23 22:32:53] [INFO] Verifying Python code...
[2024-12-23 22:32:56] [WARN] Type checking failed
[2024-12-23 22:33:03] [INFO] Verifying tests...
[2024-12-23 22:33:05] [INFO] Coverage at 1105%
[2024-12-23 22:33:05] [WARN] Found 0
0 errors after iteration 3
[2024-12-23 22:33:05] [ERROR] Max iterations reached. Manual intervention required.
[2024-12-23 22:33:15] [INFO] Starting verification and fix process...
[2024-12-23 22:33:15] [INFO] Starting verification iteration 1
[2024-12-23 22:33:15] [INFO] Verifying Python code...
[2024-12-23 22:33:18] [WARN] Type checking failed
[2024-12-23 22:33:25] [INFO] Verifying tests...
[2024-12-23 22:33:27] [INFO] Coverage at 1105%
[2024-12-23 22:33:27] [WARN] Found 0
0 errors after iteration 1
[2024-12-23 22:33:34] [INFO] Starting verification iteration 2
[2024-12-23 22:33:34] [INFO] Verifying Python code...
[2024-12-23 22:33:37] [WARN] Type checking failed
[2024-12-23 22:33:44] [INFO] Verifying tests...
[2024-12-23 22:33:47] [INFO] Coverage at 1105%
[2024-12-23 22:33:47] [WARN] Found 0
0 errors after iteration 2
[2024-12-23 22:33:54] [INFO] Starting verification iteration 3
[2024-12-23 22:33:54] [INFO] Verifying Python code...
[2024-12-23 22:33:56] [WARN] Type checking failed
[2024-12-23 22:34:02] [INFO] Starting verification and fix process...
[2024-12-23 22:34:02] [INFO] Starting verification iteration 1
[2024-12-23 22:34:02] [INFO] Verifying Python code...
[2024-12-23 22:34:04] [INFO] Verifying tests...
[2024-12-23 22:34:05] [INFO] Verifying tests...
[2024-12-23 22:34:06] [ERROR] Failed to generate coverage report
[2024-12-23 22:34:06] [WARN] Found 0
0 errors after iteration 3
[2024-12-23 22:34:06] [ERROR] Max iterations reached. Manual intervention required.
[2024-12-23 22:34:08] [ERROR] Invalid coverage percentage: 1105%
[2024-12-23 22:34:08] [WARN] Found 0
0 errors after iteration 1
[2024-12-23 22:34:14] [INFO] Updating metrics...
[2024-12-23 22:34:17] [INFO] Metrics updated successfully
[2024-12-23 22:34:17] [INFO] Verification and fix process completed successfully
[2024-12-23 22:35:09] [INFO] Starting verification and fix process...
[2024-12-23 22:35:09] [INFO] Starting verification iteration 1
[2024-12-23 22:35:09] [INFO] Verifying Python code...
[2024-12-23 22:35:11] [INFO] Verifying tests...
[2024-12-23 22:35:14] [ERROR] Invalid coverage percentage: 1105%
[2024-12-23 22:35:14] [WARN] Found 0
0 errors after iteration 1
[2024-12-23 22:35:16] [INFO] Starting verification and fix process...
[2024-12-23 22:35:16] [INFO] Starting verification iteration 1
[2024-12-23 22:35:16] [INFO] Verifying Python code...
[2024-12-23 22:35:19] [INFO] Verifying tests...
[2024-12-23 22:35:21] [INFO] Updating metrics...
[2024-12-23 22:35:21] [ERROR] Invalid coverage percentage: 1105%
[2024-12-23 22:35:21] [ERROR] Invalid coverage percentage: 1105%
[2024-12-23 22:35:21] [WARN] Found 0
0 errors after iteration 1
[2024-12-23 22:35:24] [INFO] Metrics updated successfully
[2024-12-23 22:35:24] [INFO] Verification and fix process completed successfully
[2024-12-23 22:35:28] [INFO] Updating metrics...
[2024-12-23 22:35:28] [ERROR] Invalid coverage percentage: 1105%
[2024-12-23 22:35:32] [INFO] Metrics updated successfully
[2024-12-23 22:35:32] [INFO] Verification and fix process completed successfully
[2024-12-23 22:36:26] [INFO] Starting verification and fix process...
[2024-12-23 22:36:26] [INFO] Starting verification iteration 1
[2024-12-23 22:36:26] [INFO] Verifying Python code...
[2024-12-23 22:36:29] [INFO] Verifying tests...
[2024-12-23 22:36:32] [WARN] Coverage below threshold: 0.00%
[2024-12-23 22:36:32] [INFO] Attempting to improve test coverage...
[2024-12-23 22:36:36] [INFO] Starting verification and fix process...
[2024-12-23 22:36:36] [INFO] Starting verification iteration 1
[2024-12-23 22:36:36] [INFO] Verifying Python code...
[2024-12-23 22:36:39] [WARN] Found 0
0 errors after iteration 1
[2024-12-23 22:36:39] [INFO] Verifying tests...
[2024-12-23 22:36:42] [WARN] Coverage below threshold: 0.00%
[2024-12-23 22:36:42] [INFO] Attempting to improve test coverage...
[2024-12-23 22:36:47] [INFO] Updating metrics...
[2024-12-23 22:36:50] [WARN] Found 0
0 errors after iteration 1
[2024-12-23 22:36:50] [INFO] Metrics updated successfully
[2024-12-23 22:36:50] [INFO] Verification and fix process completed successfully
[2024-12-23 22:36:57] [INFO] Updating metrics...
[2024-12-23 22:37:00] [INFO] Metrics updated successfully
[2024-12-23 22:37:00] [INFO] Verification and fix process completed successfully
[2024-12-23 22:37:16] [INFO] Starting verification and fix process...
[2024-12-23 22:37:16] [INFO] Starting verification iteration 1
[2024-12-23 22:37:16] [INFO] Verifying Python code...
[2024-12-23 22:37:19] [INFO] Verifying tests...
[2024-12-23 22:37:21] [WARN] Coverage below threshold: 0.00%
[2024-12-23 22:37:21] [INFO] Attempting to improve test coverage...
[2024-12-23 22:37:28] [WARN] Found 0
0 errors after iteration 1
[2024-12-23 22:37:35] [INFO] Updating metrics...
[2024-12-23 22:37:39] [INFO] Metrics updated successfully
[2024-12-23 22:37:39] [INFO] Verification and fix process completed successfully
[2024-12-23 22:38:52] [INFO] Starting verification and fix process...
[2024-12-23 22:38:52] [INFO] Starting verification iteration 1
[2024-12-23 22:38:52] [INFO] Verifying Python code...
[2024-12-23 22:38:55] [INFO] Verifying tests...
[2024-12-23 22:38:57] [ERROR] Failed to generate coverage report
[2024-12-23 22:38:57] [WARN] Found 0
0 errors after iteration 1
[2024-12-23 22:39:01] [INFO] Starting verification and fix process...
[2024-12-23 22:39:01] [INFO] Starting verification iteration 1
[2024-12-23 22:39:01] [INFO] Verifying Python code...
[2024-12-23 22:39:04] [INFO] Verifying tests...
[2024-12-23 22:39:04] [INFO] Updating metrics...
[2024-12-23 22:39:06] [ERROR] Failed to generate coverage report
[2024-12-23 22:39:06] [WARN] Found 0
0 errors after iteration 1
[2024-12-23 22:39:08] [INFO] Metrics updated successfully
[2024-12-23 22:39:08] [INFO] Verification and fix process completed successfully
[2024-12-23 22:39:14] [INFO] Updating metrics...
[2024-12-23 22:39:16] [INFO] Starting verification and fix process...
[2024-12-23 22:39:16] [INFO] Starting verification iteration 1
[2024-12-23 22:39:16] [INFO] Verifying Python code...
[2024-12-23 22:39:17] [INFO] Metrics updated successfully
[2024-12-23 22:39:17] [INFO] Verification and fix process completed successfully
[2024-12-23 22:39:19] [INFO] Verifying tests...
[2024-12-23 22:39:21] [ERROR] Failed to generate coverage report
[2024-12-23 22:39:21] [WARN] Found 0
0 errors after iteration 1
[2024-12-23 22:39:28] [INFO] Updating metrics...
[2024-12-23 22:39:32] [INFO] Metrics updated successfully
[2024-12-23 22:39:32] [INFO] Verification and fix process completed successfully
[2024-12-23 22:40:37] [INFO] Starting verification and fix process...
[2024-12-23 22:40:37] [INFO] Starting verification iteration 1
[2024-12-23 22:40:37] [INFO] Verifying Python code...
[2024-12-23 22:40:40] [INFO] Verifying tests...
[2024-12-23 22:40:42] [ERROR] Failed to generate coverage report
[2024-12-23 22:40:42] [WARN] Found 0
0 errors after iteration 1
[2024-12-23 22:40:45] [INFO] Starting verification and fix process...
[2024-12-23 22:40:45] [INFO] Starting verification iteration 1
[2024-12-23 22:40:45] [INFO] Verifying Python code...
[2024-12-23 22:40:46] [INFO] Updating metrics...
[2024-12-23 22:40:47] [INFO] Metrics updated successfully
[2024-12-23 22:40:47] [INFO] Verification and fix process completed successfully
[2024-12-23 22:40:48] [INFO] Verifying tests...
[2024-12-23 22:40:50] [ERROR] Failed to generate coverage report
[2024-12-23 22:40:50] [WARN] Found 0
0 errors after iteration 1
[2024-12-23 22:40:54] [INFO] Updating metrics...
[2024-12-23 22:40:55] [INFO] Metrics updated successfully
[2024-12-23 22:40:55] [INFO] Verification and fix process completed successfully
[2024-12-23 22:41:17] [INFO] Starting verification and fix process...
[2024-12-23 22:41:17] [INFO] Starting verification iteration 1
[2024-12-23 22:41:17] [INFO] Verifying Python code...
[2024-12-23 22:41:20] [INFO] Verifying tests...
[2024-12-23 22:41:21] [ERROR] Failed to generate coverage report
[2024-12-23 22:41:21] [WARN] Found 0
0 errors after iteration 1
[2024-12-23 22:41:26] [INFO] Updating metrics...
[2024-12-23 22:41:26] [INFO] Metrics updated successfully
[2024-12-23 22:41:26] [INFO] Verification and fix process completed successfully
[2024-12-23 22:41:28] [INFO] Starting verification and fix process...
[2024-12-23 22:41:28] [INFO] Starting verification iteration 1
[2024-12-23 22:41:28] [INFO] Verifying Python code...
[2024-12-23 22:41:31] [INFO] Verifying tests...
[2024-12-23 22:41:33] [ERROR] Failed to generate coverage report
[2024-12-23 22:41:33] [WARN] Found 0
0 errors after iteration 1
[2024-12-23 22:41:38] [INFO] Updating metrics...
[2024-12-23 22:41:38] [INFO] Metrics updated successfully
[2024-12-23 22:41:38] [INFO] Verification and fix process completed successfully
[2024-12-23 22:43:34] [INFO] Starting verification and fix process...
[2024-12-23 22:43:34] [INFO] Starting verification iteration 1
[2024-12-23 22:43:34] [INFO] Verifying Python code...
[2024-12-23 22:43:37] [INFO] Verifying tests...
[2024-12-23 22:43:39] [ERROR] Failed to generate coverage report
[2024-12-23 22:43:39] [WARN] Found 0
0 errors after iteration 1
[2024-12-23 22:43:43] [INFO] Updating metrics...
[2024-12-23 22:43:44] [INFO] Metrics updated successfully
[2024-12-23 22:43:44] [INFO] Verification and fix process completed successfully
[2024-12-23 22:44:01] [INFO] Starting verification and fix process...
[2024-12-23 22:44:01] [INFO] Starting verification iteration 1
[2024-12-23 22:44:01] [INFO] Verifying Python code...
[2024-12-23 22:44:04] [INFO] Verifying tests...
[2024-12-23 22:44:06] [ERROR] Failed to generate coverage report
[2024-12-23 22:44:06] [WARN] Found 0
0 errors after iteration 1
[2024-12-23 22:44:10] [INFO] Updating metrics...
[2024-12-23 22:44:11] [INFO] Metrics updated successfully
[2024-12-23 22:44:11] [INFO] Verification and fix process completed successfully
[2024-12-23 22:45:46] [INFO] Starting verification and fix process...
[2024-12-23 22:45:46] [INFO] Starting verification iteration 1
[2024-12-23 22:45:46] [INFO] Verifying Python code...
[2024-12-23 22:45:49] [INFO] Verifying tests...
[2024-12-23 22:45:51] [ERROR] Failed to generate coverage report
[2024-12-23 22:45:51] [WARN] Found 0
0 errors after iteration 1
[2024-12-23 22:45:56] [INFO] Updating metrics...
[2024-12-23 22:45:56] [INFO] Metrics updated successfully
[2024-12-23 22:45:56] [INFO] Verification and fix process completed successfully
[2024-12-23 22:52:14] [INFO] Starting verification and fix process...
[2024-12-23 22:52:14] [INFO] Starting verification iteration 1
[2024-12-23 22:52:14] [INFO] Verifying Python code...
[2024-12-23 22:52:17] [INFO] Verifying tests...
[2024-12-23 22:52:19] [ERROR] Failed to generate coverage report
[2024-12-23 22:52:19] [WARN] Found 0
0 errors after iteration 1
[2024-12-23 22:52:24] [INFO] Updating metrics...
[2024-12-23 22:52:24] [INFO] Metrics updated successfully
[2024-12-23 22:52:24] [INFO] Verification and fix process completed successfully
[2024-12-23 22:52:31] [INFO] Starting verification and fix process...
[2024-12-23 22:52:31] [INFO] Starting verification iteration 1
[2024-12-23 22:52:31] [INFO] Verifying Python code...
[2024-12-23 22:52:34] [INFO] Verifying tests...
[2024-12-23 22:52:36] [ERROR] Failed to generate coverage report
[2024-12-23 22:52:36] [WARN] Found 0
0 errors after iteration 1
[2024-12-23 22:52:41] [INFO] Updating metrics...
[2024-12-23 22:52:41] [INFO] Metrics updated successfully
[2024-12-23 22:52:41] [INFO] Verification and fix process completed successfully
[2024-12-23 22:54:06] [INFO] Starting verification and fix process...
[2024-12-23 22:54:06] [INFO] Starting verification iteration 1
[2024-12-23 22:54:06] [INFO] Verifying Python code...
[2024-12-23 22:54:09] [INFO] Verifying tests...
[2024-12-23 22:54:11] [ERROR] Failed to generate coverage report
[2024-12-23 22:54:11] [WARN] Found 0
0 errors after iteration 1
[2024-12-23 22:54:12] [INFO] Starting verification and fix process...
[2024-12-23 22:54:12] [INFO] Starting verification iteration 1
[2024-12-23 22:54:12] [INFO] Verifying Python code...
[2024-12-23 22:54:15] [INFO] Verifying tests...
[2024-12-23 22:54:16] [INFO] Updating metrics...
[2024-12-23 22:54:16] [INFO] Metrics updated successfully
[2024-12-23 22:54:16] [INFO] Verification and fix process completed successfully
[2024-12-23 22:54:17] [ERROR] Failed to generate coverage report
[2024-12-23 22:54:26] [INFO] Starting verification and fix process...
[2024-12-23 22:54:27] [INFO] Starting verification iteration 1
[2024-12-23 22:54:27] [INFO] Verifying Python code...
[2024-12-23 22:54:31] [INFO] Verifying tests...
[2024-12-23 22:54:34] [ERROR] Failed to generate coverage report
[2024-12-23 22:54:34] [WARN] Found 0
0 errors after iteration 1
[2024-12-23 22:54:40] [INFO] Updating metrics...
[2024-12-23 22:54:41] [INFO] Metrics updated successfully
[2024-12-23 22:54:41] [INFO] Verification and fix process completed successfully
[2024-12-23 22:54:50] [INFO] Starting verification and fix process...
[2024-12-23 22:54:50] [INFO] Starting verification iteration 1
[2024-12-23 22:54:50] [INFO] Verifying Python code...
[2024-12-23 22:54:54] [INFO] Verifying tests...
[2024-12-23 22:54:56] [ERROR] Failed to generate coverage report
[2024-12-23 22:54:56] [WARN] Found 0
0 errors after iteration 1
[2024-12-23 22:55:01] [INFO] Updating metrics...
[2024-12-23 22:55:02] [INFO] Metrics updated successfully
[2024-12-23 22:55:02] [INFO] Verification and fix process completed successfully
[2024-12-23 22:56:17] [INFO] Starting verification and fix process...
[2024-12-23 22:56:17] [INFO] Starting verification iteration 1
[2024-12-23 22:56:17] [INFO] Verifying Python code...
[2024-12-23 22:56:20] [INFO] Verifying tests...
[2024-12-23 22:56:22] [ERROR] Failed to generate coverage report
[2024-12-23 22:56:22] [WARN] Found 0
0 errors after iteration 1
[2024-12-23 22:56:53] [INFO] Starting verification and fix process...
[2024-12-23 22:56:53] [INFO] Starting verification iteration 1
[2024-12-23 22:56:53] [INFO] Verifying Python code...
[2024-12-23 22:56:54] [INFO] Starting verification and fix process...
[2024-12-23 22:56:54] [INFO] Starting verification iteration 1
[2024-12-23 22:56:54] [INFO] Verifying Python code...
[2024-12-23 22:56:57] [INFO] Verifying tests...
[2024-12-23 22:56:57] [INFO] Verifying tests...
[2024-12-23 22:56:59] [ERROR] Failed to generate coverage report
[2024-12-23 22:56:59] [WARN] Found 0
0 errors after iteration 1
[2024-12-23 22:56:59] [ERROR] Failed to generate coverage report
[2024-12-23 22:56:59] [WARN] Found 0
0 errors after iteration 1
[2024-12-23 22:57:03] [INFO] Updating metrics...
[2024-12-23 22:57:04] [INFO] Updating metrics...
[2024-12-23 22:57:04] [INFO] Metrics updated successfully
[2024-12-23 22:57:04] [INFO] Verification and fix process completed successfully
[2024-12-23 22:57:04] [INFO] Metrics updated successfully
[2024-12-23 22:57:04] [INFO] Verification and fix process completed successfully
[2024-12-23 22:58:03] [INFO] Starting verification and fix process...
[2024-12-23 22:58:03] [INFO] Starting verification iteration 1
[2024-12-23 22:58:03] [INFO] Verifying Python code...
[2024-12-23 22:58:06] [INFO] Verifying tests...
[2024-12-23 22:58:08] [ERROR] Failed to generate coverage report
[2024-12-23 22:58:08] [WARN] Found 0
0 errors after iteration 1
[2024-12-23 22:58:12] [INFO] Updating metrics...
[2024-12-23 22:58:13] [INFO] Metrics updated successfully
[2024-12-23 22:58:13] [INFO] Verification and fix process completed successfully
[2024-12-23 23:00:22] [INFO] Starting verification and fix process...
[2024-12-23 23:00:22] [INFO] Starting verification iteration 1
[2024-12-23 23:00:22] [INFO] Verifying Python code...
[2024-12-23 23:00:25] [INFO] Verifying tests...
[2024-12-23 23:00:27] [ERROR] Failed to generate coverage report
[2024-12-23 23:00:27] [WARN] Found 0
0 errors after iteration 1
[2024-12-23 23:00:31] [INFO] Updating metrics...
[2024-12-23 23:00:32] [INFO] Metrics updated successfully
[2024-12-23 23:00:32] [INFO] Verification and fix process completed successfully
[2024-12-23 23:01:05] [INFO] Starting verification and fix process...
[2024-12-23 23:01:05] [INFO] Starting verification iteration 1
[2024-12-23 23:01:05] [INFO] Verifying Python code...
[2024-12-23 23:01:08] [INFO] Verifying tests...
[2024-12-23 23:01:10] [ERROR] Failed to generate coverage report
[2024-12-23 23:01:10] [WARN] Found 0
0 errors after iteration 1
[2024-12-23 23:01:14] [INFO] Updating metrics...
[2024-12-23 23:01:14] [INFO] Metrics updated successfully
[2024-12-23 23:01:14] [INFO] Verification and fix process completed successfully
[2024-12-23 23:03:19] [INFO] Starting verification and fix process...
[2024-12-23 23:03:19] [INFO] Starting verification iteration 1
[2024-12-23 23:03:19] [INFO] Verifying Python code...
[2024-12-23 23:03:22] [INFO] Verifying tests...
[2024-12-23 23:03:24] [ERROR] Failed to generate coverage report
[2024-12-23 23:03:24] [WARN] Found 0
0 errors after iteration 1
[2024-12-23 23:03:29] [INFO] Updating metrics...
[2024-12-23 23:03:29] [INFO] Metrics updated successfully
[2024-12-23 23:03:29] [INFO] Verification and fix process completed successfully
[2024-12-23 23:05:34] [INFO] Starting verification and fix process...
[2024-12-23 23:05:34] [INFO] Starting verification iteration 1
[2024-12-23 23:05:34] [INFO] Verifying Python code...
[2024-12-23 23:05:37] [INFO] Verifying tests...
[2024-12-23 23:05:39] [ERROR] Failed to generate coverage report
[2024-12-23 23:05:39] [WARN] Found 0
0 errors after iteration 1
[2024-12-23 23:05:43] [INFO] Updating metrics...
[2024-12-23 23:05:44] [INFO] Metrics updated successfully
[2024-12-23 23:05:44] [INFO] Verification and fix process completed successfully
[2024-12-23 23:07:49] [INFO] Starting verification and fix process...
[2024-12-23 23:07:49] [INFO] Starting verification iteration 1
[2024-12-23 23:07:49] [INFO] Verifying Python code...
[2024-12-23 23:07:52] [INFO] Verifying tests...
[2024-12-23 23:07:54] [ERROR] Failed to generate coverage report
[2024-12-23 23:07:54] [WARN] Found 0
0 errors after iteration 1
[2024-12-23 23:07:58] [INFO] Updating metrics...
[2024-12-23 23:07:58] [INFO] Metrics updated successfully
[2024-12-23 23:07:58] [INFO] Verification and fix process completed successfully
[2024-12-23 23:10:03] [INFO] Starting verification and fix process...
[2024-12-23 23:10:03] [INFO] Starting verification iteration 1
[2024-12-23 23:10:03] [INFO] Verifying Python code...
[2024-12-23 23:10:06] [INFO] Verifying tests...
[2024-12-23 23:10:08] [ERROR] Failed to generate coverage report
[2024-12-23 23:10:08] [WARN] Found 0
0 errors after iteration 1
[2024-12-23 23:10:12] [INFO] Updating metrics...
[2024-12-23 23:10:12] [INFO] Syncing with GitHub...
[2024-12-23 23:10:12] [ERROR] Failed to sync with GitHub
[2024-12-23 23:10:12] [INFO] Verification and fix process completed successfully
[2024-12-23 23:12:17] [INFO] Starting verification and fix process...
[2024-12-23 23:12:17] [INFO] Starting verification iteration 1
[2024-12-23 23:12:17] [INFO] Verifying Python code...
[2024-12-23 23:12:20] [INFO] Verifying tests...
[2024-12-23 23:12:22] [ERROR] Failed to generate coverage report
[2024-12-23 23:12:22] [WARN] Found 0
0 errors after iteration 1
[2024-12-23 23:12:26] [INFO] Updating metrics...
[2024-12-23 23:12:27] [INFO] Syncing with GitHub...
[2024-12-23 23:12:27] [ERROR] Failed to sync with GitHub
[2024-12-23 23:12:27] [INFO] Verification and fix process completed successfully
[2024-12-23 23:15:26] [INFO] Starting verification and fix process...
[2024-12-23 23:15:26] [INFO] Starting verification iteration 1
[2024-12-23 23:15:26] [INFO] Verifying Python code...
[2024-12-23 23:15:29] [INFO] Verifying tests...
[2024-12-23 23:15:31] [ERROR] Failed to generate coverage report
[2024-12-23 23:15:31] [WARN] Found 0
0 errors after iteration 1
[2024-12-23 23:15:36] [INFO] Updating metrics...
[2024-12-23 23:15:36] [INFO] Syncing with GitHub...
[2024-12-23 23:15:36] [ERROR] Failed to sync with GitHub
[2024-12-23 23:15:36] [INFO] Verification and fix process completed successfully
[2024-12-23 23:16:32] [INFO] Starting verification and fix process...
[2024-12-23 23:16:32] [INFO] Starting verification iteration 1
[2024-12-23 23:16:32] [INFO] Verifying Python code...
[2024-12-23 23:16:35] [INFO] Verifying tests...
[2024-12-23 23:16:37] [ERROR] Failed to generate coverage report
[2024-12-23 23:16:37] [WARN] Found 0
0 errors after iteration 1
[2024-12-23 23:16:41] [INFO] Updating metrics...
[2024-12-23 23:16:42] [INFO] Syncing with GitHub...
[2024-12-23 23:18:06] [INFO] Starting verification and fix process...
[2024-12-23 23:18:06] [INFO] Starting verification iteration 1
[2024-12-23 23:18:06] [INFO] Verifying Python code...
[2024-12-23 23:18:09] [INFO] Verifying tests...
[2024-12-23 23:18:11] [ERROR] Failed to generate coverage report
[2024-12-23 23:18:11] [WARN] Found 0
0 errors after iteration 1
[2024-12-23 23:18:16] [INFO] Updating metrics...
[2024-12-23 23:18:17] [INFO] Syncing with GitHub...
[2024-12-23 23:18:21] [INFO] Metrics updated successfully
[2024-12-23 23:18:21] [INFO] Verification and fix process completed successfully
[2024-12-23 23:18:33] [INFO] Starting verification and fix process...
[2024-12-23 23:18:33] [INFO] Starting verification iteration 1
[2024-12-23 23:18:33] [INFO] Verifying Python code...
[2024-12-23 23:18:36] [INFO] Verifying tests...
[2024-12-23 23:18:38] [ERROR] Failed to generate coverage report
[2024-12-23 23:18:38] [WARN] Found 0
0 errors after iteration 1
[2024-12-23 23:18:43] [INFO] Updating metrics...
[2024-12-23 23:18:43] [INFO] Syncing with GitHub...
[2024-12-23 23:18:47] [INFO] Metrics updated successfully
[2024-12-23 23:18:47] [INFO] Verification and fix process completed successfully
[2024-12-23 23:21:33] [INFO] Starting verification and fix process...
[2024-12-23 23:21:33] [INFO] Starting verification iteration 1
[2024-12-23 23:21:33] [INFO] Verifying Python code...
[2024-12-23 23:21:36] [INFO] Verifying tests...
[2024-12-23 23:21:39] [ERROR] Failed to generate coverage report
[2024-12-23 23:21:39] [WARN] Found 0
0 errors after iteration 1
[2024-12-23 23:21:45] [INFO] Updating metrics...
[2024-12-23 23:21:45] [INFO] Syncing with GitHub...
[2024-12-23 23:21:50] [INFO] Metrics updated successfully
[2024-12-23 23:21:50] [INFO] Verification and fix process completed successfully
[2024-12-23 23:22:02] [INFO] Starting verification and fix process...
[2024-12-23 23:22:02] [INFO] Starting verification iteration 1
[2024-12-23 23:22:02] [INFO] Verifying Python code...
[2024-12-23 23:22:06] [INFO] Verifying tests...
[2024-12-23 23:22:09] [ERROR] Failed to generate coverage report
[2024-12-23 23:22:09] [WARN] Found 0
0 errors after iteration 1
[2024-12-23 23:22:14] [INFO] Updating metrics...
[2024-12-23 23:22:14] [INFO] Syncing with GitHub...
[2024-12-23 23:22:18] [INFO] Metrics updated successfully
[2024-12-23 23:22:18] [INFO] Verification and fix process completed successfully
[2024-12-24 14:12:49] [INFO] Starting verification and fix process...
[2024-12-24 14:12:49] [INFO] Starting verification iteration 1
[2024-12-24 14:12:49] [INFO] Verifying Python code...
[2024-12-24 14:12:53] [INFO] Verifying tests...
[2024-12-24 14:12:56] [ERROR] Tests failed
[2024-12-24 14:12:56] [INFO] Attempting to fix test failures...
[2024-12-24 14:13:04] [WARN] Found 0
0 errors after iteration 1
[2024-12-24 14:13:10] [INFO] Updating metrics...
[2024-12-24 14:13:11] [INFO] Syncing with GitHub...
[2024-12-24 14:13:15] [INFO] Metrics updated successfully
[2024-12-24 14:13:15] [INFO] Verification and fix process completed successfully
[2024-12-27 03:13:57] [INFO] Starting verification and fix process...
[2024-12-27 03:13:57] [INFO] Starting verification iteration 1
[2024-12-27 03:13:57] [INFO] Verifying Python code...
[2024-12-27 03:14:00] [INFO] Verifying tests...
